2001.03.16 09:31 B C:\InetPub\wwwroot\Temp Wahrs\HRS\webstats\_vti_cnf\collall.gif <-- Brinkster /blrrfh/webroot/HRS/webstats/_vti_cnf collall.gif
2001.03.16 09:31 B C:\InetPub\wwwroot\Temp Wahrs\HRS\webstats\_vti_cnf\default.HTM <-- Brinkster /blrrfh/webroot/HRS/webstats/_vti_cnf default.HTM
2001.03.16 09:31 B C:\InetPub\wwwroot\Temp Wahrs\HRS\webstats\_vti_cnf\default00.gif <-- Brinkster /blrrfh/webroot/HRS/webstats/_vti_cnf default00.gif
2001.03.16 09:31 B C:\InetPub\wwwroot\Temp Wahrs\HRS\webstats\_vti_cnf\default01.gif <-- Brinkster /blrrfh/webroot/HRS/webstats/_vti_cnf default01.gif
2001.03.16 09:32 B C:\InetPub\wwwroot\Temp Wahrs\HRS\webstats\_vti_cnf\default02.gif <-- Brinkster /blrrfh/webroot/HRS/webstats/_vti_cnf default02.gif
2001.03.16 09:32 B C:\InetPub\wwwroot\Temp Wahrs\HRS\webstats\_vti_cnf\default03.gif <-- Brinkster /blrrfh/webroot/HRS/webstats/_vti_cnf default03.gif
2001.03.16 09:32 B C:\InetPub\wwwroot\Temp Wahrs\HRS\webstats\_vti_cnf\default04.gif <-- Brinkster /blrrfh/webroot/HRS/webstats/_vti_cnf default04.gif
2001.03.16 09:32 B C:\InetPub\wwwroot\Temp Wahrs\HRS\webstats\_vti_cnf\default05.gif <-- Brinkster /blrrfh/webroot/HRS/webstats/_vti_cnf default05.gif
2001.03.16 09:32 B C:\InetPub\wwwroot\Temp Wahrs\HRS\webstats\_vti_cnf\default06.gif <-- Brinkster /blrrfh/webroot/HRS/webstats/_vti_cnf default06.gif
2001.03.16 09:32 B C:\InetPub\wwwroot\Temp Wahrs\HRS\webstats\_vti_cnf\default07.gif <-- Brinkster /blrrfh/webroot/HRS/webstats/_vti_cnf default07.gif
2001.03.16 09:32 B C:\InetPub\wwwroot\Temp Wahrs\HRS\webstats\_vti_cnf\default08.gif <-- Brinkster /blrrfh/webroot/HRS/webstats/_vti_cnf default08.gif
2001.03.16 09:32 B C:\InetPub\wwwroot\Temp Wahrs\HRS\webstats\_vti_cnf\default09.gif <-- Brinkster /blrrfh/webroot/HRS/webstats/_vti_cnf default09.gif
2001.03.16 09:32 B C:\InetPub\wwwroot\Temp Wahrs\HRS\webstats\_vti_cnf\default10.gif <-- Brinkster /blrrfh/webroot/HRS/webstats/_vti_cnf default10.gif
2001.03.16 09:32 B C:\InetPub\wwwroot\Temp Wahrs\HRS\webstats\_vti_cnf\default11.gif <-- Brinkster /blrrfh/webroot/HRS/webstats/_vti_cnf default11.gif
2001.03.16 09:32 B C:\InetPub\wwwroot\Temp Wahrs\HRS\webstats\_vti_cnf\default12.gif <-- Brinkster /blrrfh/webroot/HRS/webstats/_vti_cnf default12.gif
2001.03.16 09:32 B C:\InetPub\wwwroot\Temp Wahrs\HRS\webstats\_vti_cnf\default13.gif <-- Brinkster /blrrfh/webroot/HRS/webstats/_vti_cnf default13.gif
2001.03.16 09:32 B C:\InetPub\wwwroot\Temp Wahrs\HRS\webstats\_vti_cnf\default14.gif <-- Brinkster /blrrfh/webroot/HRS/webstats/_vti_cnf default14.gif
2001.03.16 09:32 B C:\InetPub\wwwroot\Temp Wahrs\HRS\webstats\_vti_cnf\default15.gif <-- Brinkster /blrrfh/webroot/HRS/webstats/_vti_cnf default15.gif
2001.03.16 09:32 B C:\InetPub\wwwroot\Temp Wahrs\HRS\webstats\_vti_cnf\default16.gif <-- Brinkster /blrrfh/webroot/HRS/webstats/_vti_cnf default16.gif
2001.03.16 09:32 B C:\InetPub\wwwroot\Temp Wahrs\HRS\webstats\_vti_cnf\default17.gif <-- Brinkster /blrrfh/webroot/HRS/webstats/_vti_cnf default17.gif
2001.03.16 09:32 B C:\InetPub\wwwroot\Temp Wahrs\HRS\webstats\_vti_cnf\default18.gif <-- Brinkster /blrrfh/webroot/HRS/webstats/_vti_cnf default18.gif
2001.03.16 09:32 B C:\InetPub\wwwroot\Temp Wahrs\HRS\webstats\_vti_cnf\default19.gif <-- Brinkster /blrrfh/webroot/HRS/webstats/_vti_cnf default19.gif
2001.03.16 09:32 B C:\InetPub\wwwroot\Temp Wahrs\HRS\webstats\_vti_cnf\default20.gif <-- Brinkster /blrrfh/webroot/HRS/webstats/_vti_cnf default20.gif
2001.03.16 09:32 B C:\InetPub\wwwroot\Temp Wahrs\HRS\webstats\_vti_cnf\default21.gif <-- Brinkster /blrrfh/webroot/HRS/webstats/_vti_cnf default21.gif
2001.03.16 09:32 B C:\InetPub\wwwroot\Temp Wahrs\HRS\webstats\_vti_cnf\default22.gif <-- Brinkster /blrrfh/webroot/HRS/webstats/_vti_cnf default22.gif
2001.03.16 09:32 B C:\InetPub\wwwroot\Temp Wahrs\HRS\webstats\_vti_cnf\default23.gif <-- Brinkster /blrrfh/webroot/HRS/webstats/_vti_cnf default23.gif
2001.03.16 09:32 B C:\InetPub\wwwroot\Temp Wahrs\HRS\webstats\_vti_cnf\default24.gif <-- Brinkster /blrrfh/webroot/HRS/webstats/_vti_cnf default24.gif
2001.03.16 09:32 B C:\InetPub\wwwroot\Temp Wahrs\HRS\webstats\_vti_cnf\default25.gif <-- Brinkster /blrrfh/webroot/HRS/webstats/_vti_cnf default25.gif
2001.03.16 09:32 B C:\InetPub\wwwroot\Temp Wahrs\HRS\webstats\_vti_cnf\default26.gif <-- Brinkster /blrrfh/webroot/HRS/webstats/_vti_cnf default26.gif
2001.03.16 09:32 B C:\InetPub\wwwroot\Temp Wahrs\HRS\webstats\_vti_cnf\default27.gif <-- Brinkster /blrrfh/webroot/HRS/webstats/_vti_cnf default27.gif
2001.03.16 09:32 B C:\InetPub\wwwroot\Temp Wahrs\HRS\webstats\_vti_cnf\default28.gif <-- Brinkster /blrrfh/webroot/HRS/webstats/_vti_cnf default28.gif
2001.03.16 09:32 B C:\InetPub\wwwroot\Temp Wahrs\HRS\webstats\_vti_cnf\default29.gif <-- Brinkster /blrrfh/webroot/HRS/webstats/_vti_cnf default29.gif
2001.03.16 09:32 B C:\InetPub\wwwroot\Temp Wahrs\HRS\webstats\_vti_cnf\default30.gif <-- Brinkster /blrrfh/webroot/HRS/webstats/_vti_cnf default30.gif
2001.03.16 09:32 B C:\InetPub\wwwroot\Temp Wahrs\HRS\webstats\_vti_cnf\default_01_b.HTM <-- Brinkster /blrrfh/webroot/HRS/webstats/_vti_cnf default_01_b.HTM
2001.03.16 09:32 B C:\InetPub\wwwroot\Temp Wahrs\HRS\webstats\_vti_cnf\default_b.htm <-- Brinkster /blrrfh/webroot/HRS/webstats/_vti_cnf default_b.htm
2001.03.16 09:32 B C:\InetPub\wwwroot\Temp Wahrs\HRS\webstats\_vti_cnf\default_t.htm <-- Brinkster /blrrfh/webroot/HRS/webstats/_vti_cnf default_t.htm
2001.03.16 09:32 B C:\InetPub\wwwroot\Temp Wahrs\HRS\webstats\_vti_cnf\expall.gif <-- Brinkster /blrrfh/webroot/HRS/webstats/_vti_cnf expall.gif
2001.03.16 09:32 B C:\InetPub\wwwroot\Temp Wahrs\HRS\webstats\_vti_cnf\false.gif <-- Brinkster /blrrfh/webroot/HRS/webstats/_vti_cnf false.gif
2001.03.16 09:32 B C:\InetPub\wwwroot\Temp Wahrs\HRS\webstats\_vti_cnf\loganlz.gif <-- Brinkster /blrrfh/webroot/HRS/webstats/_vti_cnf loganlz.gif
2001.03.16 09:33 B C:\InetPub\wwwroot\Temp Wahrs\HRS\webstats\_vti_cnf\tocarw.gif <-- Brinkster /blrrfh/webroot/HRS/webstats/_vti_cnf tocarw.gif
2001.03.16 09:33 B C:\InetPub\wwwroot\Temp Wahrs\HRS\webstats\_vti_cnf\tocclr.gif <-- Brinkster /blrrfh/webroot/HRS/webstats/_vti_cnf tocclr.gif
2001.03.16 09:33 B C:\InetPub\wwwroot\Temp Wahrs\HRS\webstats\_vti_cnf\tocsel.gif <-- Brinkster /blrrfh/webroot/HRS/webstats/_vti_cnf tocsel.gif
2001.03.16 09:33 B C:\InetPub\wwwroot\Temp Wahrs\HRS\webstats\_vti_cnf\true.gif <-- Brinkster /blrrfh/webroot/HRS/webstats/_vti_cnf true.gif
2001.03.16 09:33 B C:\InetPub\wwwroot\Temp Wahrs\HRS\webstats\_vti_cnf\wtlogoss.gif <-- Brinkster /blrrfh/webroot/HRS/webstats/_vti_cnf wtlogoss.gif
2001.03.16 14:27 B C:\InetPub\wwwroot\Temp Wahrs\HRS\webstats\_vti_cnf\collall.gif --> ftp4.brinkster.com /washhrs/webroot/webstats/_vti_cnf collall.gif
2001.03.16 14:27 B C:\InetPub\wwwroot\Temp Wahrs\HRS\webstats\_vti_cnf\default.HTM --> ftp4.brinkster.com /washhrs/webroot/webstats/_vti_cnf default.HTM
2001.03.16 14:27 B C:\InetPub\wwwroot\Temp Wahrs\HRS\webstats\_vti_cnf\default00.gif --> ftp4.brinkster.com /washhrs/webroot/webstats/_vti_cnf default00.gif
2001.03.16 14:27 B C:\InetPub\wwwroot\Temp Wahrs\HRS\webstats\_vti_cnf\default01.gif --> ftp4.brinkster.com /washhrs/webroot/webstats/_vti_cnf default01.gif
2001.03.16 14:27 B C:\InetPub\wwwroot\Temp Wahrs\HRS\webstats\_vti_cnf\default02.gif --> ftp4.brinkster.com /washhrs/webroot/webstats/_vti_cnf default02.gif
2001.03.16 14:27 B C:\InetPub\wwwroot\Temp Wahrs\HRS\webstats\_vti_cnf\default03.gif --> ftp4.brinkster.com /washhrs/webroot/webstats/_vti_cnf default03.gif
2001.03.16 14:27 B C:\InetPub\wwwroot\Temp Wahrs\HRS\webstats\_vti_cnf\default04.gif --> ftp4.brinkster.com /washhrs/webroot/webstats/_vti_cnf default04.gif
2001.03.16 14:27 B C:\InetPub\wwwroot\Temp Wahrs\HRS\webstats\_vti_cnf\default05.gif --> ftp4.brinkster.com /washhrs/webroot/webstats/_vti_cnf default05.gif
2001.03.16 14:27 B C:\InetPub\wwwroot\Temp Wahrs\HRS\webstats\_vti_cnf\default06.gif --> ftp4.brinkster.com /washhrs/webroot/webstats/_vti_cnf default06.gif
2001.03.16 14:27 B C:\InetPub\wwwroot\Temp Wahrs\HRS\webstats\_vti_cnf\default07.gif --> ftp4.brinkster.com /washhrs/webroot/webstats/_vti_cnf default07.gif
2001.03.16 14:28 B C:\InetPub\wwwroot\Temp Wahrs\HRS\webstats\_vti_cnf\default08.gif --> ftp4.brinkster.com /washhrs/webroot/webstats/_vti_cnf default08.gif
2001.03.16 14:28 B C:\InetPub\wwwroot\Temp Wahrs\HRS\webstats\_vti_cnf\default09.gif --> ftp4.brinkster.com /washhrs/webroot/webstats/_vti_cnf default09.gif
2001.03.16 14:28 B C:\InetPub\wwwroot\Temp Wahrs\HRS\webstats\_vti_cnf\default10.gif --> ftp4.brinkster.com /washhrs/webroot/webstats/_vti_cnf default10.gif
2001.03.16 14:28 B C:\InetPub\wwwroot\Temp Wahrs\HRS\webstats\_vti_cnf\default11.gif --> ftp4.brinkster.com /washhrs/webroot/webstats/_vti_cnf default11.gif
2001.03.16 14:28 B C:\InetPub\wwwroot\Temp Wahrs\HRS\webstats\_vti_cnf\default12.gif --> ftp4.brinkster.com /washhrs/webroot/webstats/_vti_cnf default12.gif
2001.03.16 14:28 B C:\InetPub\wwwroot\Temp Wahrs\HRS\webstats\_vti_cnf\default13.gif --> ftp4.brinkster.com /washhrs/webroot/webstats/_vti_cnf default13.gif
2001.03.16 14:28 B C:\InetPub\wwwroot\Temp Wahrs\HRS\webstats\_vti_cnf\default14.gif --> ftp4.brinkster.com /washhrs/webroot/webstats/_vti_cnf default14.gif
2001.03.16 14:28 B C:\InetPub\wwwroot\Temp Wahrs\HRS\webstats\_vti_cnf\default15.gif --> ftp4.brinkster.com /washhrs/webroot/webstats/_vti_cnf default15.gif
2001.03.16 14:28 B C:\InetPub\wwwroot\Temp Wahrs\HRS\webstats\_vti_cnf\default16.gif --> ftp4.brinkster.com /washhrs/webroot/webstats/_vti_cnf default16.gif
2001.03.16 14:28 B C:\InetPub\wwwroot\Temp Wahrs\HRS\webstats\_vti_cnf\default17.gif --> ftp4.brinkster.com /washhrs/webroot/webstats/_vti_cnf default17.gif
2001.03.16 14:28 B C:\InetPub\wwwroot\Temp Wahrs\HRS\webstats\_vti_cnf\default18.gif --> ftp4.brinkster.com /washhrs/webroot/webstats/_vti_cnf default18.gif
2001.03.16 14:28 B C:\InetPub\wwwroot\Temp Wahrs\HRS\webstats\_vti_cnf\default19.gif --> ftp4.brinkster.com /washhrs/webroot/webstats/_vti_cnf default19.gif
2001.03.16 14:28 B C:\InetPub\wwwroot\Temp Wahrs\HRS\webstats\_vti_cnf\default20.gif --> ftp4.brinkster.com /washhrs/webroot/webstats/_vti_cnf default20.gif
2001.03.16 14:28 B C:\InetPub\wwwroot\Temp Wahrs\HRS\webstats\_vti_cnf\default21.gif --> ftp4.brinkster.com /washhrs/webroot/webstats/_vti_cnf default21.gif
2001.03.16 14:28 B C:\InetPub\wwwroot\Temp Wahrs\HRS\webstats\_vti_cnf\default22.gif --> ftp4.brinkster.com /washhrs/webroot/webstats/_vti_cnf default22.gif
2001.03.16 14:28 B C:\InetPub\wwwroot\Temp Wahrs\HRS\webstats\_vti_cnf\default23.gif --> ftp4.brinkster.com /washhrs/webroot/webstats/_vti_cnf default23.gif
2001.03.16 14:28 B C:\InetPub\wwwroot\Temp Wahrs\HRS\webstats\_vti_cnf\default24.gif --> ftp4.brinkster.com /washhrs/webroot/webstats/_vti_cnf default24.gif
2001.03.16 14:28 B C:\InetPub\wwwroot\Temp Wahrs\HRS\webstats\_vti_cnf\default25.gif --> ftp4.brinkster.com /washhrs/webroot/webstats/_vti_cnf default25.gif
2001.03.16 14:28 B C:\InetPub\wwwroot\Temp Wahrs\HRS\webstats\_vti_cnf\default26.gif --> ftp4.brinkster.com /washhrs/webroot/webstats/_vti_cnf default26.gif
2001.03.16 14:28 B C:\InetPub\wwwroot\Temp Wahrs\HRS\webstats\_vti_cnf\default27.gif --> ftp4.brinkster.com /washhrs/webroot/webstats/_vti_cnf default27.gif
2001.03.16 14:28 B C:\InetPub\wwwroot\Temp Wahrs\HRS\webstats\_vti_cnf\default28.gif --> ftp4.brinkster.com /washhrs/webroot/webstats/_vti_cnf default28.gif
2001.03.16 14:28 B C:\InetPub\wwwroot\Temp Wahrs\HRS\webstats\_vti_cnf\default29.gif --> ftp4.brinkster.com /washhrs/webroot/webstats/_vti_cnf default29.gif
2001.03.16 14:28 B C:\InetPub\wwwroot\Temp Wahrs\HRS\webstats\_vti_cnf\default30.gif --> ftp4.brinkster.com /washhrs/webroot/webstats/_vti_cnf default30.gif
2001.03.16 14:28 B C:\InetPub\wwwroot\Temp Wahrs\HRS\webstats\_vti_cnf\default_01_b.HTM --> ftp4.brinkster.com /washhrs/webroot/webstats/_vti_cnf default_01_b.HTM
2001.03.16 14:28 B C:\InetPub\wwwroot\Temp Wahrs\HRS\webstats\_vti_cnf\default_b.htm --> ftp4.brinkster.com /washhrs/webroot/webstats/_vti_cnf default_b.htm
2001.03.16 14:28 B C:\InetPub\wwwroot\Temp Wahrs\HRS\webstats\_vti_cnf\default_t.htm --> ftp4.brinkster.com /washhrs/webroot/webstats/_vti_cnf default_t.htm
2001.03.16 14:28 B C:\InetPub\wwwroot\Temp Wahrs\HRS\webstats\_vti_cnf\expall.gif --> ftp4.brinkster.com /washhrs/webroot/webstats/_vti_cnf expall.gif
2001.03.16 14:28 B C:\InetPub\wwwroot\Temp Wahrs\HRS\webstats\_vti_cnf\false.gif --> ftp4.brinkster.com /washhrs/webroot/webstats/_vti_cnf false.gif
2001.03.16 14:28 B C:\InetPub\wwwroot\Temp Wahrs\HRS\webstats\_vti_cnf\loganlz.gif --> ftp4.brinkster.com /washhrs/webroot/webstats/_vti_cnf loganlz.gif
2001.03.16 14:28 B C:\InetPub\wwwroot\Temp Wahrs\HRS\webstats\_vti_cnf\tocarw.gif --> ftp4.brinkster.com /washhrs/webroot/webstats/_vti_cnf tocarw.gif
2001.03.16 14:28 B C:\InetPub\wwwroot\Temp Wahrs\HRS\webstats\_vti_cnf\tocclr.gif --> ftp4.brinkster.com /washhrs/webroot/webstats/_vti_cnf tocclr.gif
2001.03.16 14:28 B C:\InetPub\wwwroot\Temp Wahrs\HRS\webstats\_vti_cnf\tocsel.gif --> ftp4.brinkster.com /washhrs/webroot/webstats/_vti_cnf tocsel.gif
2001.03.16 14:28 B C:\InetPub\wwwroot\Temp Wahrs\HRS\webstats\_vti_cnf\true.gif --> ftp4.brinkster.com /washhrs/webroot/webstats/_vti_cnf true.gif
2002.09.29 18:42 B c:\winisp xfer-WASHHRS\webroot\webstats\_vti_cnf\WS_FTP.LOG <-- Brinkster Washhrs /washhrs/webroot/webstats/_vti_cnf WS_FTP.LOG
2002.09.29 18:42 B c:\winisp xfer-WASHHRS\webroot\webstats\_vti_cnf\wtlogoss.gif <-- Brinkster Washhrs /washhrs/webroot/webstats/_vti_cnf wtlogoss.gif
2002.09.29 22:11 B c:\winisp xfer-WASHHRS\webroot\webstats\_vti_cnf\collall.gif --> ftp.winisp.net /WASHHRS/webroot/webstats/_vti_cnf collall.gif
2002.09.29 22:11 B c:\winisp xfer-WASHHRS\webroot\webstats\_vti_cnf\default.HTM --> ftp.winisp.net /WASHHRS/webroot/webstats/_vti_cnf default.HTM
2002.09.29 22:11 B c:\winisp xfer-WASHHRS\webroot\webstats\_vti_cnf\default00.gif --> ftp.winisp.net /WASHHRS/webroot/webstats/_vti_cnf default00.gif
2002.09.29 22:11 B c:\winisp xfer-WASHHRS\webroot\webstats\_vti_cnf\default01.gif --> ftp.winisp.net /WASHHRS/webroot/webstats/_vti_cnf default01.gif
2002.09.29 22:11 B c:\winisp xfer-WASHHRS\webroot\webstats\_vti_cnf\default02.gif --> ftp.winisp.net /WASHHRS/webroot/webstats/_vti_cnf default02.gif
2002.09.29 22:11 B c:\winisp xfer-WASHHRS\webroot\webstats\_vti_cnf\default03.gif --> ftp.winisp.net /WASHHRS/webroot/webstats/_vti_cnf default03.gif
2002.09.29 22:11 B c:\winisp xfer-WASHHRS\webroot\webstats\_vti_cnf\default04.gif --> ftp.winisp.net /WASHHRS/webroot/webstats/_vti_cnf default04.gif
2002.09.29 22:11 B c:\winisp xfer-WASHHRS\webroot\webstats\_vti_cnf\default05.gif --> ftp.winisp.net /WASHHRS/webroot/webstats/_vti_cnf default05.gif
2002.09.29 22:11 B c:\winisp xfer-WASHHRS\webroot\webstats\_vti_cnf\default06.gif --> ftp.winisp.net /WASHHRS/webroot/webstats/_vti_cnf default06.gif
2002.09.29 22:11 B c:\winisp xfer-WASHHRS\webroot\webstats\_vti_cnf\default07.gif --> ftp.winisp.net /WASHHRS/webroot/webstats/_vti_cnf default07.gif
2002.09.29 22:11 B c:\winisp xfer-WASHHRS\webroot\webstats\_vti_cnf\default08.gif --> ftp.winisp.net /WASHHRS/webroot/webstats/_vti_cnf default08.gif
2002.09.29 22:11 B c:\winisp xfer-WASHHRS\webroot\webstats\_vti_cnf\default09.gif --> ftp.winisp.net /WASHHRS/webroot/webstats/_vti_cnf default09.gif
2002.09.29 22:11 B c:\winisp xfer-WASHHRS\webroot\webstats\_vti_cnf\default10.gif --> ftp.winisp.net /WASHHRS/webroot/webstats/_vti_cnf default10.gif
2002.09.29 22:12 B c:\winisp xfer-WASHHRS\webroot\webstats\_vti_cnf\default11.gif --> ftp.winisp.net /WASHHRS/webroot/webstats/_vti_cnf default11.gif
2002.09.29 22:12 B c:\winisp xfer-WASHHRS\webroot\webstats\_vti_cnf\default12.gif --> ftp.winisp.net /WASHHRS/webroot/webstats/_vti_cnf default12.gif
2002.09.29 22:12 B c:\winisp xfer-WASHHRS\webroot\webstats\_vti_cnf\default13.gif --> ftp.winisp.net /WASHHRS/webroot/webstats/_vti_cnf default13.gif
2002.09.29 22:12 B c:\winisp xfer-WASHHRS\webroot\webstats\_vti_cnf\default14.gif --> ftp.winisp.net /WASHHRS/webroot/webstats/_vti_cnf default14.gif
2002.09.29 22:12 B c:\winisp xfer-WASHHRS\webroot\webstats\_vti_cnf\default15.gif --> ftp.winisp.net /WASHHRS/webroot/webstats/_vti_cnf default15.gif
2002.09.29 22:12 B c:\winisp xfer-WASHHRS\webroot\webstats\_vti_cnf\default16.gif --> ftp.winisp.net /WASHHRS/webroot/webstats/_vti_cnf default16.gif
2002.09.29 22:12 B c:\winisp xfer-WASHHRS\webroot\webstats\_vti_cnf\default17.gif --> ftp.winisp.net /WASHHRS/webroot/webstats/_vti_cnf default17.gif
2002.09.29 22:12 B c:\winisp xfer-WASHHRS\webroot\webstats\_vti_cnf\default18.gif --> ftp.winisp.net /WASHHRS/webroot/webstats/_vti_cnf default18.gif
2002.09.29 22:12 B c:\winisp xfer-WASHHRS\webroot\webstats\_vti_cnf\default19.gif --> ftp.winisp.net /WASHHRS/webroot/webstats/_vti_cnf default19.gif
2002.09.29 22:12 B c:\winisp xfer-WASHHRS\webroot\webstats\_vti_cnf\default20.gif --> ftp.winisp.net /WASHHRS/webroot/webstats/_vti_cnf default20.gif
2002.09.29 22:12 B c:\winisp xfer-WASHHRS\webroot\webstats\_vti_cnf\default21.gif --> ftp.winisp.net /WASHHRS/webroot/webstats/_vti_cnf default21.gif
2002.09.29 22:12 B c:\winisp xfer-WASHHRS\webroot\webstats\_vti_cnf\default22.gif --> ftp.winisp.net /WASHHRS/webroot/webstats/_vti_cnf default22.gif
2002.09.29 22:12 B c:\winisp xfer-WASHHRS\webroot\webstats\_vti_cnf\default23.gif --> ftp.winisp.net /WASHHRS/webroot/webstats/_vti_cnf default23.gif
2002.09.29 22:12 B c:\winisp xfer-WASHHRS\webroot\webstats\_vti_cnf\default24.gif --> ftp.winisp.net /WASHHRS/webroot/webstats/_vti_cnf default24.gif
2002.09.29 22:12 B c:\winisp xfer-WASHHRS\webroot\webstats\_vti_cnf\default25.gif --> ftp.winisp.net /WASHHRS/webroot/webstats/_vti_cnf default25.gif
2002.09.29 22:12 B c:\winisp xfer-WASHHRS\webroot\webstats\_vti_cnf\default26.gif --> ftp.winisp.net /WASHHRS/webroot/webstats/_vti_cnf default26.gif
2002.09.29 22:12 B c:\winisp xfer-WASHHRS\webroot\webstats\_vti_cnf\default27.gif --> ftp.winisp.net /WASHHRS/webroot/webstats/_vti_cnf default27.gif
2002.09.29 22:12 B c:\winisp xfer-WASHHRS\webroot\webstats\_vti_cnf\default28.gif --> ftp.winisp.net /WASHHRS/webroot/webstats/_vti_cnf default28.gif
2002.09.29 22:12 B c:\winisp xfer-WASHHRS\webroot\webstats\_vti_cnf\default29.gif --> ftp.winisp.net /WASHHRS/webroot/webstats/_vti_cnf default29.gif
2002.09.29 22:12 B c:\winisp xfer-WASHHRS\webroot\webstats\_vti_cnf\default30.gif --> ftp.winisp.net /WASHHRS/webroot/webstats/_vti_cnf default30.gif
2002.09.29 22:12 B c:\winisp xfer-WASHHRS\webroot\webstats\_vti_cnf\default_01_b.HTM --> ftp.winisp.net /WASHHRS/webroot/webstats/_vti_cnf default_01_b.HTM
2002.09.29 22:12 B c:\winisp xfer-WASHHRS\webroot\webstats\_vti_cnf\default_b.htm --> ftp.winisp.net /WASHHRS/webroot/webstats/_vti_cnf default_b.htm
2002.09.29 22:12 B c:\winisp xfer-WASHHRS\webroot\webstats\_vti_cnf\default_t.htm --> ftp.winisp.net /WASHHRS/webroot/webstats/_vti_cnf default_t.htm
2002.09.29 22:12 B c:\winisp xfer-WASHHRS\webroot\webstats\_vti_cnf\expall.gif --> ftp.winisp.net /WASHHRS/webroot/webstats/_vti_cnf expall.gif
2002.09.29 22:12 B c:\winisp xfer-WASHHRS\webroot\webstats\_vti_cnf\false.gif --> ftp.winisp.net /WASHHRS/webroot/webstats/_vti_cnf false.gif
2002.09.29 22:12 B c:\winisp xfer-WASHHRS\webroot\webstats\_vti_cnf\loganlz.gif --> ftp.winisp.net /WASHHRS/webroot/webstats/_vti_cnf loganlz.gif
2002.09.29 22:12 B c:\winisp xfer-WASHHRS\webroot\webstats\_vti_cnf\tocarw.gif --> ftp.winisp.net /WASHHRS/webroot/webstats/_vti_cnf tocarw.gif
2002.09.29 22:12 B c:\winisp xfer-WASHHRS\webroot\webstats\_vti_cnf\tocclr.gif --> ftp.winisp.net /WASHHRS/webroot/webstats/_vti_cnf tocclr.gif
2002.09.29 22:12 B c:\winisp xfer-WASHHRS\webroot\webstats\_vti_cnf\tocsel.gif --> ftp.winisp.net /WASHHRS/webroot/webstats/_vti_cnf tocsel.gif
2002.09.29 22:12 B c:\winisp xfer-WASHHRS\webroot\webstats\_vti_cnf\true.gif --> ftp.winisp.net /WASHHRS/webroot/webstats/_vti_cnf true.gif
