2001.03.16 06:59 B C:\InetPub\wwwroot\Temp Wahrs\HRS\_themes\sumipntg\color0.css <-- Brinkster /blrrfh/webroot/HRS/_themes/sumipntg color0.css
2001.03.16 06:59 B C:\InetPub\wwwroot\Temp Wahrs\HRS\_themes\sumipntg\color1.css <-- Brinkster /blrrfh/webroot/HRS/_themes/sumipntg color1.css
2001.03.16 06:59 B C:\InetPub\wwwroot\Temp Wahrs\HRS\_themes\sumipntg\custom.css <-- Brinkster /blrrfh/webroot/HRS/_themes/sumipntg custom.css
2001.03.16 06:59 B C:\InetPub\wwwroot\Temp Wahrs\HRS\_themes\sumipntg\graph0.css <-- Brinkster /blrrfh/webroot/HRS/_themes/sumipntg graph0.css
2001.03.16 06:59 B C:\InetPub\wwwroot\Temp Wahrs\HRS\_themes\sumipntg\graph1.css <-- Brinkster /blrrfh/webroot/HRS/_themes/sumipntg graph1.css
2001.03.16 06:59 B C:\InetPub\wwwroot\Temp Wahrs\HRS\_themes\sumipntg\sumbanna.gif <-- Brinkster /blrrfh/webroot/HRS/_themes/sumipntg sumbanna.gif
2001.03.16 06:59 B C:\InetPub\wwwroot\Temp Wahrs\HRS\_themes\sumipntg\sumbannd.gif <-- Brinkster /blrrfh/webroot/HRS/_themes/sumipntg sumbannd.gif
2001.03.16 06:59 B C:\InetPub\wwwroot\Temp Wahrs\HRS\_themes\sumipntg\sumbul1a.gif <-- Brinkster /blrrfh/webroot/HRS/_themes/sumipntg sumbul1a.gif
2001.03.16 06:59 B C:\InetPub\wwwroot\Temp Wahrs\HRS\_themes\sumipntg\sumbul1d.gif <-- Brinkster /blrrfh/webroot/HRS/_themes/sumipntg sumbul1d.gif
2001.03.16 06:59 B C:\InetPub\wwwroot\Temp Wahrs\HRS\_themes\sumipntg\sumbul2a.gif <-- Brinkster /blrrfh/webroot/HRS/_themes/sumipntg sumbul2a.gif
2001.03.16 06:59 B C:\InetPub\wwwroot\Temp Wahrs\HRS\_themes\sumipntg\sumbul2d.gif <-- Brinkster /blrrfh/webroot/HRS/_themes/sumipntg sumbul2d.gif
2001.03.16 06:59 B C:\InetPub\wwwroot\Temp Wahrs\HRS\_themes\sumipntg\sumbul3a.gif <-- Brinkster /blrrfh/webroot/HRS/_themes/sumipntg sumbul3a.gif
2001.03.16 06:59 B C:\InetPub\wwwroot\Temp Wahrs\HRS\_themes\sumipntg\sumbul3d.gif <-- Brinkster /blrrfh/webroot/HRS/_themes/sumipntg sumbul3d.gif
2001.03.16 06:59 B C:\InetPub\wwwroot\Temp Wahrs\HRS\_themes\sumipntg\sumglob.gif <-- Brinkster /blrrfh/webroot/HRS/_themes/sumipntg sumglob.gif
2001.03.16 06:59 B C:\InetPub\wwwroot\Temp Wahrs\HRS\_themes\sumipntg\sumhbuda.gif <-- Brinkster /blrrfh/webroot/HRS/_themes/sumipntg sumhbuda.gif
2001.03.16 06:59 B C:\InetPub\wwwroot\Temp Wahrs\HRS\_themes\sumipntg\sumhbudd.gif <-- Brinkster /blrrfh/webroot/HRS/_themes/sumipntg sumhbudd.gif
2001.03.16 06:59 B C:\InetPub\wwwroot\Temp Wahrs\HRS\_themes\sumipntg\sumhbuha.gif <-- Brinkster /blrrfh/webroot/HRS/_themes/sumipntg sumhbuha.gif
2001.03.16 06:59 B C:\InetPub\wwwroot\Temp Wahrs\HRS\_themes\sumipntg\sumhbusa.gif <-- Brinkster /blrrfh/webroot/HRS/_themes/sumipntg sumhbusa.gif
2001.03.16 06:59 B C:\InetPub\wwwroot\Temp Wahrs\HRS\_themes\sumipntg\sumhbusd.gif <-- Brinkster /blrrfh/webroot/HRS/_themes/sumipntg sumhbusd.gif
2001.03.16 06:59 B C:\InetPub\wwwroot\Temp Wahrs\HRS\_themes\sumipntg\sumhombd.gif <-- Brinkster /blrrfh/webroot/HRS/_themes/sumipntg sumhombd.gif
2001.03.16 06:59 B C:\InetPub\wwwroot\Temp Wahrs\HRS\_themes\sumipntg\sumhomda.gif <-- Brinkster /blrrfh/webroot/HRS/_themes/sumipntg sumhomda.gif
2001.03.16 06:59 B C:\InetPub\wwwroot\Temp Wahrs\HRS\_themes\sumipntg\sumhomha.gif <-- Brinkster /blrrfh/webroot/HRS/_themes/sumipntg sumhomha.gif
2001.03.16 07:00 B C:\InetPub\wwwroot\Temp Wahrs\HRS\_themes\sumipntg\sumhomsa.gif <-- Brinkster /blrrfh/webroot/HRS/_themes/sumipntg sumhomsa.gif
2001.03.16 07:00 B C:\InetPub\wwwroot\Temp Wahrs\HRS\_themes\sumipntg\sumhorsa.gif <-- Brinkster /blrrfh/webroot/HRS/_themes/sumipntg sumhorsa.gif
2001.03.16 07:00 B C:\InetPub\wwwroot\Temp Wahrs\HRS\_themes\sumipntg\sumhorsd.gif <-- Brinkster /blrrfh/webroot/HRS/_themes/sumipntg sumhorsd.gif
2001.03.16 07:00 B C:\InetPub\wwwroot\Temp Wahrs\HRS\_themes\sumipntg\sumi1011.css <-- Brinkster /blrrfh/webroot/HRS/_themes/sumipntg sumi1011.css
2001.03.16 07:00 B C:\InetPub\wwwroot\Temp Wahrs\HRS\_themes\sumipntg\sumipntg.inf <-- Brinkster /blrrfh/webroot/HRS/_themes/sumipntg sumipntg.inf
2001.03.16 07:00 B C:\InetPub\wwwroot\Temp Wahrs\HRS\_themes\sumipntg\sumipntg.utf8 <-- Brinkster /blrrfh/webroot/HRS/_themes/sumipntg sumipntg.utf8
2001.03.16 07:00 B C:\InetPub\wwwroot\Temp Wahrs\HRS\_themes\sumipntg\sumnexbd.gif <-- Brinkster /blrrfh/webroot/HRS/_themes/sumipntg sumnexbd.gif
2001.03.16 07:00 B C:\InetPub\wwwroot\Temp Wahrs\HRS\_themes\sumipntg\sumnexda.gif <-- Brinkster /blrrfh/webroot/HRS/_themes/sumipntg sumnexda.gif
2001.03.16 07:00 B C:\InetPub\wwwroot\Temp Wahrs\HRS\_themes\sumipntg\sumnexha.gif <-- Brinkster /blrrfh/webroot/HRS/_themes/sumipntg sumnexha.gif
2001.03.16 07:00 B C:\InetPub\wwwroot\Temp Wahrs\HRS\_themes\sumipntg\sumnexsa.gif <-- Brinkster /blrrfh/webroot/HRS/_themes/sumipntg sumnexsa.gif
2001.03.16 07:00 B C:\InetPub\wwwroot\Temp Wahrs\HRS\_themes\sumipntg\sumprebd.gif <-- Brinkster /blrrfh/webroot/HRS/_themes/sumipntg sumprebd.gif
2001.03.16 07:00 B C:\InetPub\wwwroot\Temp Wahrs\HRS\_themes\sumipntg\sumpreda.gif <-- Brinkster /blrrfh/webroot/HRS/_themes/sumipntg sumpreda.gif
2001.03.16 07:00 B C:\InetPub\wwwroot\Temp Wahrs\HRS\_themes\sumipntg\sumpreha.gif <-- Brinkster /blrrfh/webroot/HRS/_themes/sumipntg sumpreha.gif
2001.03.16 07:00 B C:\InetPub\wwwroot\Temp Wahrs\HRS\_themes\sumipntg\sumpresa.gif <-- Brinkster /blrrfh/webroot/HRS/_themes/sumipntg sumpresa.gif
2001.03.16 07:00 B C:\InetPub\wwwroot\Temp Wahrs\HRS\_themes\sumipntg\sumtextb.jpg <-- Brinkster /blrrfh/webroot/HRS/_themes/sumipntg sumtextb.jpg
2001.03.16 07:00 B C:\InetPub\wwwroot\Temp Wahrs\HRS\_themes\sumipntg\sumupbd.gif <-- Brinkster /blrrfh/webroot/HRS/_themes/sumipntg sumupbd.gif
2001.03.16 07:00 B C:\InetPub\wwwroot\Temp Wahrs\HRS\_themes\sumipntg\sumupda.gif <-- Brinkster /blrrfh/webroot/HRS/_themes/sumipntg sumupda.gif
2001.03.16 07:00 B C:\InetPub\wwwroot\Temp Wahrs\HRS\_themes\sumipntg\sumupha.gif <-- Brinkster /blrrfh/webroot/HRS/_themes/sumipntg sumupha.gif
2001.03.16 07:00 B C:\InetPub\wwwroot\Temp Wahrs\HRS\_themes\sumipntg\sumupsa.gif <-- Brinkster /blrrfh/webroot/HRS/_themes/sumipntg sumupsa.gif
2001.03.16 07:00 B C:\InetPub\wwwroot\Temp Wahrs\HRS\_themes\sumipntg\sumvbuda.gif <-- Brinkster /blrrfh/webroot/HRS/_themes/sumipntg sumvbuda.gif
2001.03.16 07:00 B C:\InetPub\wwwroot\Temp Wahrs\HRS\_themes\sumipntg\sumvbudd.gif <-- Brinkster /blrrfh/webroot/HRS/_themes/sumipntg sumvbudd.gif
2001.03.16 07:00 B C:\InetPub\wwwroot\Temp Wahrs\HRS\_themes\sumipntg\sumvbuha.gif <-- Brinkster /blrrfh/webroot/HRS/_themes/sumipntg sumvbuha.gif
2001.03.16 07:00 B C:\InetPub\wwwroot\Temp Wahrs\HRS\_themes\sumipntg\sumvbusa.gif <-- Brinkster /blrrfh/webroot/HRS/_themes/sumipntg sumvbusa.gif
2001.03.16 07:00 B C:\InetPub\wwwroot\Temp Wahrs\HRS\_themes\sumipntg\sumvbusd.gif <-- Brinkster /blrrfh/webroot/HRS/_themes/sumipntg sumvbusd.gif
2001.03.16 07:00 B C:\InetPub\wwwroot\Temp Wahrs\HRS\_themes\sumipntg\theme.css <-- Brinkster /blrrfh/webroot/HRS/_themes/sumipntg theme.css
2001.03.16 10:16 B C:\InetPub\wwwroot\Temp Wahrs\HRS\_themes\sumipntg\color0.css --> ftp4.brinkster.com /washhrs/webroot/_themes/sumipntg color0.css
2001.03.16 10:16 B C:\InetPub\wwwroot\Temp Wahrs\HRS\_themes\sumipntg\color1.css --> ftp4.brinkster.com /washhrs/webroot/_themes/sumipntg color1.css
2001.03.16 10:16 B C:\InetPub\wwwroot\Temp Wahrs\HRS\_themes\sumipntg\custom.css --> ftp4.brinkster.com /washhrs/webroot/_themes/sumipntg custom.css
2001.03.16 10:16 B C:\InetPub\wwwroot\Temp Wahrs\HRS\_themes\sumipntg\graph0.css --> ftp4.brinkster.com /washhrs/webroot/_themes/sumipntg graph0.css
2001.03.16 10:16 B C:\InetPub\wwwroot\Temp Wahrs\HRS\_themes\sumipntg\graph1.css --> ftp4.brinkster.com /washhrs/webroot/_themes/sumipntg graph1.css
2001.03.16 10:16 B C:\InetPub\wwwroot\Temp Wahrs\HRS\_themes\sumipntg\sumbanna.gif --> ftp4.brinkster.com /washhrs/webroot/_themes/sumipntg sumbanna.gif
2001.03.16 10:16 B C:\InetPub\wwwroot\Temp Wahrs\HRS\_themes\sumipntg\sumbannd.gif --> ftp4.brinkster.com /washhrs/webroot/_themes/sumipntg sumbannd.gif
2001.03.16 10:16 B C:\InetPub\wwwroot\Temp Wahrs\HRS\_themes\sumipntg\sumbul1a.gif --> ftp4.brinkster.com /washhrs/webroot/_themes/sumipntg sumbul1a.gif
2001.03.16 10:16 B C:\InetPub\wwwroot\Temp Wahrs\HRS\_themes\sumipntg\sumbul1d.gif --> ftp4.brinkster.com /washhrs/webroot/_themes/sumipntg sumbul1d.gif
2001.03.16 10:16 B C:\InetPub\wwwroot\Temp Wahrs\HRS\_themes\sumipntg\sumbul2a.gif --> ftp4.brinkster.com /washhrs/webroot/_themes/sumipntg sumbul2a.gif
2001.03.16 10:16 B C:\InetPub\wwwroot\Temp Wahrs\HRS\_themes\sumipntg\sumbul2d.gif --> ftp4.brinkster.com /washhrs/webroot/_themes/sumipntg sumbul2d.gif
2001.03.16 10:16 B C:\InetPub\wwwroot\Temp Wahrs\HRS\_themes\sumipntg\sumbul3a.gif --> ftp4.brinkster.com /washhrs/webroot/_themes/sumipntg sumbul3a.gif
2001.03.16 10:16 B C:\InetPub\wwwroot\Temp Wahrs\HRS\_themes\sumipntg\sumbul3d.gif --> ftp4.brinkster.com /washhrs/webroot/_themes/sumipntg sumbul3d.gif
2001.03.16 10:16 B C:\InetPub\wwwroot\Temp Wahrs\HRS\_themes\sumipntg\sumglob.gif --> ftp4.brinkster.com /washhrs/webroot/_themes/sumipntg sumglob.gif
2001.03.16 10:16 B C:\InetPub\wwwroot\Temp Wahrs\HRS\_themes\sumipntg\sumhbuda.gif --> ftp4.brinkster.com /washhrs/webroot/_themes/sumipntg sumhbuda.gif
2001.03.16 10:16 B C:\InetPub\wwwroot\Temp Wahrs\HRS\_themes\sumipntg\sumhbudd.gif --> ftp4.brinkster.com /washhrs/webroot/_themes/sumipntg sumhbudd.gif
2001.03.16 10:16 B C:\InetPub\wwwroot\Temp Wahrs\HRS\_themes\sumipntg\sumhbuha.gif --> ftp4.brinkster.com /washhrs/webroot/_themes/sumipntg sumhbuha.gif
2001.03.16 10:16 B C:\InetPub\wwwroot\Temp Wahrs\HRS\_themes\sumipntg\sumhbusa.gif --> ftp4.brinkster.com /washhrs/webroot/_themes/sumipntg sumhbusa.gif
2001.03.16 10:16 B C:\InetPub\wwwroot\Temp Wahrs\HRS\_themes\sumipntg\sumhbusd.gif --> ftp4.brinkster.com /washhrs/webroot/_themes/sumipntg sumhbusd.gif
2001.03.16 10:16 B C:\InetPub\wwwroot\Temp Wahrs\HRS\_themes\sumipntg\sumhombd.gif --> ftp4.brinkster.com /washhrs/webroot/_themes/sumipntg sumhombd.gif
2001.03.16 10:16 B C:\InetPub\wwwroot\Temp Wahrs\HRS\_themes\sumipntg\sumhomda.gif --> ftp4.brinkster.com /washhrs/webroot/_themes/sumipntg sumhomda.gif
2001.03.16 10:16 B C:\InetPub\wwwroot\Temp Wahrs\HRS\_themes\sumipntg\sumhomha.gif --> ftp4.brinkster.com /washhrs/webroot/_themes/sumipntg sumhomha.gif
2001.03.16 10:17 B C:\InetPub\wwwroot\Temp Wahrs\HRS\_themes\sumipntg\sumhomsa.gif --> ftp4.brinkster.com /washhrs/webroot/_themes/sumipntg sumhomsa.gif
2001.03.16 10:17 B C:\InetPub\wwwroot\Temp Wahrs\HRS\_themes\sumipntg\sumhorsa.gif --> ftp4.brinkster.com /washhrs/webroot/_themes/sumipntg sumhorsa.gif
2001.03.16 10:17 B C:\InetPub\wwwroot\Temp Wahrs\HRS\_themes\sumipntg\sumhorsd.gif --> ftp4.brinkster.com /washhrs/webroot/_themes/sumipntg sumhorsd.gif
2001.03.16 10:17 B C:\InetPub\wwwroot\Temp Wahrs\HRS\_themes\sumipntg\sumi1011.css --> ftp4.brinkster.com /washhrs/webroot/_themes/sumipntg sumi1011.css
2001.03.16 10:17 B C:\InetPub\wwwroot\Temp Wahrs\HRS\_themes\sumipntg\sumipntg.inf --> ftp4.brinkster.com /washhrs/webroot/_themes/sumipntg sumipntg.inf
2001.03.16 10:17 B C:\InetPub\wwwroot\Temp Wahrs\HRS\_themes\sumipntg\sumipntg.utf8 --> ftp4.brinkster.com /washhrs/webroot/_themes/sumipntg sumipntg.utf8
2001.03.16 10:17 B C:\InetPub\wwwroot\Temp Wahrs\HRS\_themes\sumipntg\sumnexbd.gif --> ftp4.brinkster.com /washhrs/webroot/_themes/sumipntg sumnexbd.gif
2001.03.16 10:17 B C:\InetPub\wwwroot\Temp Wahrs\HRS\_themes\sumipntg\sumnexda.gif --> ftp4.brinkster.com /washhrs/webroot/_themes/sumipntg sumnexda.gif
2001.03.16 10:17 B C:\InetPub\wwwroot\Temp Wahrs\HRS\_themes\sumipntg\sumnexha.gif --> ftp4.brinkster.com /washhrs/webroot/_themes/sumipntg sumnexha.gif
2001.03.16 10:17 B C:\InetPub\wwwroot\Temp Wahrs\HRS\_themes\sumipntg\sumnexsa.gif --> ftp4.brinkster.com /washhrs/webroot/_themes/sumipntg sumnexsa.gif
2001.03.16 10:17 B C:\InetPub\wwwroot\Temp Wahrs\HRS\_themes\sumipntg\sumprebd.gif --> ftp4.brinkster.com /washhrs/webroot/_themes/sumipntg sumprebd.gif
2001.03.16 10:17 B C:\InetPub\wwwroot\Temp Wahrs\HRS\_themes\sumipntg\sumpreda.gif --> ftp4.brinkster.com /washhrs/webroot/_themes/sumipntg sumpreda.gif
2001.03.16 10:17 B C:\InetPub\wwwroot\Temp Wahrs\HRS\_themes\sumipntg\sumpreha.gif --> ftp4.brinkster.com /washhrs/webroot/_themes/sumipntg sumpreha.gif
2001.03.16 10:17 B C:\InetPub\wwwroot\Temp Wahrs\HRS\_themes\sumipntg\sumpresa.gif --> ftp4.brinkster.com /washhrs/webroot/_themes/sumipntg sumpresa.gif
2001.03.16 10:17 B C:\InetPub\wwwroot\Temp Wahrs\HRS\_themes\sumipntg\sumtextb.jpg --> ftp4.brinkster.com /washhrs/webroot/_themes/sumipntg sumtextb.jpg
2001.03.16 10:17 B C:\InetPub\wwwroot\Temp Wahrs\HRS\_themes\sumipntg\sumupbd.gif --> ftp4.brinkster.com /washhrs/webroot/_themes/sumipntg sumupbd.gif
2001.03.16 10:17 B C:\InetPub\wwwroot\Temp Wahrs\HRS\_themes\sumipntg\sumupda.gif --> ftp4.brinkster.com /washhrs/webroot/_themes/sumipntg sumupda.gif
2001.03.16 10:17 B C:\InetPub\wwwroot\Temp Wahrs\HRS\_themes\sumipntg\sumupha.gif --> ftp4.brinkster.com /washhrs/webroot/_themes/sumipntg sumupha.gif
2001.03.16 10:17 B C:\InetPub\wwwroot\Temp Wahrs\HRS\_themes\sumipntg\sumupsa.gif --> ftp4.brinkster.com /washhrs/webroot/_themes/sumipntg sumupsa.gif
2001.03.16 10:17 B C:\InetPub\wwwroot\Temp Wahrs\HRS\_themes\sumipntg\sumvbuda.gif --> ftp4.brinkster.com /washhrs/webroot/_themes/sumipntg sumvbuda.gif
2001.03.16 10:17 B C:\InetPub\wwwroot\Temp Wahrs\HRS\_themes\sumipntg\sumvbudd.gif --> ftp4.brinkster.com /washhrs/webroot/_themes/sumipntg sumvbudd.gif
2001.03.16 10:17 B C:\InetPub\wwwroot\Temp Wahrs\HRS\_themes\sumipntg\sumvbuha.gif --> ftp4.brinkster.com /washhrs/webroot/_themes/sumipntg sumvbuha.gif
2001.03.16 10:17 B C:\InetPub\wwwroot\Temp Wahrs\HRS\_themes\sumipntg\sumvbusa.gif --> ftp4.brinkster.com /washhrs/webroot/_themes/sumipntg sumvbusa.gif
2001.03.16 10:17 B C:\InetPub\wwwroot\Temp Wahrs\HRS\_themes\sumipntg\sumvbusd.gif --> ftp4.brinkster.com /washhrs/webroot/_themes/sumipntg sumvbusd.gif
2001.03.16 10:17 B C:\InetPub\wwwroot\Temp Wahrs\HRS\_themes\sumipntg\theme.css --> ftp4.brinkster.com /washhrs/webroot/_themes/sumipntg theme.css
2002.09.26 22:51 B c:\winisp xfer-WASHHRS\webroot\_themes\sumipntg\WS_FTP.LOG <-- Brinkster Washhrs /washhrs/webroot/_themes/sumipntg WS_FTP.LOG
2002.09.29 20:17 B c:\winisp xfer-WASHHRS\webroot\_themes\sumipntg\color0.css --> ftp.winisp.net /WASHHRS/webroot/_themes/sumipntg color0.css
2002.09.29 20:17 B c:\winisp xfer-WASHHRS\webroot\_themes\sumipntg\color1.css --> ftp.winisp.net /WASHHRS/webroot/_themes/sumipntg color1.css
2002.09.29 20:17 B c:\winisp xfer-WASHHRS\webroot\_themes\sumipntg\custom.css --> ftp.winisp.net /WASHHRS/webroot/_themes/sumipntg custom.css
2002.09.29 20:17 B c:\winisp xfer-WASHHRS\webroot\_themes\sumipntg\graph0.css --> ftp.winisp.net /WASHHRS/webroot/_themes/sumipntg graph0.css
2002.09.29 20:17 B c:\winisp xfer-WASHHRS\webroot\_themes\sumipntg\graph1.css --> ftp.winisp.net /WASHHRS/webroot/_themes/sumipntg graph1.css
2002.09.29 20:17 B c:\winisp xfer-WASHHRS\webroot\_themes\sumipntg\sumbanna.gif --> ftp.winisp.net /WASHHRS/webroot/_themes/sumipntg sumbanna.gif
2002.09.29 20:17 B c:\winisp xfer-WASHHRS\webroot\_themes\sumipntg\sumbannd.gif --> ftp.winisp.net /WASHHRS/webroot/_themes/sumipntg sumbannd.gif
2002.09.29 20:17 B c:\winisp xfer-WASHHRS\webroot\_themes\sumipntg\sumbul1a.gif --> ftp.winisp.net /WASHHRS/webroot/_themes/sumipntg sumbul1a.gif
2002.09.29 20:17 B c:\winisp xfer-WASHHRS\webroot\_themes\sumipntg\sumbul1d.gif --> ftp.winisp.net /WASHHRS/webroot/_themes/sumipntg sumbul1d.gif
2002.09.29 20:18 B c:\winisp xfer-WASHHRS\webroot\_themes\sumipntg\sumbul2a.gif --> ftp.winisp.net /WASHHRS/webroot/_themes/sumipntg sumbul2a.gif
2002.09.29 20:18 B c:\winisp xfer-WASHHRS\webroot\_themes\sumipntg\sumbul2d.gif --> ftp.winisp.net /WASHHRS/webroot/_themes/sumipntg sumbul2d.gif
2002.09.29 20:18 B c:\winisp xfer-WASHHRS\webroot\_themes\sumipntg\sumbul3a.gif --> ftp.winisp.net /WASHHRS/webroot/_themes/sumipntg sumbul3a.gif
2002.09.29 20:18 B c:\winisp xfer-WASHHRS\webroot\_themes\sumipntg\sumbul3d.gif --> ftp.winisp.net /WASHHRS/webroot/_themes/sumipntg sumbul3d.gif
2002.09.29 20:18 B c:\winisp xfer-WASHHRS\webroot\_themes\sumipntg\sumglob.gif --> ftp.winisp.net /WASHHRS/webroot/_themes/sumipntg sumglob.gif
2002.09.29 20:18 B c:\winisp xfer-WASHHRS\webroot\_themes\sumipntg\sumhbuda.gif --> ftp.winisp.net /WASHHRS/webroot/_themes/sumipntg sumhbuda.gif
2002.09.29 20:18 B c:\winisp xfer-WASHHRS\webroot\_themes\sumipntg\sumhbudd.gif --> ftp.winisp.net /WASHHRS/webroot/_themes/sumipntg sumhbudd.gif
2002.09.29 20:18 B c:\winisp xfer-WASHHRS\webroot\_themes\sumipntg\sumhbuha.gif --> ftp.winisp.net /WASHHRS/webroot/_themes/sumipntg sumhbuha.gif
2002.09.29 20:18 B c:\winisp xfer-WASHHRS\webroot\_themes\sumipntg\sumhbusa.gif --> ftp.winisp.net /WASHHRS/webroot/_themes/sumipntg sumhbusa.gif
2002.09.29 20:18 B c:\winisp xfer-WASHHRS\webroot\_themes\sumipntg\sumhbusd.gif --> ftp.winisp.net /WASHHRS/webroot/_themes/sumipntg sumhbusd.gif
2002.09.29 20:18 B c:\winisp xfer-WASHHRS\webroot\_themes\sumipntg\sumhombd.gif --> ftp.winisp.net /WASHHRS/webroot/_themes/sumipntg sumhombd.gif
2002.09.29 20:18 B c:\winisp xfer-WASHHRS\webroot\_themes\sumipntg\sumhomda.gif --> ftp.winisp.net /WASHHRS/webroot/_themes/sumipntg sumhomda.gif
2002.09.29 20:18 B c:\winisp xfer-WASHHRS\webroot\_themes\sumipntg\sumhomha.gif --> ftp.winisp.net /WASHHRS/webroot/_themes/sumipntg sumhomha.gif
2002.09.29 20:18 B c:\winisp xfer-WASHHRS\webroot\_themes\sumipntg\sumhomsa.gif --> ftp.winisp.net /WASHHRS/webroot/_themes/sumipntg sumhomsa.gif
2002.09.29 20:18 B c:\winisp xfer-WASHHRS\webroot\_themes\sumipntg\sumhorsa.gif --> ftp.winisp.net /WASHHRS/webroot/_themes/sumipntg sumhorsa.gif
2002.09.29 20:18 B c:\winisp xfer-WASHHRS\webroot\_themes\sumipntg\sumhorsd.gif --> ftp.winisp.net /WASHHRS/webroot/_themes/sumipntg sumhorsd.gif
2002.09.29 20:18 B c:\winisp xfer-WASHHRS\webroot\_themes\sumipntg\sumi1011.css --> ftp.winisp.net /WASHHRS/webroot/_themes/sumipntg sumi1011.css
2002.09.29 20:18 B c:\winisp xfer-WASHHRS\webroot\_themes\sumipntg\sumipntg.inf --> ftp.winisp.net /WASHHRS/webroot/_themes/sumipntg sumipntg.inf
2002.09.29 20:18 B c:\winisp xfer-WASHHRS\webroot\_themes\sumipntg\sumipntg.utf8 --> ftp.winisp.net /WASHHRS/webroot/_themes/sumipntg sumipntg.utf8
2002.09.29 20:18 B c:\winisp xfer-WASHHRS\webroot\_themes\sumipntg\sumnexbd.gif --> ftp.winisp.net /WASHHRS/webroot/_themes/sumipntg sumnexbd.gif
2002.09.29 20:18 B c:\winisp xfer-WASHHRS\webroot\_themes\sumipntg\sumnexda.gif --> ftp.winisp.net /WASHHRS/webroot/_themes/sumipntg sumnexda.gif
2002.09.29 20:18 B c:\winisp xfer-WASHHRS\webroot\_themes\sumipntg\sumnexha.gif --> ftp.winisp.net /WASHHRS/webroot/_themes/sumipntg sumnexha.gif
2002.09.29 20:18 B c:\winisp xfer-WASHHRS\webroot\_themes\sumipntg\sumnexsa.gif --> ftp.winisp.net /WASHHRS/webroot/_themes/sumipntg sumnexsa.gif
2002.09.29 20:18 B c:\winisp xfer-WASHHRS\webroot\_themes\sumipntg\sumprebd.gif --> ftp.winisp.net /WASHHRS/webroot/_themes/sumipntg sumprebd.gif
2002.09.29 20:18 B c:\winisp xfer-WASHHRS\webroot\_themes\sumipntg\sumpreda.gif --> ftp.winisp.net /WASHHRS/webroot/_themes/sumipntg sumpreda.gif
2002.09.29 20:18 B c:\winisp xfer-WASHHRS\webroot\_themes\sumipntg\sumpreha.gif --> ftp.winisp.net /WASHHRS/webroot/_themes/sumipntg sumpreha.gif
2002.09.29 20:18 B c:\winisp xfer-WASHHRS\webroot\_themes\sumipntg\sumpresa.gif --> ftp.winisp.net /WASHHRS/webroot/_themes/sumipntg sumpresa.gif
2002.09.29 20:18 B c:\winisp xfer-WASHHRS\webroot\_themes\sumipntg\sumtextb.jpg --> ftp.winisp.net /WASHHRS/webroot/_themes/sumipntg sumtextb.jpg
2002.09.29 20:18 B c:\winisp xfer-WASHHRS\webroot\_themes\sumipntg\sumupbd.gif --> ftp.winisp.net /WASHHRS/webroot/_themes/sumipntg sumupbd.gif
2002.09.29 20:18 B c:\winisp xfer-WASHHRS\webroot\_themes\sumipntg\sumupda.gif --> ftp.winisp.net /WASHHRS/webroot/_themes/sumipntg sumupda.gif
2002.09.29 20:18 B c:\winisp xfer-WASHHRS\webroot\_themes\sumipntg\sumupha.gif --> ftp.winisp.net /WASHHRS/webroot/_themes/sumipntg sumupha.gif
2002.09.29 20:18 B c:\winisp xfer-WASHHRS\webroot\_themes\sumipntg\sumupsa.gif --> ftp.winisp.net /WASHHRS/webroot/_themes/sumipntg sumupsa.gif
2002.09.29 20:18 B c:\winisp xfer-WASHHRS\webroot\_themes\sumipntg\sumvbuda.gif --> ftp.winisp.net /WASHHRS/webroot/_themes/sumipntg sumvbuda.gif
2002.09.29 20:18 B c:\winisp xfer-WASHHRS\webroot\_themes\sumipntg\sumvbudd.gif --> ftp.winisp.net /WASHHRS/webroot/_themes/sumipntg sumvbudd.gif
2002.09.29 20:18 B c:\winisp xfer-WASHHRS\webroot\_themes\sumipntg\sumvbuha.gif --> ftp.winisp.net /WASHHRS/webroot/_themes/sumipntg sumvbuha.gif
2002.09.29 20:18 B c:\winisp xfer-WASHHRS\webroot\_themes\sumipntg\sumvbusa.gif --> ftp.winisp.net /WASHHRS/webroot/_themes/sumipntg sumvbusa.gif
2002.09.29 20:18 B c:\winisp xfer-WASHHRS\webroot\_themes\sumipntg\sumvbusd.gif --> ftp.winisp.net /WASHHRS/webroot/_themes/sumipntg sumvbusd.gif
2002.09.29 20:18 B c:\winisp xfer-WASHHRS\webroot\_themes\sumipntg\theme.css --> ftp.winisp.net /WASHHRS/webroot/_themes/sumipntg theme.css
