2001.03.16 09:01 B C:\InetPub\wwwroot\Temp Wahrs\HRS\BunnyImages\_vti_cnf\2B_BlackBrown.JPG <-- Brinkster /blrrfh/webroot/HRS/BunnyImages/_vti_cnf 2B_BlackBrown.JPG
2001.03.16 09:01 B C:\InetPub\wwwroot\Temp Wahrs\HRS\BunnyImages\_vti_cnf\2bbrown.jpg <-- Brinkster /blrrfh/webroot/HRS/BunnyImages/_vti_cnf 2bbrown.jpg
2001.03.16 09:01 B C:\InetPub\wwwroot\Temp Wahrs\HRS\BunnyImages\_vti_cnf\2bbrown1.jpg <-- Brinkster /blrrfh/webroot/HRS/BunnyImages/_vti_cnf 2bbrown1.jpg
2001.03.16 09:01 B C:\InetPub\wwwroot\Temp Wahrs\HRS\BunnyImages\_vti_cnf\2buns.jpg <-- Brinkster /blrrfh/webroot/HRS/BunnyImages/_vti_cnf 2buns.jpg
2001.03.16 09:01 B C:\InetPub\wwwroot\Temp Wahrs\HRS\BunnyImages\_vti_cnf\AlexAndWanda.jpg <-- Brinkster /blrrfh/webroot/HRS/BunnyImages/_vti_cnf AlexAndWanda.jpg
2001.03.16 09:01 B C:\InetPub\wwwroot\Temp Wahrs\HRS\BunnyImages\_vti_cnf\Angelo.jpg <-- Brinkster /blrrfh/webroot/HRS/BunnyImages/_vti_cnf Angelo.jpg
2001.03.16 09:01 B C:\InetPub\wwwroot\Temp Wahrs\HRS\BunnyImages\_vti_cnf\Arka&Athena.JPG <-- Brinkster /blrrfh/webroot/HRS/BunnyImages/_vti_cnf Arka&Athena.JPG
2001.03.16 09:01 B C:\InetPub\wwwroot\Temp Wahrs\HRS\BunnyImages\_vti_cnf\armond.jpg <-- Brinkster /blrrfh/webroot/HRS/BunnyImages/_vti_cnf armond.jpg
2001.03.16 09:01 B C:\InetPub\wwwroot\Temp Wahrs\HRS\BunnyImages\_vti_cnf\armond1.jpg <-- Brinkster /blrrfh/webroot/HRS/BunnyImages/_vti_cnf armond1.jpg
2001.03.16 09:01 B C:\InetPub\wwwroot\Temp Wahrs\HRS\BunnyImages\_vti_cnf\Babies 5-20-00.jpg <-- Brinkster /blrrfh/webroot/HRS/BunnyImages/_vti_cnf Babies 5-20-00.jpg
2001.03.16 09:01 B C:\InetPub\wwwroot\Temp Wahrs\HRS\BunnyImages\_vti_cnf\babies.jpg <-- Brinkster /blrrfh/webroot/HRS/BunnyImages/_vti_cnf babies.jpg
2001.03.16 09:01 B C:\InetPub\wwwroot\Temp Wahrs\HRS\BunnyImages\_vti_cnf\bacchus.jpg <-- Brinkster /blrrfh/webroot/HRS/BunnyImages/_vti_cnf bacchus.jpg
2001.03.16 09:01 B C:\InetPub\wwwroot\Temp Wahrs\HRS\BunnyImages\_vti_cnf\BeatrixAndIndy.jpg <-- Brinkster /blrrfh/webroot/HRS/BunnyImages/_vti_cnf BeatrixAndIndy.jpg
2001.03.16 09:01 B C:\InetPub\wwwroot\Temp Wahrs\HRS\BunnyImages\_vti_cnf\bella.jpg <-- Brinkster /blrrfh/webroot/HRS/BunnyImages/_vti_cnf bella.jpg
2001.03.16 09:02 B C:\InetPub\wwwroot\Temp Wahrs\HRS\BunnyImages\_vti_cnf\BenWithTasha.jpg <-- Brinkster /blrrfh/webroot/HRS/BunnyImages/_vti_cnf BenWithTasha.jpg
2001.03.16 09:02 B C:\InetPub\wwwroot\Temp Wahrs\HRS\BunnyImages\_vti_cnf\bishop.jpg <-- Brinkster /blrrfh/webroot/HRS/BunnyImages/_vti_cnf bishop.jpg
2001.03.16 09:02 B C:\InetPub\wwwroot\Temp Wahrs\HRS\BunnyImages\_vti_cnf\black1.jpg <-- Brinkster /blrrfh/webroot/HRS/BunnyImages/_vti_cnf black1.jpg
2001.03.16 09:02 B C:\InetPub\wwwroot\Temp Wahrs\HRS\BunnyImages\_vti_cnf\black2.jpg <-- Brinkster /blrrfh/webroot/HRS/BunnyImages/_vti_cnf black2.jpg
2001.03.16 09:02 B C:\InetPub\wwwroot\Temp Wahrs\HRS\BunnyImages\_vti_cnf\brown.jpg <-- Brinkster /blrrfh/webroot/HRS/BunnyImages/_vti_cnf brown.jpg
2001.03.16 09:02 B C:\InetPub\wwwroot\Temp Wahrs\HRS\BunnyImages\_vti_cnf\brown1.jpg <-- Brinkster /blrrfh/webroot/HRS/BunnyImages/_vti_cnf brown1.jpg
2001.03.16 09:02 B C:\InetPub\wwwroot\Temp Wahrs\HRS\BunnyImages\_vti_cnf\Bruce&Betty.JPG <-- Brinkster /blrrfh/webroot/HRS/BunnyImages/_vti_cnf Bruce&Betty.JPG
2001.03.16 09:02 B C:\InetPub\wwwroot\Temp Wahrs\HRS\BunnyImages\_vti_cnf\bruce.jpg <-- Brinkster /blrrfh/webroot/HRS/BunnyImages/_vti_cnf bruce.jpg
2001.03.16 09:02 B C:\InetPub\wwwroot\Temp Wahrs\HRS\BunnyImages\_vti_cnf\Bubba & friends.JPG <-- Brinkster /blrrfh/webroot/HRS/BunnyImages/_vti_cnf Bubba & friends.JPG
2001.03.16 09:02 B C:\InetPub\wwwroot\Temp Wahrs\HRS\BunnyImages\_vti_cnf\BunnyNipples.jpg <-- Brinkster /blrrfh/webroot/HRS/BunnyImages/_vti_cnf BunnyNipples.jpg
2001.03.16 09:02 B C:\InetPub\wwwroot\Temp Wahrs\HRS\BunnyImages\_vti_cnf\bunnyrescued010801.JPG <-- Brinkster /blrrfh/webroot/HRS/BunnyImages/_vti_cnf bunnyrescued010801.JPG
2001.03.16 09:02 B C:\InetPub\wwwroot\Temp Wahrs\HRS\BunnyImages\_vti_cnf\buster.jpg <-- Brinkster /blrrfh/webroot/HRS/BunnyImages/_vti_cnf buster.jpg
2001.03.16 09:02 B C:\InetPub\wwwroot\Temp Wahrs\HRS\BunnyImages\_vti_cnf\Charlotte.TIF <-- Brinkster /blrrfh/webroot/HRS/BunnyImages/_vti_cnf Charlotte.TIF
2001.03.16 09:02 B C:\InetPub\wwwroot\Temp Wahrs\HRS\BunnyImages\_vti_cnf\Clara Bell & Claudine.JPG <-- Brinkster /blrrfh/webroot/HRS/BunnyImages/_vti_cnf Clara Bell & Claudine.JPG
2001.03.16 09:02 B C:\InetPub\wwwroot\Temp Wahrs\HRS\BunnyImages\_vti_cnf\Cookie.jpg <-- Brinkster /blrrfh/webroot/HRS/BunnyImages/_vti_cnf Cookie.jpg
2001.03.16 09:02 B C:\InetPub\wwwroot\Temp Wahrs\HRS\BunnyImages\_vti_cnf\Day 8-b.jpg <-- Brinkster /blrrfh/webroot/HRS/BunnyImages/_vti_cnf Day 8-b.jpg
2001.03.16 09:02 B C:\InetPub\wwwroot\Temp Wahrs\HRS\BunnyImages\_vti_cnf\Day 9-c.jpg <-- Brinkster /blrrfh/webroot/HRS/BunnyImages/_vti_cnf Day 9-c.jpg
2001.03.16 09:02 B C:\InetPub\wwwroot\Temp Wahrs\HRS\BunnyImages\_vti_cnf\day10-a.jpg <-- Brinkster /blrrfh/webroot/HRS/BunnyImages/_vti_cnf day10-a.jpg
2001.03.16 09:02 B C:\InetPub\wwwroot\Temp Wahrs\HRS\BunnyImages\_vti_cnf\day10-b.jpg <-- Brinkster /blrrfh/webroot/HRS/BunnyImages/_vti_cnf day10-b.jpg
2001.03.16 09:02 B C:\InetPub\wwwroot\Temp Wahrs\HRS\BunnyImages\_vti_cnf\day10-c.jpg <-- Brinkster /blrrfh/webroot/HRS/BunnyImages/_vti_cnf day10-c.jpg
2001.03.16 09:02 B C:\InetPub\wwwroot\Temp Wahrs\HRS\BunnyImages\_vti_cnf\day10-d.jpg <-- Brinkster /blrrfh/webroot/HRS/BunnyImages/_vti_cnf day10-d.jpg
2001.03.16 09:02 B C:\InetPub\wwwroot\Temp Wahrs\HRS\BunnyImages\_vti_cnf\day10-e.jpg <-- Brinkster /blrrfh/webroot/HRS/BunnyImages/_vti_cnf day10-e.jpg
2001.03.16 09:02 B C:\InetPub\wwwroot\Temp Wahrs\HRS\BunnyImages\_vti_cnf\day11-a.jpg <-- Brinkster /blrrfh/webroot/HRS/BunnyImages/_vti_cnf day11-a.jpg
2001.03.16 09:02 B C:\InetPub\wwwroot\Temp Wahrs\HRS\BunnyImages\_vti_cnf\day11-b.jpg <-- Brinkster /blrrfh/webroot/HRS/BunnyImages/_vti_cnf day11-b.jpg
2001.03.16 09:02 B C:\InetPub\wwwroot\Temp Wahrs\HRS\BunnyImages\_vti_cnf\day11-c.jpg <-- Brinkster /blrrfh/webroot/HRS/BunnyImages/_vti_cnf day11-c.jpg
2001.03.16 09:02 B C:\InetPub\wwwroot\Temp Wahrs\HRS\BunnyImages\_vti_cnf\day12-a.jpg <-- Brinkster /blrrfh/webroot/HRS/BunnyImages/_vti_cnf day12-a.jpg
2001.03.16 09:02 B C:\InetPub\wwwroot\Temp Wahrs\HRS\BunnyImages\_vti_cnf\day12-b.jpg <-- Brinkster /blrrfh/webroot/HRS/BunnyImages/_vti_cnf day12-b.jpg
2001.03.16 09:02 B C:\InetPub\wwwroot\Temp Wahrs\HRS\BunnyImages\_vti_cnf\day13-a.jpg <-- Brinkster /blrrfh/webroot/HRS/BunnyImages/_vti_cnf day13-a.jpg
2001.03.16 09:02 B C:\InetPub\wwwroot\Temp Wahrs\HRS\BunnyImages\_vti_cnf\day13-b.jpg <-- Brinkster /blrrfh/webroot/HRS/BunnyImages/_vti_cnf day13-b.jpg
2001.03.16 09:02 B C:\InetPub\wwwroot\Temp Wahrs\HRS\BunnyImages\_vti_cnf\day14-a.jpg <-- Brinkster /blrrfh/webroot/HRS/BunnyImages/_vti_cnf day14-a.jpg
2001.03.16 09:02 B C:\InetPub\wwwroot\Temp Wahrs\HRS\BunnyImages\_vti_cnf\day14-b.jpg <-- Brinkster /blrrfh/webroot/HRS/BunnyImages/_vti_cnf day14-b.jpg
2001.03.16 09:02 B C:\InetPub\wwwroot\Temp Wahrs\HRS\BunnyImages\_vti_cnf\day15-a.jpg <-- Brinkster /blrrfh/webroot/HRS/BunnyImages/_vti_cnf day15-a.jpg
2001.03.16 09:02 B C:\InetPub\wwwroot\Temp Wahrs\HRS\BunnyImages\_vti_cnf\day15-b.jpg <-- Brinkster /blrrfh/webroot/HRS/BunnyImages/_vti_cnf day15-b.jpg
2001.03.16 09:02 B C:\InetPub\wwwroot\Temp Wahrs\HRS\BunnyImages\_vti_cnf\day16-a.jpg <-- Brinkster /blrrfh/webroot/HRS/BunnyImages/_vti_cnf day16-a.jpg
2001.03.16 09:02 B C:\InetPub\wwwroot\Temp Wahrs\HRS\BunnyImages\_vti_cnf\day16-b.jpg <-- Brinkster /blrrfh/webroot/HRS/BunnyImages/_vti_cnf day16-b.jpg
2001.03.16 09:02 B C:\InetPub\wwwroot\Temp Wahrs\HRS\BunnyImages\_vti_cnf\day16-c.jpg <-- Brinkster /blrrfh/webroot/HRS/BunnyImages/_vti_cnf day16-c.jpg
2001.03.16 09:02 B C:\InetPub\wwwroot\Temp Wahrs\HRS\BunnyImages\_vti_cnf\day16-d.jpg <-- Brinkster /blrrfh/webroot/HRS/BunnyImages/_vti_cnf day16-d.jpg
2001.03.16 09:03 B C:\InetPub\wwwroot\Temp Wahrs\HRS\BunnyImages\_vti_cnf\day18-a.jpg <-- Brinkster /blrrfh/webroot/HRS/BunnyImages/_vti_cnf day18-a.jpg
2001.03.16 09:03 B C:\InetPub\wwwroot\Temp Wahrs\HRS\BunnyImages\_vti_cnf\day18-b.jpg <-- Brinkster /blrrfh/webroot/HRS/BunnyImages/_vti_cnf day18-b.jpg
2001.03.16 09:03 B C:\InetPub\wwwroot\Temp Wahrs\HRS\BunnyImages\_vti_cnf\day19-a.jpg <-- Brinkster /blrrfh/webroot/HRS/BunnyImages/_vti_cnf day19-a.jpg
2001.03.16 09:03 B C:\InetPub\wwwroot\Temp Wahrs\HRS\BunnyImages\_vti_cnf\day19-b.jpg <-- Brinkster /blrrfh/webroot/HRS/BunnyImages/_vti_cnf day19-b.jpg
2001.03.16 09:03 B C:\InetPub\wwwroot\Temp Wahrs\HRS\BunnyImages\_vti_cnf\day20-a.jpg <-- Brinkster /blrrfh/webroot/HRS/BunnyImages/_vti_cnf day20-a.jpg
2001.03.16 09:03 B C:\InetPub\wwwroot\Temp Wahrs\HRS\BunnyImages\_vti_cnf\day21-a.jpg <-- Brinkster /blrrfh/webroot/HRS/BunnyImages/_vti_cnf day21-a.jpg
2001.03.16 09:03 B C:\InetPub\wwwroot\Temp Wahrs\HRS\BunnyImages\_vti_cnf\day21-b.jpg <-- Brinkster /blrrfh/webroot/HRS/BunnyImages/_vti_cnf day21-b.jpg
2001.03.16 09:03 B C:\InetPub\wwwroot\Temp Wahrs\HRS\BunnyImages\_vti_cnf\day22-a.jpg <-- Brinkster /blrrfh/webroot/HRS/BunnyImages/_vti_cnf day22-a.jpg
2001.03.16 09:03 B C:\InetPub\wwwroot\Temp Wahrs\HRS\BunnyImages\_vti_cnf\day22-b.jpg <-- Brinkster /blrrfh/webroot/HRS/BunnyImages/_vti_cnf day22-b.jpg
2001.03.16 09:03 B C:\InetPub\wwwroot\Temp Wahrs\HRS\BunnyImages\_vti_cnf\day23-a.jpg <-- Brinkster /blrrfh/webroot/HRS/BunnyImages/_vti_cnf day23-a.jpg
2001.03.16 09:03 B C:\InetPub\wwwroot\Temp Wahrs\HRS\BunnyImages\_vti_cnf\day23-b.jpg <-- Brinkster /blrrfh/webroot/HRS/BunnyImages/_vti_cnf day23-b.jpg
2001.03.16 09:03 B C:\InetPub\wwwroot\Temp Wahrs\HRS\BunnyImages\_vti_cnf\day23-c.jpg <-- Brinkster /blrrfh/webroot/HRS/BunnyImages/_vti_cnf day23-c.jpg
2001.03.16 09:03 B C:\InetPub\wwwroot\Temp Wahrs\HRS\BunnyImages\_vti_cnf\day23-d.jpg <-- Brinkster /blrrfh/webroot/HRS/BunnyImages/_vti_cnf day23-d.jpg
2001.03.16 09:03 B C:\InetPub\wwwroot\Temp Wahrs\HRS\BunnyImages\_vti_cnf\Day26-a.jpg <-- Brinkster /blrrfh/webroot/HRS/BunnyImages/_vti_cnf Day26-a.jpg
2001.03.16 09:03 B C:\InetPub\wwwroot\Temp Wahrs\HRS\BunnyImages\_vti_cnf\Day26-b.jpg <-- Brinkster /blrrfh/webroot/HRS/BunnyImages/_vti_cnf Day26-b.jpg
2001.03.16 09:03 B C:\InetPub\wwwroot\Temp Wahrs\HRS\BunnyImages\_vti_cnf\day35-a.jpg <-- Brinkster /blrrfh/webroot/HRS/BunnyImages/_vti_cnf day35-a.jpg
2001.03.16 09:03 B C:\InetPub\wwwroot\Temp Wahrs\HRS\BunnyImages\_vti_cnf\day35-b.jpg <-- Brinkster /blrrfh/webroot/HRS/BunnyImages/_vti_cnf day35-b.jpg
2001.03.16 09:03 B C:\InetPub\wwwroot\Temp Wahrs\HRS\BunnyImages\_vti_cnf\day35-c.jpg <-- Brinkster /blrrfh/webroot/HRS/BunnyImages/_vti_cnf day35-c.jpg
2001.03.16 09:03 B C:\InetPub\wwwroot\Temp Wahrs\HRS\BunnyImages\_vti_cnf\day35-d.jpg <-- Brinkster /blrrfh/webroot/HRS/BunnyImages/_vti_cnf day35-d.jpg
2001.03.16 09:03 B C:\InetPub\wwwroot\Temp Wahrs\HRS\BunnyImages\_vti_cnf\day36-a.jpg <-- Brinkster /blrrfh/webroot/HRS/BunnyImages/_vti_cnf day36-a.jpg
2001.03.16 09:03 B C:\InetPub\wwwroot\Temp Wahrs\HRS\BunnyImages\_vti_cnf\day36-b.jpg <-- Brinkster /blrrfh/webroot/HRS/BunnyImages/_vti_cnf day36-b.jpg
2001.03.16 09:03 B C:\InetPub\wwwroot\Temp Wahrs\HRS\BunnyImages\_vti_cnf\day4-a.jpg <-- Brinkster /blrrfh/webroot/HRS/BunnyImages/_vti_cnf day4-a.jpg
2001.03.16 09:03 B C:\InetPub\wwwroot\Temp Wahrs\HRS\BunnyImages\_vti_cnf\day4-b.jpg <-- Brinkster /blrrfh/webroot/HRS/BunnyImages/_vti_cnf day4-b.jpg
2001.03.16 09:03 B C:\InetPub\wwwroot\Temp Wahrs\HRS\BunnyImages\_vti_cnf\day4-c.jpg <-- Brinkster /blrrfh/webroot/HRS/BunnyImages/_vti_cnf day4-c.jpg
2001.03.16 09:03 B C:\InetPub\wwwroot\Temp Wahrs\HRS\BunnyImages\_vti_cnf\day42-a.jpg <-- Brinkster /blrrfh/webroot/HRS/BunnyImages/_vti_cnf day42-a.jpg
2001.03.16 09:03 B C:\InetPub\wwwroot\Temp Wahrs\HRS\BunnyImages\_vti_cnf\day49-a.jpg <-- Brinkster /blrrfh/webroot/HRS/BunnyImages/_vti_cnf day49-a.jpg
2001.03.16 09:03 B C:\InetPub\wwwroot\Temp Wahrs\HRS\BunnyImages\_vti_cnf\day5-a.jpg <-- Brinkster /blrrfh/webroot/HRS/BunnyImages/_vti_cnf day5-a.jpg
2001.03.16 09:03 B C:\InetPub\wwwroot\Temp Wahrs\HRS\BunnyImages\_vti_cnf\day5-b.jpg <-- Brinkster /blrrfh/webroot/HRS/BunnyImages/_vti_cnf day5-b.jpg
2001.03.16 09:03 B C:\InetPub\wwwroot\Temp Wahrs\HRS\BunnyImages\_vti_cnf\day52.jpg <-- Brinkster /blrrfh/webroot/HRS/BunnyImages/_vti_cnf day52.jpg
2001.03.16 09:03 B C:\InetPub\wwwroot\Temp Wahrs\HRS\BunnyImages\_vti_cnf\day6-a.jpg <-- Brinkster /blrrfh/webroot/HRS/BunnyImages/_vti_cnf day6-a.jpg
2001.03.16 09:03 B C:\InetPub\wwwroot\Temp Wahrs\HRS\BunnyImages\_vti_cnf\day6-b.jpg <-- Brinkster /blrrfh/webroot/HRS/BunnyImages/_vti_cnf day6-b.jpg
2001.03.16 09:03 B C:\InetPub\wwwroot\Temp Wahrs\HRS\BunnyImages\_vti_cnf\day8-a.jpg <-- Brinkster /blrrfh/webroot/HRS/BunnyImages/_vti_cnf day8-a.jpg
2001.03.16 09:03 B C:\InetPub\wwwroot\Temp Wahrs\HRS\BunnyImages\_vti_cnf\day9-a.jpg <-- Brinkster /blrrfh/webroot/HRS/BunnyImages/_vti_cnf day9-a.jpg
2001.03.16 09:03 B C:\InetPub\wwwroot\Temp Wahrs\HRS\BunnyImages\_vti_cnf\day9-b.jpg <-- Brinkster /blrrfh/webroot/HRS/BunnyImages/_vti_cnf day9-b.jpg
2001.03.16 09:03 B C:\InetPub\wwwroot\Temp Wahrs\HRS\BunnyImages\_vti_cnf\Dilly&Lilly.JPG <-- Brinkster /blrrfh/webroot/HRS/BunnyImages/_vti_cnf Dilly&Lilly.JPG
2001.03.16 09:03 B C:\InetPub\wwwroot\Temp Wahrs\HRS\BunnyImages\_vti_cnf\DishPanBunnies.jpg <-- Brinkster /blrrfh/webroot/HRS/BunnyImages/_vti_cnf DishPanBunnies.jpg
2001.03.16 09:03 B C:\InetPub\wwwroot\Temp Wahrs\HRS\BunnyImages\_vti_cnf\dixie.jpg <-- Brinkster /blrrfh/webroot/HRS/BunnyImages/_vti_cnf dixie.jpg
2001.03.16 09:04 B C:\InetPub\wwwroot\Temp Wahrs\HRS\BunnyImages\_vti_cnf\FemaleBaby1.JPG <-- Brinkster /blrrfh/webroot/HRS/BunnyImages/_vti_cnf FemaleBaby1.JPG
2001.03.16 09:04 B C:\InetPub\wwwroot\Temp Wahrs\HRS\BunnyImages\_vti_cnf\FemaleBaby2.JPG <-- Brinkster /blrrfh/webroot/HRS/BunnyImages/_vti_cnf FemaleBaby2.JPG
2001.03.16 09:04 B C:\InetPub\wwwroot\Temp Wahrs\HRS\BunnyImages\_vti_cnf\frazier.jpg <-- Brinkster /blrrfh/webroot/HRS/BunnyImages/_vti_cnf frazier.jpg
2001.03.16 09:04 B C:\InetPub\wwwroot\Temp Wahrs\HRS\BunnyImages\_vti_cnf\Gerbil-one.JPG <-- Brinkster /blrrfh/webroot/HRS/BunnyImages/_vti_cnf Gerbil-one.JPG
2001.03.16 09:04 B C:\InetPub\wwwroot\Temp Wahrs\HRS\BunnyImages\_vti_cnf\gerbils.jpg <-- Brinkster /blrrfh/webroot/HRS/BunnyImages/_vti_cnf gerbils.jpg
2001.03.16 09:04 B C:\InetPub\wwwroot\Temp Wahrs\HRS\BunnyImages\_vti_cnf\Goldie & Freddy.JPG <-- Brinkster /blrrfh/webroot/HRS/BunnyImages/_vti_cnf Goldie & Freddy.JPG
2001.03.16 09:04 B C:\InetPub\wwwroot\Temp Wahrs\HRS\BunnyImages\_vti_cnf\gunea.jpg <-- Brinkster /blrrfh/webroot/HRS/BunnyImages/_vti_cnf gunea.jpg
2001.03.16 09:04 B C:\InetPub\wwwroot\Temp Wahrs\HRS\BunnyImages\_vti_cnf\gunea1.jpg <-- Brinkster /blrrfh/webroot/HRS/BunnyImages/_vti_cnf gunea1.jpg
2001.03.16 09:04 B C:\InetPub\wwwroot\Temp Wahrs\HRS\BunnyImages\_vti_cnf\hamilton.jpg <-- Brinkster /blrrfh/webroot/HRS/BunnyImages/_vti_cnf hamilton.jpg
2001.03.16 09:04 B C:\InetPub\wwwroot\Temp Wahrs\HRS\BunnyImages\_vti_cnf\hamster.jpg <-- Brinkster /blrrfh/webroot/HRS/BunnyImages/_vti_cnf hamster.jpg
2001.03.16 09:04 B C:\InetPub\wwwroot\Temp Wahrs\HRS\BunnyImages\_vti_cnf\honey.jpg <-- Brinkster /blrrfh/webroot/HRS/BunnyImages/_vti_cnf honey.jpg
2001.03.16 09:04 B C:\InetPub\wwwroot\Temp Wahrs\HRS\BunnyImages\_vti_cnf\HotSummerDay.JPG <-- Brinkster /blrrfh/webroot/HRS/BunnyImages/_vti_cnf HotSummerDay.JPG
2001.03.16 09:04 B C:\InetPub\wwwroot\Temp Wahrs\HRS\BunnyImages\_vti_cnf\HRS_RR.jpg <-- Brinkster /blrrfh/webroot/HRS/BunnyImages/_vti_cnf HRS_RR.jpg
2001.03.16 09:04 B C:\InetPub\wwwroot\Temp Wahrs\HRS\BunnyImages\_vti_cnf\HRSBun001.jpg <-- Brinkster /blrrfh/webroot/HRS/BunnyImages/_vti_cnf HRSBun001.jpg
2001.03.16 09:04 B C:\InetPub\wwwroot\Temp Wahrs\HRS\BunnyImages\_vti_cnf\HRSBun002.jpg <-- Brinkster /blrrfh/webroot/HRS/BunnyImages/_vti_cnf HRSBun002.jpg
2001.03.16 09:04 B C:\InetPub\wwwroot\Temp Wahrs\HRS\BunnyImages\_vti_cnf\HRSBun003.jpg <-- Brinkster /blrrfh/webroot/HRS/BunnyImages/_vti_cnf HRSBun003.jpg
2001.03.16 09:04 B C:\InetPub\wwwroot\Temp Wahrs\HRS\BunnyImages\_vti_cnf\HRSBun004.jpg <-- Brinkster /blrrfh/webroot/HRS/BunnyImages/_vti_cnf HRSBun004.jpg
2001.03.16 09:04 B C:\InetPub\wwwroot\Temp Wahrs\HRS\BunnyImages\_vti_cnf\HRSBun005.jpg <-- Brinkster /blrrfh/webroot/HRS/BunnyImages/_vti_cnf HRSBun005.jpg
2001.03.16 09:04 B C:\InetPub\wwwroot\Temp Wahrs\HRS\BunnyImages\_vti_cnf\HRSBun006.jpg <-- Brinkster /blrrfh/webroot/HRS/BunnyImages/_vti_cnf HRSBun006.jpg
2001.03.16 09:04 B C:\InetPub\wwwroot\Temp Wahrs\HRS\BunnyImages\_vti_cnf\HRSBun007.jpg <-- Brinkster /blrrfh/webroot/HRS/BunnyImages/_vti_cnf HRSBun007.jpg
2001.03.16 09:04 B C:\InetPub\wwwroot\Temp Wahrs\HRS\BunnyImages\_vti_cnf\HRSBun008.jpg <-- Brinkster /blrrfh/webroot/HRS/BunnyImages/_vti_cnf HRSBun008.jpg
2001.03.16 09:04 B C:\InetPub\wwwroot\Temp Wahrs\HRS\BunnyImages\_vti_cnf\HRSBun009.jpg <-- Brinkster /blrrfh/webroot/HRS/BunnyImages/_vti_cnf HRSBun009.jpg
2001.03.16 09:04 B C:\InetPub\wwwroot\Temp Wahrs\HRS\BunnyImages\_vti_cnf\HRSBun010.jpg <-- Brinkster /blrrfh/webroot/HRS/BunnyImages/_vti_cnf HRSBun010.jpg
2001.03.16 09:04 B C:\InetPub\wwwroot\Temp Wahrs\HRS\BunnyImages\_vti_cnf\Jack01.jpg <-- Brinkster /blrrfh/webroot/HRS/BunnyImages/_vti_cnf Jack01.jpg
2001.03.16 09:04 B C:\InetPub\wwwroot\Temp Wahrs\HRS\BunnyImages\_vti_cnf\joliet.jpg <-- Brinkster /blrrfh/webroot/HRS/BunnyImages/_vti_cnf joliet.jpg
2001.03.16 09:04 B C:\InetPub\wwwroot\Temp Wahrs\HRS\BunnyImages\_vti_cnf\KathyWest.JPG <-- Brinkster /blrrfh/webroot/HRS/BunnyImages/_vti_cnf KathyWest.JPG
2001.03.16 09:04 B C:\InetPub\wwwroot\Temp Wahrs\HRS\BunnyImages\_vti_cnf\Kiki.jpg <-- Brinkster /blrrfh/webroot/HRS/BunnyImages/_vti_cnf Kiki.jpg
2001.03.16 09:04 B C:\InetPub\wwwroot\Temp Wahrs\HRS\BunnyImages\_vti_cnf\leo1.jpg <-- Brinkster /blrrfh/webroot/HRS/BunnyImages/_vti_cnf leo1.jpg
2001.03.16 09:04 B C:\InetPub\wwwroot\Temp Wahrs\HRS\BunnyImages\_vti_cnf\leo2.jpg <-- Brinkster /blrrfh/webroot/HRS/BunnyImages/_vti_cnf leo2.jpg
2001.03.16 09:04 B C:\InetPub\wwwroot\Temp Wahrs\HRS\BunnyImages\_vti_cnf\Lightning.jpg <-- Brinkster /blrrfh/webroot/HRS/BunnyImages/_vti_cnf Lightning.jpg
2001.03.16 09:04 B C:\InetPub\wwwroot\Temp Wahrs\HRS\BunnyImages\_vti_cnf\Lilly&Dilly.JPG <-- Brinkster /blrrfh/webroot/HRS/BunnyImages/_vti_cnf Lilly&Dilly.JPG
2001.03.16 09:04 B C:\InetPub\wwwroot\Temp Wahrs\HRS\BunnyImages\_vti_cnf\Lily&Dilly.JPG <-- Brinkster /blrrfh/webroot/HRS/BunnyImages/_vti_cnf Lily&Dilly.JPG
2001.03.16 09:04 B C:\InetPub\wwwroot\Temp Wahrs\HRS\BunnyImages\_vti_cnf\Lippy.jpg <-- Brinkster /blrrfh/webroot/HRS/BunnyImages/_vti_cnf Lippy.jpg
2001.03.16 09:04 B C:\InetPub\wwwroot\Temp Wahrs\HRS\BunnyImages\_vti_cnf\MaleAgouti1.JPG <-- Brinkster /blrrfh/webroot/HRS/BunnyImages/_vti_cnf MaleAgouti1.JPG
2001.03.16 09:04 B C:\InetPub\wwwroot\Temp Wahrs\HRS\BunnyImages\_vti_cnf\MaleAgouti2.JPG <-- Brinkster /blrrfh/webroot/HRS/BunnyImages/_vti_cnf MaleAgouti2.JPG
2001.03.16 09:04 B C:\InetPub\wwwroot\Temp Wahrs\HRS\BunnyImages\_vti_cnf\Malone&Capone.jpg <-- Brinkster /blrrfh/webroot/HRS/BunnyImages/_vti_cnf Malone&Capone.jpg
2001.03.16 09:04 B C:\InetPub\wwwroot\Temp Wahrs\HRS\BunnyImages\_vti_cnf\Minnie.jpg <-- Brinkster /blrrfh/webroot/HRS/BunnyImages/_vti_cnf Minnie.jpg
2001.03.16 09:05 B C:\InetPub\wwwroot\Temp Wahrs\HRS\BunnyImages\_vti_cnf\mom1.jpg <-- Brinkster /blrrfh/webroot/HRS/BunnyImages/_vti_cnf mom1.jpg
2001.03.16 09:05 B C:\InetPub\wwwroot\Temp Wahrs\HRS\BunnyImages\_vti_cnf\mom2.jpg <-- Brinkster /blrrfh/webroot/HRS/BunnyImages/_vti_cnf mom2.jpg
2001.03.16 09:05 B C:\InetPub\wwwroot\Temp Wahrs\HRS\BunnyImages\_vti_cnf\mom4.jpg <-- Brinkster /blrrfh/webroot/HRS/BunnyImages/_vti_cnf mom4.jpg
2001.03.16 09:05 B C:\InetPub\wwwroot\Temp Wahrs\HRS\BunnyImages\_vti_cnf\mombun.jpg <-- Brinkster /blrrfh/webroot/HRS/BunnyImages/_vti_cnf mombun.jpg
2001.03.16 09:05 B C:\InetPub\wwwroot\Temp Wahrs\HRS\BunnyImages\_vti_cnf\MomssBaxter.JPG <-- Brinkster /blrrfh/webroot/HRS/BunnyImages/_vti_cnf MomssBaxter.JPG
2001.03.16 09:05 B C:\InetPub\wwwroot\Temp Wahrs\HRS\BunnyImages\_vti_cnf\MomsThurman.JPG <-- Brinkster /blrrfh/webroot/HRS/BunnyImages/_vti_cnf MomsThurman.JPG
2001.03.16 09:05 B C:\InetPub\wwwroot\Temp Wahrs\HRS\BunnyImages\_vti_cnf\nicky.jpg <-- Brinkster /blrrfh/webroot/HRS/BunnyImages/_vti_cnf nicky.jpg
2001.03.16 09:05 B C:\InetPub\wwwroot\Temp Wahrs\HRS\BunnyImages\_vti_cnf\NineWeeks.jpg <-- Brinkster /blrrfh/webroot/HRS/BunnyImages/_vti_cnf NineWeeks.jpg
2001.03.16 09:05 B C:\InetPub\wwwroot\Temp Wahrs\HRS\BunnyImages\_vti_cnf\NineWeeksB.jpg <-- Brinkster /blrrfh/webroot/HRS/BunnyImages/_vti_cnf NineWeeksB.jpg
2001.03.16 09:05 B C:\InetPub\wwwroot\Temp Wahrs\HRS\BunnyImages\_vti_cnf\NineWeeksC.jpg <-- Brinkster /blrrfh/webroot/HRS/BunnyImages/_vti_cnf NineWeeksC.jpg
2001.03.16 09:05 B C:\InetPub\wwwroot\Temp Wahrs\HRS\BunnyImages\_vti_cnf\NineWeeksD.jpg <-- Brinkster /blrrfh/webroot/HRS/BunnyImages/_vti_cnf NineWeeksD.jpg
2001.03.16 09:05 B C:\InetPub\wwwroot\Temp Wahrs\HRS\BunnyImages\_vti_cnf\Orange.JPG <-- Brinkster /blrrfh/webroot/HRS/BunnyImages/_vti_cnf Orange.JPG
2001.03.16 09:05 B C:\InetPub\wwwroot\Temp Wahrs\HRS\BunnyImages\_vti_cnf\p081201.jpg <-- Brinkster /blrrfh/webroot/HRS/BunnyImages/_vti_cnf p081201.jpg
2001.03.16 09:05 B C:\InetPub\wwwroot\Temp Wahrs\HRS\BunnyImages\_vti_cnf\p090103.jpg <-- Brinkster /blrrfh/webroot/HRS/BunnyImages/_vti_cnf p090103.jpg
2001.03.16 09:05 B C:\InetPub\wwwroot\Temp Wahrs\HRS\BunnyImages\_vti_cnf\p090104.jpg <-- Brinkster /blrrfh/webroot/HRS/BunnyImages/_vti_cnf p090104.jpg
2001.03.16 09:05 B C:\InetPub\wwwroot\Temp Wahrs\HRS\BunnyImages\_vti_cnf\p090105.jpg <-- Brinkster /blrrfh/webroot/HRS/BunnyImages/_vti_cnf p090105.jpg
2001.03.16 09:05 B C:\InetPub\wwwroot\Temp Wahrs\HRS\BunnyImages\_vti_cnf\p090106.jpg <-- Brinkster /blrrfh/webroot/HRS/BunnyImages/_vti_cnf p090106.jpg
2001.03.16 09:05 B C:\InetPub\wwwroot\Temp Wahrs\HRS\BunnyImages\_vti_cnf\p090107.jpg <-- Brinkster /blrrfh/webroot/HRS/BunnyImages/_vti_cnf p090107.jpg
2001.03.16 09:05 B C:\InetPub\wwwroot\Temp Wahrs\HRS\BunnyImages\_vti_cnf\p090108.jpg <-- Brinkster /blrrfh/webroot/HRS/BunnyImages/_vti_cnf p090108.jpg
2001.03.16 09:05 B C:\InetPub\wwwroot\Temp Wahrs\HRS\BunnyImages\_vti_cnf\p090109.jpg <-- Brinkster /blrrfh/webroot/HRS/BunnyImages/_vti_cnf p090109.jpg
2001.03.16 09:05 B C:\InetPub\wwwroot\Temp Wahrs\HRS\BunnyImages\_vti_cnf\p1011b01.jpg <-- Brinkster /blrrfh/webroot/HRS/BunnyImages/_vti_cnf p1011b01.jpg
2001.03.16 09:05 B C:\InetPub\wwwroot\Temp Wahrs\HRS\BunnyImages\_vti_cnf\pa050623.jpg <-- Brinkster /blrrfh/webroot/HRS/BunnyImages/_vti_cnf pa050623.jpg
2001.03.16 09:05 B C:\InetPub\wwwroot\Temp Wahrs\HRS\BunnyImages\_vti_cnf\phoebe.jpg <-- Brinkster /blrrfh/webroot/HRS/BunnyImages/_vti_cnf phoebe.jpg
2001.03.16 09:05 B C:\InetPub\wwwroot\Temp Wahrs\HRS\BunnyImages\_vti_cnf\pookie.jpg <-- Brinkster /blrrfh/webroot/HRS/BunnyImages/_vti_cnf pookie.jpg
2001.03.16 09:05 B C:\InetPub\wwwroot\Temp Wahrs\HRS\BunnyImages\_vti_cnf\rat.jpg <-- Brinkster /blrrfh/webroot/HRS/BunnyImages/_vti_cnf rat.jpg
2001.03.16 09:05 B C:\InetPub\wwwroot\Temp Wahrs\HRS\BunnyImages\_vti_cnf\rocky.jpg <-- Brinkster /blrrfh/webroot/HRS/BunnyImages/_vti_cnf rocky.jpg
2001.03.16 09:05 B C:\InetPub\wwwroot\Temp Wahrs\HRS\BunnyImages\_vti_cnf\sara1.jpg <-- Brinkster /blrrfh/webroot/HRS/BunnyImages/_vti_cnf sara1.jpg
2001.03.16 09:05 B C:\InetPub\wwwroot\Temp Wahrs\HRS\BunnyImages\_vti_cnf\sara3.jpg <-- Brinkster /blrrfh/webroot/HRS/BunnyImages/_vti_cnf sara3.jpg
2001.03.16 09:05 B C:\InetPub\wwwroot\Temp Wahrs\HRS\BunnyImages\_vti_cnf\shelton.jpg <-- Brinkster /blrrfh/webroot/HRS/BunnyImages/_vti_cnf shelton.jpg
2001.03.16 09:05 B C:\InetPub\wwwroot\Temp Wahrs\HRS\BunnyImages\_vti_cnf\SirSilflay.jpg <-- Brinkster /blrrfh/webroot/HRS/BunnyImages/_vti_cnf SirSilflay.jpg
2001.03.16 09:05 B C:\InetPub\wwwroot\Temp Wahrs\HRS\BunnyImages\_vti_cnf\snowbunny.JPG <-- Brinkster /blrrfh/webroot/HRS/BunnyImages/_vti_cnf snowbunny.JPG
2001.03.16 09:05 B C:\InetPub\wwwroot\Temp Wahrs\HRS\BunnyImages\_vti_cnf\Sunshine.jpg <-- Brinkster /blrrfh/webroot/HRS/BunnyImages/_vti_cnf Sunshine.jpg
2001.03.16 09:06 B C:\InetPub\wwwroot\Temp Wahrs\HRS\BunnyImages\_vti_cnf\susie.jpg <-- Brinkster /blrrfh/webroot/HRS/BunnyImages/_vti_cnf susie.jpg
2001.03.16 09:06 B C:\InetPub\wwwroot\Temp Wahrs\HRS\BunnyImages\_vti_cnf\tanbaby.jpg <-- Brinkster /blrrfh/webroot/HRS/BunnyImages/_vti_cnf tanbaby.jpg
2001.03.16 09:06 B C:\InetPub\wwwroot\Temp Wahrs\HRS\BunnyImages\_vti_cnf\TandyGPig.JPG <-- Brinkster /blrrfh/webroot/HRS/BunnyImages/_vti_cnf TandyGPig.JPG
2001.03.16 09:06 B C:\InetPub\wwwroot\Temp Wahrs\HRS\BunnyImages\_vti_cnf\TeresaThomas.JPG <-- Brinkster /blrrfh/webroot/HRS/BunnyImages/_vti_cnf TeresaThomas.JPG
2001.03.16 09:06 B C:\InetPub\wwwroot\Temp Wahrs\HRS\BunnyImages\_vti_cnf\tommie.jpg <-- Brinkster /blrrfh/webroot/HRS/BunnyImages/_vti_cnf tommie.jpg
2001.03.16 09:06 B C:\InetPub\wwwroot\Temp Wahrs\HRS\BunnyImages\_vti_cnf\toto.jpg <-- Brinkster /blrrfh/webroot/HRS/BunnyImages/_vti_cnf toto.jpg
2001.03.16 09:06 B C:\InetPub\wwwroot\Temp Wahrs\HRS\BunnyImages\_vti_cnf\tworats.jpg <-- Brinkster /blrrfh/webroot/HRS/BunnyImages/_vti_cnf tworats.jpg
2001.03.16 13:49 B C:\InetPub\wwwroot\Temp Wahrs\HRS\BunnyImages\_vti_cnf\2B_BlackBrown.JPG --> ftp4.brinkster.com /washhrs/webroot/BunnyImages/_vti_cnf 2B_BlackBrown.JPG
2001.03.16 13:49 B C:\InetPub\wwwroot\Temp Wahrs\HRS\BunnyImages\_vti_cnf\2bbrown.jpg --> ftp4.brinkster.com /washhrs/webroot/BunnyImages/_vti_cnf 2bbrown.jpg
2001.03.16 13:49 B C:\InetPub\wwwroot\Temp Wahrs\HRS\BunnyImages\_vti_cnf\2bbrown1.jpg --> ftp4.brinkster.com /washhrs/webroot/BunnyImages/_vti_cnf 2bbrown1.jpg
2001.03.16 13:49 B C:\InetPub\wwwroot\Temp Wahrs\HRS\BunnyImages\_vti_cnf\2buns.jpg --> ftp4.brinkster.com /washhrs/webroot/BunnyImages/_vti_cnf 2buns.jpg
2001.03.16 13:49 B C:\InetPub\wwwroot\Temp Wahrs\HRS\BunnyImages\_vti_cnf\AlexAndWanda.jpg --> ftp4.brinkster.com /washhrs/webroot/BunnyImages/_vti_cnf AlexAndWanda.jpg
2001.03.16 13:49 B C:\InetPub\wwwroot\Temp Wahrs\HRS\BunnyImages\_vti_cnf\Angelo.jpg --> ftp4.brinkster.com /washhrs/webroot/BunnyImages/_vti_cnf Angelo.jpg
2001.03.16 13:49 B C:\InetPub\wwwroot\Temp Wahrs\HRS\BunnyImages\_vti_cnf\Arka&Athena.JPG --> ftp4.brinkster.com /washhrs/webroot/BunnyImages/_vti_cnf Arka&Athena.JPG
2001.03.16 13:49 B C:\InetPub\wwwroot\Temp Wahrs\HRS\BunnyImages\_vti_cnf\armond.jpg --> ftp4.brinkster.com /washhrs/webroot/BunnyImages/_vti_cnf armond.jpg
2001.03.16 13:49 B C:\InetPub\wwwroot\Temp Wahrs\HRS\BunnyImages\_vti_cnf\armond1.jpg --> ftp4.brinkster.com /washhrs/webroot/BunnyImages/_vti_cnf armond1.jpg
2001.03.16 13:49 B C:\InetPub\wwwroot\Temp Wahrs\HRS\BunnyImages\_vti_cnf\Babies 5-20-00.jpg --> ftp4.brinkster.com /washhrs/webroot/BunnyImages/_vti_cnf Babies 5-20-00.jpg
2001.03.16 13:49 B C:\InetPub\wwwroot\Temp Wahrs\HRS\BunnyImages\_vti_cnf\babies.jpg --> ftp4.brinkster.com /washhrs/webroot/BunnyImages/_vti_cnf babies.jpg
2001.03.16 13:49 B C:\InetPub\wwwroot\Temp Wahrs\HRS\BunnyImages\_vti_cnf\bacchus.jpg --> ftp4.brinkster.com /washhrs/webroot/BunnyImages/_vti_cnf bacchus.jpg
2001.03.16 13:50 B C:\InetPub\wwwroot\Temp Wahrs\HRS\BunnyImages\_vti_cnf\BeatrixAndIndy.jpg --> ftp4.brinkster.com /washhrs/webroot/BunnyImages/_vti_cnf BeatrixAndIndy.jpg
2001.03.16 13:50 B C:\InetPub\wwwroot\Temp Wahrs\HRS\BunnyImages\_vti_cnf\bella.jpg --> ftp4.brinkster.com /washhrs/webroot/BunnyImages/_vti_cnf bella.jpg
2001.03.16 13:50 B C:\InetPub\wwwroot\Temp Wahrs\HRS\BunnyImages\_vti_cnf\BenWithTasha.jpg --> ftp4.brinkster.com /washhrs/webroot/BunnyImages/_vti_cnf BenWithTasha.jpg
2001.03.16 13:50 B C:\InetPub\wwwroot\Temp Wahrs\HRS\BunnyImages\_vti_cnf\bishop.jpg --> ftp4.brinkster.com /washhrs/webroot/BunnyImages/_vti_cnf bishop.jpg
2001.03.16 13:50 B C:\InetPub\wwwroot\Temp Wahrs\HRS\BunnyImages\_vti_cnf\black1.jpg --> ftp4.brinkster.com /washhrs/webroot/BunnyImages/_vti_cnf black1.jpg
2001.03.16 13:50 B C:\InetPub\wwwroot\Temp Wahrs\HRS\BunnyImages\_vti_cnf\black2.jpg --> ftp4.brinkster.com /washhrs/webroot/BunnyImages/_vti_cnf black2.jpg
2001.03.16 13:50 B C:\InetPub\wwwroot\Temp Wahrs\HRS\BunnyImages\_vti_cnf\brown.jpg --> ftp4.brinkster.com /washhrs/webroot/BunnyImages/_vti_cnf brown.jpg
2001.03.16 13:50 B C:\InetPub\wwwroot\Temp Wahrs\HRS\BunnyImages\_vti_cnf\brown1.jpg --> ftp4.brinkster.com /washhrs/webroot/BunnyImages/_vti_cnf brown1.jpg
2001.03.16 13:50 B C:\InetPub\wwwroot\Temp Wahrs\HRS\BunnyImages\_vti_cnf\Bruce&Betty.JPG --> ftp4.brinkster.com /washhrs/webroot/BunnyImages/_vti_cnf Bruce&Betty.JPG
2001.03.16 13:50 B C:\InetPub\wwwroot\Temp Wahrs\HRS\BunnyImages\_vti_cnf\bruce.jpg --> ftp4.brinkster.com /washhrs/webroot/BunnyImages/_vti_cnf bruce.jpg
2001.03.16 13:50 B C:\InetPub\wwwroot\Temp Wahrs\HRS\BunnyImages\_vti_cnf\Bubba & friends.JPG --> ftp4.brinkster.com /washhrs/webroot/BunnyImages/_vti_cnf Bubba & friends.JPG
2001.03.16 13:50 B C:\InetPub\wwwroot\Temp Wahrs\HRS\BunnyImages\_vti_cnf\BunnyNipples.jpg --> ftp4.brinkster.com /washhrs/webroot/BunnyImages/_vti_cnf BunnyNipples.jpg
2001.03.16 13:50 B C:\InetPub\wwwroot\Temp Wahrs\HRS\BunnyImages\_vti_cnf\bunnyrescued010801.JPG --> ftp4.brinkster.com /washhrs/webroot/BunnyImages/_vti_cnf bunnyrescued010801.JPG
2001.03.16 13:50 B C:\InetPub\wwwroot\Temp Wahrs\HRS\BunnyImages\_vti_cnf\buster.jpg --> ftp4.brinkster.com /washhrs/webroot/BunnyImages/_vti_cnf buster.jpg
2001.03.16 13:50 B C:\InetPub\wwwroot\Temp Wahrs\HRS\BunnyImages\_vti_cnf\Charlotte.TIF --> ftp4.brinkster.com /washhrs/webroot/BunnyImages/_vti_cnf Charlotte.TIF
2001.03.16 13:50 B C:\InetPub\wwwroot\Temp Wahrs\HRS\BunnyImages\_vti_cnf\Clara Bell & Claudine.JPG --> ftp4.brinkster.com /washhrs/webroot/BunnyImages/_vti_cnf Clara Bell & Claudine.JPG
2001.03.16 13:50 B C:\InetPub\wwwroot\Temp Wahrs\HRS\BunnyImages\_vti_cnf\Cookie.jpg --> ftp4.brinkster.com /washhrs/webroot/BunnyImages/_vti_cnf Cookie.jpg
2001.03.16 13:50 B C:\InetPub\wwwroot\Temp Wahrs\HRS\BunnyImages\_vti_cnf\Day 8-b.jpg --> ftp4.brinkster.com /washhrs/webroot/BunnyImages/_vti_cnf Day 8-b.jpg
2001.03.16 13:50 B C:\InetPub\wwwroot\Temp Wahrs\HRS\BunnyImages\_vti_cnf\Day 9-c.jpg --> ftp4.brinkster.com /washhrs/webroot/BunnyImages/_vti_cnf Day 9-c.jpg
2001.03.16 13:50 B C:\InetPub\wwwroot\Temp Wahrs\HRS\BunnyImages\_vti_cnf\day10-a.jpg --> ftp4.brinkster.com /washhrs/webroot/BunnyImages/_vti_cnf day10-a.jpg
2001.03.16 13:50 B C:\InetPub\wwwroot\Temp Wahrs\HRS\BunnyImages\_vti_cnf\day10-b.jpg --> ftp4.brinkster.com /washhrs/webroot/BunnyImages/_vti_cnf day10-b.jpg
2001.03.16 13:50 B C:\InetPub\wwwroot\Temp Wahrs\HRS\BunnyImages\_vti_cnf\day10-c.jpg --> ftp4.brinkster.com /washhrs/webroot/BunnyImages/_vti_cnf day10-c.jpg
2001.03.16 13:50 B C:\InetPub\wwwroot\Temp Wahrs\HRS\BunnyImages\_vti_cnf\day10-d.jpg --> ftp4.brinkster.com /washhrs/webroot/BunnyImages/_vti_cnf day10-d.jpg
2001.03.16 13:50 B C:\InetPub\wwwroot\Temp Wahrs\HRS\BunnyImages\_vti_cnf\day10-e.jpg --> ftp4.brinkster.com /washhrs/webroot/BunnyImages/_vti_cnf day10-e.jpg
2001.03.16 13:50 B C:\InetPub\wwwroot\Temp Wahrs\HRS\BunnyImages\_vti_cnf\day11-a.jpg --> ftp4.brinkster.com /washhrs/webroot/BunnyImages/_vti_cnf day11-a.jpg
2001.03.16 13:50 B C:\InetPub\wwwroot\Temp Wahrs\HRS\BunnyImages\_vti_cnf\day11-b.jpg --> ftp4.brinkster.com /washhrs/webroot/BunnyImages/_vti_cnf day11-b.jpg
2001.03.16 13:50 B C:\InetPub\wwwroot\Temp Wahrs\HRS\BunnyImages\_vti_cnf\day11-c.jpg --> ftp4.brinkster.com /washhrs/webroot/BunnyImages/_vti_cnf day11-c.jpg
2001.03.16 13:50 B C:\InetPub\wwwroot\Temp Wahrs\HRS\BunnyImages\_vti_cnf\day12-a.jpg --> ftp4.brinkster.com /washhrs/webroot/BunnyImages/_vti_cnf day12-a.jpg
2001.03.16 13:50 B C:\InetPub\wwwroot\Temp Wahrs\HRS\BunnyImages\_vti_cnf\day12-b.jpg --> ftp4.brinkster.com /washhrs/webroot/BunnyImages/_vti_cnf day12-b.jpg
2001.03.16 13:50 B C:\InetPub\wwwroot\Temp Wahrs\HRS\BunnyImages\_vti_cnf\day13-a.jpg --> ftp4.brinkster.com /washhrs/webroot/BunnyImages/_vti_cnf day13-a.jpg
2001.03.16 13:50 B C:\InetPub\wwwroot\Temp Wahrs\HRS\BunnyImages\_vti_cnf\day13-b.jpg --> ftp4.brinkster.com /washhrs/webroot/BunnyImages/_vti_cnf day13-b.jpg
2001.03.16 13:50 B C:\InetPub\wwwroot\Temp Wahrs\HRS\BunnyImages\_vti_cnf\day14-a.jpg --> ftp4.brinkster.com /washhrs/webroot/BunnyImages/_vti_cnf day14-a.jpg
2001.03.16 13:50 B C:\InetPub\wwwroot\Temp Wahrs\HRS\BunnyImages\_vti_cnf\day14-b.jpg --> ftp4.brinkster.com /washhrs/webroot/BunnyImages/_vti_cnf day14-b.jpg
2001.03.16 13:50 B C:\InetPub\wwwroot\Temp Wahrs\HRS\BunnyImages\_vti_cnf\day15-a.jpg --> ftp4.brinkster.com /washhrs/webroot/BunnyImages/_vti_cnf day15-a.jpg
2001.03.16 13:50 B C:\InetPub\wwwroot\Temp Wahrs\HRS\BunnyImages\_vti_cnf\day15-b.jpg --> ftp4.brinkster.com /washhrs/webroot/BunnyImages/_vti_cnf day15-b.jpg
2001.03.16 13:50 B C:\InetPub\wwwroot\Temp Wahrs\HRS\BunnyImages\_vti_cnf\day16-a.jpg --> ftp4.brinkster.com /washhrs/webroot/BunnyImages/_vti_cnf day16-a.jpg
2001.03.16 13:50 B C:\InetPub\wwwroot\Temp Wahrs\HRS\BunnyImages\_vti_cnf\day16-b.jpg --> ftp4.brinkster.com /washhrs/webroot/BunnyImages/_vti_cnf day16-b.jpg
2001.03.16 13:50 B C:\InetPub\wwwroot\Temp Wahrs\HRS\BunnyImages\_vti_cnf\day16-c.jpg --> ftp4.brinkster.com /washhrs/webroot/BunnyImages/_vti_cnf day16-c.jpg
2001.03.16 13:50 B C:\InetPub\wwwroot\Temp Wahrs\HRS\BunnyImages\_vti_cnf\day16-d.jpg --> ftp4.brinkster.com /washhrs/webroot/BunnyImages/_vti_cnf day16-d.jpg
2001.03.16 13:51 B C:\InetPub\wwwroot\Temp Wahrs\HRS\BunnyImages\_vti_cnf\day18-a.jpg --> ftp4.brinkster.com /washhrs/webroot/BunnyImages/_vti_cnf day18-a.jpg
2001.03.16 13:51 B C:\InetPub\wwwroot\Temp Wahrs\HRS\BunnyImages\_vti_cnf\day18-b.jpg --> ftp4.brinkster.com /washhrs/webroot/BunnyImages/_vti_cnf day18-b.jpg
2001.03.16 13:51 B C:\InetPub\wwwroot\Temp Wahrs\HRS\BunnyImages\_vti_cnf\day19-a.jpg --> ftp4.brinkster.com /washhrs/webroot/BunnyImages/_vti_cnf day19-a.jpg
2001.03.16 13:51 B C:\InetPub\wwwroot\Temp Wahrs\HRS\BunnyImages\_vti_cnf\day19-b.jpg --> ftp4.brinkster.com /washhrs/webroot/BunnyImages/_vti_cnf day19-b.jpg
2001.03.16 13:51 B C:\InetPub\wwwroot\Temp Wahrs\HRS\BunnyImages\_vti_cnf\day20-a.jpg --> ftp4.brinkster.com /washhrs/webroot/BunnyImages/_vti_cnf day20-a.jpg
2001.03.16 13:51 B C:\InetPub\wwwroot\Temp Wahrs\HRS\BunnyImages\_vti_cnf\day21-a.jpg --> ftp4.brinkster.com /washhrs/webroot/BunnyImages/_vti_cnf day21-a.jpg
2001.03.16 13:51 B C:\InetPub\wwwroot\Temp Wahrs\HRS\BunnyImages\_vti_cnf\day21-b.jpg --> ftp4.brinkster.com /washhrs/webroot/BunnyImages/_vti_cnf day21-b.jpg
2001.03.16 13:51 B C:\InetPub\wwwroot\Temp Wahrs\HRS\BunnyImages\_vti_cnf\day22-a.jpg --> ftp4.brinkster.com /washhrs/webroot/BunnyImages/_vti_cnf day22-a.jpg
2001.03.16 13:51 B C:\InetPub\wwwroot\Temp Wahrs\HRS\BunnyImages\_vti_cnf\day22-b.jpg --> ftp4.brinkster.com /washhrs/webroot/BunnyImages/_vti_cnf day22-b.jpg
2001.03.16 13:51 B C:\InetPub\wwwroot\Temp Wahrs\HRS\BunnyImages\_vti_cnf\day23-a.jpg --> ftp4.brinkster.com /washhrs/webroot/BunnyImages/_vti_cnf day23-a.jpg
2001.03.16 13:51 B C:\InetPub\wwwroot\Temp Wahrs\HRS\BunnyImages\_vti_cnf\day23-b.jpg --> ftp4.brinkster.com /washhrs/webroot/BunnyImages/_vti_cnf day23-b.jpg
2001.03.16 13:51 B C:\InetPub\wwwroot\Temp Wahrs\HRS\BunnyImages\_vti_cnf\day23-c.jpg --> ftp4.brinkster.com /washhrs/webroot/BunnyImages/_vti_cnf day23-c.jpg
2001.03.16 13:51 B C:\InetPub\wwwroot\Temp Wahrs\HRS\BunnyImages\_vti_cnf\day23-d.jpg --> ftp4.brinkster.com /washhrs/webroot/BunnyImages/_vti_cnf day23-d.jpg
2001.03.16 13:51 B C:\InetPub\wwwroot\Temp Wahrs\HRS\BunnyImages\_vti_cnf\Day26-a.jpg --> ftp4.brinkster.com /washhrs/webroot/BunnyImages/_vti_cnf Day26-a.jpg
2001.03.16 13:51 B C:\InetPub\wwwroot\Temp Wahrs\HRS\BunnyImages\_vti_cnf\Day26-b.jpg --> ftp4.brinkster.com /washhrs/webroot/BunnyImages/_vti_cnf Day26-b.jpg
2001.03.16 13:51 B C:\InetPub\wwwroot\Temp Wahrs\HRS\BunnyImages\_vti_cnf\day35-a.jpg --> ftp4.brinkster.com /washhrs/webroot/BunnyImages/_vti_cnf day35-a.jpg
2001.03.16 13:51 B C:\InetPub\wwwroot\Temp Wahrs\HRS\BunnyImages\_vti_cnf\day35-b.jpg --> ftp4.brinkster.com /washhrs/webroot/BunnyImages/_vti_cnf day35-b.jpg
2001.03.16 13:51 B C:\InetPub\wwwroot\Temp Wahrs\HRS\BunnyImages\_vti_cnf\day35-c.jpg --> ftp4.brinkster.com /washhrs/webroot/BunnyImages/_vti_cnf day35-c.jpg
2001.03.16 13:51 B C:\InetPub\wwwroot\Temp Wahrs\HRS\BunnyImages\_vti_cnf\day35-d.jpg --> ftp4.brinkster.com /washhrs/webroot/BunnyImages/_vti_cnf day35-d.jpg
2001.03.16 13:51 B C:\InetPub\wwwroot\Temp Wahrs\HRS\BunnyImages\_vti_cnf\day36-a.jpg --> ftp4.brinkster.com /washhrs/webroot/BunnyImages/_vti_cnf day36-a.jpg
2001.03.16 13:51 B C:\InetPub\wwwroot\Temp Wahrs\HRS\BunnyImages\_vti_cnf\day36-b.jpg --> ftp4.brinkster.com /washhrs/webroot/BunnyImages/_vti_cnf day36-b.jpg
2001.03.16 13:51 B C:\InetPub\wwwroot\Temp Wahrs\HRS\BunnyImages\_vti_cnf\day4-a.jpg --> ftp4.brinkster.com /washhrs/webroot/BunnyImages/_vti_cnf day4-a.jpg
2001.03.16 13:51 B C:\InetPub\wwwroot\Temp Wahrs\HRS\BunnyImages\_vti_cnf\day4-b.jpg --> ftp4.brinkster.com /washhrs/webroot/BunnyImages/_vti_cnf day4-b.jpg
2001.03.16 13:51 B C:\InetPub\wwwroot\Temp Wahrs\HRS\BunnyImages\_vti_cnf\day4-c.jpg --> ftp4.brinkster.com /washhrs/webroot/BunnyImages/_vti_cnf day4-c.jpg
2001.03.16 13:51 B C:\InetPub\wwwroot\Temp Wahrs\HRS\BunnyImages\_vti_cnf\day42-a.jpg --> ftp4.brinkster.com /washhrs/webroot/BunnyImages/_vti_cnf day42-a.jpg
2001.03.16 13:51 B C:\InetPub\wwwroot\Temp Wahrs\HRS\BunnyImages\_vti_cnf\day49-a.jpg --> ftp4.brinkster.com /washhrs/webroot/BunnyImages/_vti_cnf day49-a.jpg
2001.03.16 13:51 B C:\InetPub\wwwroot\Temp Wahrs\HRS\BunnyImages\_vti_cnf\day5-a.jpg --> ftp4.brinkster.com /washhrs/webroot/BunnyImages/_vti_cnf day5-a.jpg
2001.03.16 13:51 B C:\InetPub\wwwroot\Temp Wahrs\HRS\BunnyImages\_vti_cnf\day5-b.jpg --> ftp4.brinkster.com /washhrs/webroot/BunnyImages/_vti_cnf day5-b.jpg
2001.03.16 13:51 B C:\InetPub\wwwroot\Temp Wahrs\HRS\BunnyImages\_vti_cnf\day52.jpg --> ftp4.brinkster.com /washhrs/webroot/BunnyImages/_vti_cnf day52.jpg
2001.03.16 13:51 B C:\InetPub\wwwroot\Temp Wahrs\HRS\BunnyImages\_vti_cnf\day6-a.jpg --> ftp4.brinkster.com /washhrs/webroot/BunnyImages/_vti_cnf day6-a.jpg
2001.03.16 13:51 B C:\InetPub\wwwroot\Temp Wahrs\HRS\BunnyImages\_vti_cnf\day6-b.jpg --> ftp4.brinkster.com /washhrs/webroot/BunnyImages/_vti_cnf day6-b.jpg
2001.03.16 13:51 B C:\InetPub\wwwroot\Temp Wahrs\HRS\BunnyImages\_vti_cnf\day8-a.jpg --> ftp4.brinkster.com /washhrs/webroot/BunnyImages/_vti_cnf day8-a.jpg
2001.03.16 13:51 B C:\InetPub\wwwroot\Temp Wahrs\HRS\BunnyImages\_vti_cnf\day9-a.jpg --> ftp4.brinkster.com /washhrs/webroot/BunnyImages/_vti_cnf day9-a.jpg
2001.03.16 13:51 B C:\InetPub\wwwroot\Temp Wahrs\HRS\BunnyImages\_vti_cnf\day9-b.jpg --> ftp4.brinkster.com /washhrs/webroot/BunnyImages/_vti_cnf day9-b.jpg
2001.03.16 13:51 B C:\InetPub\wwwroot\Temp Wahrs\HRS\BunnyImages\_vti_cnf\Dilly&Lilly.JPG --> ftp4.brinkster.com /washhrs/webroot/BunnyImages/_vti_cnf Dilly&Lilly.JPG
2001.03.16 13:51 B C:\InetPub\wwwroot\Temp Wahrs\HRS\BunnyImages\_vti_cnf\DishPanBunnies.jpg --> ftp4.brinkster.com /washhrs/webroot/BunnyImages/_vti_cnf DishPanBunnies.jpg
2001.03.16 13:51 B C:\InetPub\wwwroot\Temp Wahrs\HRS\BunnyImages\_vti_cnf\dixie.jpg --> ftp4.brinkster.com /washhrs/webroot/BunnyImages/_vti_cnf dixie.jpg
2001.03.16 13:51 B C:\InetPub\wwwroot\Temp Wahrs\HRS\BunnyImages\_vti_cnf\FemaleBaby1.JPG --> ftp4.brinkster.com /washhrs/webroot/BunnyImages/_vti_cnf FemaleBaby1.JPG
2001.03.16 13:51 B C:\InetPub\wwwroot\Temp Wahrs\HRS\BunnyImages\_vti_cnf\FemaleBaby2.JPG --> ftp4.brinkster.com /washhrs/webroot/BunnyImages/_vti_cnf FemaleBaby2.JPG
2001.03.16 13:52 B C:\InetPub\wwwroot\Temp Wahrs\HRS\BunnyImages\_vti_cnf\frazier.jpg --> ftp4.brinkster.com /washhrs/webroot/BunnyImages/_vti_cnf frazier.jpg
2001.03.16 13:52 B C:\InetPub\wwwroot\Temp Wahrs\HRS\BunnyImages\_vti_cnf\Gerbil-one.JPG --> ftp4.brinkster.com /washhrs/webroot/BunnyImages/_vti_cnf Gerbil-one.JPG
2001.03.16 13:52 B C:\InetPub\wwwroot\Temp Wahrs\HRS\BunnyImages\_vti_cnf\gerbils.jpg --> ftp4.brinkster.com /washhrs/webroot/BunnyImages/_vti_cnf gerbils.jpg
2001.03.16 13:52 B C:\InetPub\wwwroot\Temp Wahrs\HRS\BunnyImages\_vti_cnf\Goldie & Freddy.JPG --> ftp4.brinkster.com /washhrs/webroot/BunnyImages/_vti_cnf Goldie & Freddy.JPG
2001.03.16 13:52 B C:\InetPub\wwwroot\Temp Wahrs\HRS\BunnyImages\_vti_cnf\gunea.jpg --> ftp4.brinkster.com /washhrs/webroot/BunnyImages/_vti_cnf gunea.jpg
2001.03.16 13:52 B C:\InetPub\wwwroot\Temp Wahrs\HRS\BunnyImages\_vti_cnf\gunea1.jpg --> ftp4.brinkster.com /washhrs/webroot/BunnyImages/_vti_cnf gunea1.jpg
2001.03.16 13:52 B C:\InetPub\wwwroot\Temp Wahrs\HRS\BunnyImages\_vti_cnf\hamilton.jpg --> ftp4.brinkster.com /washhrs/webroot/BunnyImages/_vti_cnf hamilton.jpg
2001.03.16 13:52 B C:\InetPub\wwwroot\Temp Wahrs\HRS\BunnyImages\_vti_cnf\hamster.jpg --> ftp4.brinkster.com /washhrs/webroot/BunnyImages/_vti_cnf hamster.jpg
2001.03.16 13:52 B C:\InetPub\wwwroot\Temp Wahrs\HRS\BunnyImages\_vti_cnf\honey.jpg --> ftp4.brinkster.com /washhrs/webroot/BunnyImages/_vti_cnf honey.jpg
2001.03.16 13:52 B C:\InetPub\wwwroot\Temp Wahrs\HRS\BunnyImages\_vti_cnf\HotSummerDay.JPG --> ftp4.brinkster.com /washhrs/webroot/BunnyImages/_vti_cnf HotSummerDay.JPG
2001.03.16 13:52 B C:\InetPub\wwwroot\Temp Wahrs\HRS\BunnyImages\_vti_cnf\HRS_RR.jpg --> ftp4.brinkster.com /washhrs/webroot/BunnyImages/_vti_cnf HRS_RR.jpg
2001.03.16 13:52 B C:\InetPub\wwwroot\Temp Wahrs\HRS\BunnyImages\_vti_cnf\HRSBun001.jpg --> ftp4.brinkster.com /washhrs/webroot/BunnyImages/_vti_cnf HRSBun001.jpg
2001.03.16 13:52 B C:\InetPub\wwwroot\Temp Wahrs\HRS\BunnyImages\_vti_cnf\HRSBun002.jpg --> ftp4.brinkster.com /washhrs/webroot/BunnyImages/_vti_cnf HRSBun002.jpg
2001.03.16 13:52 B C:\InetPub\wwwroot\Temp Wahrs\HRS\BunnyImages\_vti_cnf\HRSBun003.jpg --> ftp4.brinkster.com /washhrs/webroot/BunnyImages/_vti_cnf HRSBun003.jpg
2001.03.16 13:52 B C:\InetPub\wwwroot\Temp Wahrs\HRS\BunnyImages\_vti_cnf\HRSBun004.jpg --> ftp4.brinkster.com /washhrs/webroot/BunnyImages/_vti_cnf HRSBun004.jpg
2001.03.16 13:52 B C:\InetPub\wwwroot\Temp Wahrs\HRS\BunnyImages\_vti_cnf\HRSBun005.jpg --> ftp4.brinkster.com /washhrs/webroot/BunnyImages/_vti_cnf HRSBun005.jpg
2001.03.16 13:52 B C:\InetPub\wwwroot\Temp Wahrs\HRS\BunnyImages\_vti_cnf\HRSBun006.jpg --> ftp4.brinkster.com /washhrs/webroot/BunnyImages/_vti_cnf HRSBun006.jpg
2001.03.16 13:52 B C:\InetPub\wwwroot\Temp Wahrs\HRS\BunnyImages\_vti_cnf\HRSBun007.jpg --> ftp4.brinkster.com /washhrs/webroot/BunnyImages/_vti_cnf HRSBun007.jpg
2001.03.16 13:52 B C:\InetPub\wwwroot\Temp Wahrs\HRS\BunnyImages\_vti_cnf\HRSBun008.jpg --> ftp4.brinkster.com /washhrs/webroot/BunnyImages/_vti_cnf HRSBun008.jpg
2001.03.16 13:52 B C:\InetPub\wwwroot\Temp Wahrs\HRS\BunnyImages\_vti_cnf\HRSBun009.jpg --> ftp4.brinkster.com /washhrs/webroot/BunnyImages/_vti_cnf HRSBun009.jpg
2001.03.16 13:52 B C:\InetPub\wwwroot\Temp Wahrs\HRS\BunnyImages\_vti_cnf\HRSBun010.jpg --> ftp4.brinkster.com /washhrs/webroot/BunnyImages/_vti_cnf HRSBun010.jpg
2001.03.16 13:52 B C:\InetPub\wwwroot\Temp Wahrs\HRS\BunnyImages\_vti_cnf\Jack01.jpg --> ftp4.brinkster.com /washhrs/webroot/BunnyImages/_vti_cnf Jack01.jpg
2001.03.16 13:52 B C:\InetPub\wwwroot\Temp Wahrs\HRS\BunnyImages\_vti_cnf\joliet.jpg --> ftp4.brinkster.com /washhrs/webroot/BunnyImages/_vti_cnf joliet.jpg
2001.03.16 13:52 B C:\InetPub\wwwroot\Temp Wahrs\HRS\BunnyImages\_vti_cnf\KathyWest.JPG --> ftp4.brinkster.com /washhrs/webroot/BunnyImages/_vti_cnf KathyWest.JPG
2001.03.16 13:52 B C:\InetPub\wwwroot\Temp Wahrs\HRS\BunnyImages\_vti_cnf\Kiki.jpg --> ftp4.brinkster.com /washhrs/webroot/BunnyImages/_vti_cnf Kiki.jpg
2001.03.16 13:52 B C:\InetPub\wwwroot\Temp Wahrs\HRS\BunnyImages\_vti_cnf\leo1.jpg --> ftp4.brinkster.com /washhrs/webroot/BunnyImages/_vti_cnf leo1.jpg
2001.03.16 13:52 B C:\InetPub\wwwroot\Temp Wahrs\HRS\BunnyImages\_vti_cnf\leo2.jpg --> ftp4.brinkster.com /washhrs/webroot/BunnyImages/_vti_cnf leo2.jpg
2001.03.16 13:52 B C:\InetPub\wwwroot\Temp Wahrs\HRS\BunnyImages\_vti_cnf\Lightning.jpg --> ftp4.brinkster.com /washhrs/webroot/BunnyImages/_vti_cnf Lightning.jpg
2001.03.16 13:52 B C:\InetPub\wwwroot\Temp Wahrs\HRS\BunnyImages\_vti_cnf\Lilly&Dilly.JPG --> ftp4.brinkster.com /washhrs/webroot/BunnyImages/_vti_cnf Lilly&Dilly.JPG
2001.03.16 13:52 B C:\InetPub\wwwroot\Temp Wahrs\HRS\BunnyImages\_vti_cnf\Lily&Dilly.JPG --> ftp4.brinkster.com /washhrs/webroot/BunnyImages/_vti_cnf Lily&Dilly.JPG
2001.03.16 13:52 B C:\InetPub\wwwroot\Temp Wahrs\HRS\BunnyImages\_vti_cnf\Lippy.jpg --> ftp4.brinkster.com /washhrs/webroot/BunnyImages/_vti_cnf Lippy.jpg
2001.03.16 13:52 B C:\InetPub\wwwroot\Temp Wahrs\HRS\BunnyImages\_vti_cnf\MaleAgouti1.JPG --> ftp4.brinkster.com /washhrs/webroot/BunnyImages/_vti_cnf MaleAgouti1.JPG
2001.03.16 13:52 B C:\InetPub\wwwroot\Temp Wahrs\HRS\BunnyImages\_vti_cnf\MaleAgouti2.JPG --> ftp4.brinkster.com /washhrs/webroot/BunnyImages/_vti_cnf MaleAgouti2.JPG
2001.03.16 13:52 B C:\InetPub\wwwroot\Temp Wahrs\HRS\BunnyImages\_vti_cnf\Malone&Capone.jpg --> ftp4.brinkster.com /washhrs/webroot/BunnyImages/_vti_cnf Malone&Capone.jpg
2001.03.16 13:52 B C:\InetPub\wwwroot\Temp Wahrs\HRS\BunnyImages\_vti_cnf\Minnie.jpg --> ftp4.brinkster.com /washhrs/webroot/BunnyImages/_vti_cnf Minnie.jpg
2001.03.16 13:52 B C:\InetPub\wwwroot\Temp Wahrs\HRS\BunnyImages\_vti_cnf\mom1.jpg --> ftp4.brinkster.com /washhrs/webroot/BunnyImages/_vti_cnf mom1.jpg
2001.03.16 13:52 B C:\InetPub\wwwroot\Temp Wahrs\HRS\BunnyImages\_vti_cnf\mom2.jpg --> ftp4.brinkster.com /washhrs/webroot/BunnyImages/_vti_cnf mom2.jpg
2001.03.16 13:52 B C:\InetPub\wwwroot\Temp Wahrs\HRS\BunnyImages\_vti_cnf\mom4.jpg --> ftp4.brinkster.com /washhrs/webroot/BunnyImages/_vti_cnf mom4.jpg
2001.03.16 13:52 B C:\InetPub\wwwroot\Temp Wahrs\HRS\BunnyImages\_vti_cnf\mombun.jpg --> ftp4.brinkster.com /washhrs/webroot/BunnyImages/_vti_cnf mombun.jpg
2001.03.16 13:53 B C:\InetPub\wwwroot\Temp Wahrs\HRS\BunnyImages\_vti_cnf\MomssBaxter.JPG --> ftp4.brinkster.com /washhrs/webroot/BunnyImages/_vti_cnf MomssBaxter.JPG
2001.03.16 13:53 B C:\InetPub\wwwroot\Temp Wahrs\HRS\BunnyImages\_vti_cnf\MomsThurman.JPG --> ftp4.brinkster.com /washhrs/webroot/BunnyImages/_vti_cnf MomsThurman.JPG
2001.03.16 13:53 B C:\InetPub\wwwroot\Temp Wahrs\HRS\BunnyImages\_vti_cnf\nicky.jpg --> ftp4.brinkster.com /washhrs/webroot/BunnyImages/_vti_cnf nicky.jpg
2001.03.16 13:53 B C:\InetPub\wwwroot\Temp Wahrs\HRS\BunnyImages\_vti_cnf\NineWeeks.jpg --> ftp4.brinkster.com /washhrs/webroot/BunnyImages/_vti_cnf NineWeeks.jpg
2001.03.16 13:53 B C:\InetPub\wwwroot\Temp Wahrs\HRS\BunnyImages\_vti_cnf\NineWeeksB.jpg --> ftp4.brinkster.com /washhrs/webroot/BunnyImages/_vti_cnf NineWeeksB.jpg
2001.03.16 13:53 B C:\InetPub\wwwroot\Temp Wahrs\HRS\BunnyImages\_vti_cnf\NineWeeksC.jpg --> ftp4.brinkster.com /washhrs/webroot/BunnyImages/_vti_cnf NineWeeksC.jpg
2001.03.16 13:53 B C:\InetPub\wwwroot\Temp Wahrs\HRS\BunnyImages\_vti_cnf\NineWeeksD.jpg --> ftp4.brinkster.com /washhrs/webroot/BunnyImages/_vti_cnf NineWeeksD.jpg
2001.03.16 13:53 B C:\InetPub\wwwroot\Temp Wahrs\HRS\BunnyImages\_vti_cnf\Orange.JPG --> ftp4.brinkster.com /washhrs/webroot/BunnyImages/_vti_cnf Orange.JPG
2001.03.16 13:53 B C:\InetPub\wwwroot\Temp Wahrs\HRS\BunnyImages\_vti_cnf\p081201.jpg --> ftp4.brinkster.com /washhrs/webroot/BunnyImages/_vti_cnf p081201.jpg
2001.03.16 13:53 B C:\InetPub\wwwroot\Temp Wahrs\HRS\BunnyImages\_vti_cnf\p090103.jpg --> ftp4.brinkster.com /washhrs/webroot/BunnyImages/_vti_cnf p090103.jpg
2001.03.16 13:53 B C:\InetPub\wwwroot\Temp Wahrs\HRS\BunnyImages\_vti_cnf\p090104.jpg --> ftp4.brinkster.com /washhrs/webroot/BunnyImages/_vti_cnf p090104.jpg
2001.03.16 13:53 B C:\InetPub\wwwroot\Temp Wahrs\HRS\BunnyImages\_vti_cnf\p090105.jpg --> ftp4.brinkster.com /washhrs/webroot/BunnyImages/_vti_cnf p090105.jpg
2001.03.16 13:53 B C:\InetPub\wwwroot\Temp Wahrs\HRS\BunnyImages\_vti_cnf\p090106.jpg --> ftp4.brinkster.com /washhrs/webroot/BunnyImages/_vti_cnf p090106.jpg
2001.03.16 13:53 B C:\InetPub\wwwroot\Temp Wahrs\HRS\BunnyImages\_vti_cnf\p090107.jpg --> ftp4.brinkster.com /washhrs/webroot/BunnyImages/_vti_cnf p090107.jpg
2001.03.16 13:53 B C:\InetPub\wwwroot\Temp Wahrs\HRS\BunnyImages\_vti_cnf\p090108.jpg --> ftp4.brinkster.com /washhrs/webroot/BunnyImages/_vti_cnf p090108.jpg
2001.03.16 13:53 B C:\InetPub\wwwroot\Temp Wahrs\HRS\BunnyImages\_vti_cnf\p090109.jpg --> ftp4.brinkster.com /washhrs/webroot/BunnyImages/_vti_cnf p090109.jpg
2001.03.16 13:53 B C:\InetPub\wwwroot\Temp Wahrs\HRS\BunnyImages\_vti_cnf\p1011b01.jpg --> ftp4.brinkster.com /washhrs/webroot/BunnyImages/_vti_cnf p1011b01.jpg
2001.03.16 13:53 B C:\InetPub\wwwroot\Temp Wahrs\HRS\BunnyImages\_vti_cnf\pa050623.jpg --> ftp4.brinkster.com /washhrs/webroot/BunnyImages/_vti_cnf pa050623.jpg
2001.03.16 13:53 B C:\InetPub\wwwroot\Temp Wahrs\HRS\BunnyImages\_vti_cnf\phoebe.jpg --> ftp4.brinkster.com /washhrs/webroot/BunnyImages/_vti_cnf phoebe.jpg
2001.03.16 13:53 B C:\InetPub\wwwroot\Temp Wahrs\HRS\BunnyImages\_vti_cnf\pookie.jpg --> ftp4.brinkster.com /washhrs/webroot/BunnyImages/_vti_cnf pookie.jpg
2001.03.16 13:53 B C:\InetPub\wwwroot\Temp Wahrs\HRS\BunnyImages\_vti_cnf\rat.jpg --> ftp4.brinkster.com /washhrs/webroot/BunnyImages/_vti_cnf rat.jpg
2001.03.16 13:53 B C:\InetPub\wwwroot\Temp Wahrs\HRS\BunnyImages\_vti_cnf\rocky.jpg --> ftp4.brinkster.com /washhrs/webroot/BunnyImages/_vti_cnf rocky.jpg
2001.03.16 13:53 B C:\InetPub\wwwroot\Temp Wahrs\HRS\BunnyImages\_vti_cnf\sara1.jpg --> ftp4.brinkster.com /washhrs/webroot/BunnyImages/_vti_cnf sara1.jpg
2001.03.16 13:53 B C:\InetPub\wwwroot\Temp Wahrs\HRS\BunnyImages\_vti_cnf\sara3.jpg --> ftp4.brinkster.com /washhrs/webroot/BunnyImages/_vti_cnf sara3.jpg
2001.03.16 13:53 B C:\InetPub\wwwroot\Temp Wahrs\HRS\BunnyImages\_vti_cnf\shelton.jpg --> ftp4.brinkster.com /washhrs/webroot/BunnyImages/_vti_cnf shelton.jpg
2001.03.16 13:53 B C:\InetPub\wwwroot\Temp Wahrs\HRS\BunnyImages\_vti_cnf\SirSilflay.jpg --> ftp4.brinkster.com /washhrs/webroot/BunnyImages/_vti_cnf SirSilflay.jpg
2001.03.16 13:53 B C:\InetPub\wwwroot\Temp Wahrs\HRS\BunnyImages\_vti_cnf\snowbunny.JPG --> ftp4.brinkster.com /washhrs/webroot/BunnyImages/_vti_cnf snowbunny.JPG
2001.03.16 13:53 B C:\InetPub\wwwroot\Temp Wahrs\HRS\BunnyImages\_vti_cnf\Sunshine.jpg --> ftp4.brinkster.com /washhrs/webroot/BunnyImages/_vti_cnf Sunshine.jpg
2001.03.16 13:53 B C:\InetPub\wwwroot\Temp Wahrs\HRS\BunnyImages\_vti_cnf\susie.jpg --> ftp4.brinkster.com /washhrs/webroot/BunnyImages/_vti_cnf susie.jpg
2001.03.16 13:53 B C:\InetPub\wwwroot\Temp Wahrs\HRS\BunnyImages\_vti_cnf\tanbaby.jpg --> ftp4.brinkster.com /washhrs/webroot/BunnyImages/_vti_cnf tanbaby.jpg
2001.03.16 13:53 B C:\InetPub\wwwroot\Temp Wahrs\HRS\BunnyImages\_vti_cnf\TandyGPig.JPG --> ftp4.brinkster.com /washhrs/webroot/BunnyImages/_vti_cnf TandyGPig.JPG
2001.03.16 13:53 B C:\InetPub\wwwroot\Temp Wahrs\HRS\BunnyImages\_vti_cnf\TeresaThomas.JPG --> ftp4.brinkster.com /washhrs/webroot/BunnyImages/_vti_cnf TeresaThomas.JPG
2001.03.16 13:53 B C:\InetPub\wwwroot\Temp Wahrs\HRS\BunnyImages\_vti_cnf\tommie.jpg --> ftp4.brinkster.com /washhrs/webroot/BunnyImages/_vti_cnf tommie.jpg
2001.03.16 13:53 B C:\InetPub\wwwroot\Temp Wahrs\HRS\BunnyImages\_vti_cnf\toto.jpg --> ftp4.brinkster.com /washhrs/webroot/BunnyImages/_vti_cnf toto.jpg
2001.03.16 13:53 B C:\InetPub\wwwroot\Temp Wahrs\HRS\BunnyImages\_vti_cnf\tworats.jpg --> ftp4.brinkster.com /washhrs/webroot/BunnyImages/_vti_cnf tworats.jpg
2003.11.17 10:49 B C:\HRS\New Site\BunnyImages\_vti_cnf\WS_FTP.LOG <-- HRS Wash /washhrs/webroot/BunnyImages/_vti_cnf WS_FTP.LOG
2003.11.17 11:19 B C:\HRS\New Site\BunnyImages\_vti_cnf\dixie.jpg --> 207.46.195.37 /WASHHRS/webroot/BunnyImages/_vti_cnf dixie.jpg
2003.11.17 11:19 B C:\HRS\New Site\BunnyImages\_vti_cnf\Jack01.jpg --> 207.46.195.37 /WASHHRS/webroot/BunnyImages/_vti_cnf Jack01.jpg
2003.11.17 11:19 B C:\HRS\New Site\BunnyImages\_vti_cnf\joliet.jpg --> 207.46.195.37 /WASHHRS/webroot/BunnyImages/_vti_cnf joliet.jpg
2003.11.17 11:19 B C:\HRS\New Site\BunnyImages\_vti_cnf\KathyWest.JPG --> 207.46.195.37 /WASHHRS/webroot/BunnyImages/_vti_cnf KathyWest.JPG
2003.11.17 11:19 B C:\HRS\New Site\BunnyImages\_vti_cnf\Kiki.jpg --> 207.46.195.37 /WASHHRS/webroot/BunnyImages/_vti_cnf Kiki.jpg
2003.11.17 11:19 B C:\HRS\New Site\BunnyImages\_vti_cnf\leo1.jpg --> 207.46.195.37 /WASHHRS/webroot/BunnyImages/_vti_cnf leo1.jpg
2003.11.17 11:19 B C:\HRS\New Site\BunnyImages\_vti_cnf\leo2.jpg --> 207.46.195.37 /WASHHRS/webroot/BunnyImages/_vti_cnf leo2.jpg
2003.11.17 11:19 B C:\HRS\New Site\BunnyImages\_vti_cnf\Lightning.jpg --> 207.46.195.37 /WASHHRS/webroot/BunnyImages/_vti_cnf Lightning.jpg
2003.11.17 11:19 B C:\HRS\New Site\BunnyImages\_vti_cnf\Lilly&Dilly.JPG --> 207.46.195.37 /WASHHRS/webroot/BunnyImages/_vti_cnf Lilly&Dilly.JPG
2003.11.17 11:19 B C:\HRS\New Site\BunnyImages\_vti_cnf\Lily&Dilly.JPG --> 207.46.195.37 /WASHHRS/webroot/BunnyImages/_vti_cnf Lily&Dilly.JPG
2003.11.17 11:19 B C:\HRS\New Site\BunnyImages\_vti_cnf\Lippy.jpg --> 207.46.195.37 /WASHHRS/webroot/BunnyImages/_vti_cnf Lippy.jpg
2003.11.17 11:19 B C:\HRS\New Site\BunnyImages\_vti_cnf\MaleAgouti1.JPG --> 207.46.195.37 /WASHHRS/webroot/BunnyImages/_vti_cnf MaleAgouti1.JPG
2003.11.17 11:19 B C:\HRS\New Site\BunnyImages\_vti_cnf\MaleAgouti2.JPG --> 207.46.195.37 /WASHHRS/webroot/BunnyImages/_vti_cnf MaleAgouti2.JPG
2003.11.17 11:19 B C:\HRS\New Site\BunnyImages\_vti_cnf\Malone&Capone.jpg --> 207.46.195.37 /WASHHRS/webroot/BunnyImages/_vti_cnf Malone&Capone.jpg
2003.11.17 11:19 B C:\HRS\New Site\BunnyImages\_vti_cnf\Minnie.jpg --> 207.46.195.37 /WASHHRS/webroot/BunnyImages/_vti_cnf Minnie.jpg
2003.11.17 11:19 B C:\HRS\New Site\BunnyImages\_vti_cnf\mom1.jpg --> 207.46.195.37 /WASHHRS/webroot/BunnyImages/_vti_cnf mom1.jpg
2003.11.17 11:20 B C:\HRS\New Site\BunnyImages\_vti_cnf\mom2.jpg --> 207.46.195.37 /WASHHRS/webroot/BunnyImages/_vti_cnf mom2.jpg
2003.11.17 11:20 B C:\HRS\New Site\BunnyImages\_vti_cnf\mom4.jpg --> 207.46.195.37 /WASHHRS/webroot/BunnyImages/_vti_cnf mom4.jpg
2003.11.17 11:20 B C:\HRS\New Site\BunnyImages\_vti_cnf\mombun.jpg --> 207.46.195.37 /WASHHRS/webroot/BunnyImages/_vti_cnf mombun.jpg
2003.11.17 11:20 B C:\HRS\New Site\BunnyImages\_vti_cnf\MomssBaxter.JPG --> 207.46.195.37 /WASHHRS/webroot/BunnyImages/_vti_cnf MomssBaxter.JPG
2003.11.17 11:20 B C:\HRS\New Site\BunnyImages\_vti_cnf\MomsThurman.JPG --> 207.46.195.37 /WASHHRS/webroot/BunnyImages/_vti_cnf MomsThurman.JPG
2003.11.17 11:20 B C:\HRS\New Site\BunnyImages\_vti_cnf\nicky.jpg --> 207.46.195.37 /WASHHRS/webroot/BunnyImages/_vti_cnf nicky.jpg
2003.11.17 11:20 B C:\HRS\New Site\BunnyImages\_vti_cnf\NineWeeks.jpg --> 207.46.195.37 /WASHHRS/webroot/BunnyImages/_vti_cnf NineWeeks.jpg
2003.11.17 11:20 B C:\HRS\New Site\BunnyImages\_vti_cnf\NineWeeksB.jpg --> 207.46.195.37 /WASHHRS/webroot/BunnyImages/_vti_cnf NineWeeksB.jpg
2003.11.17 11:20 B C:\HRS\New Site\BunnyImages\_vti_cnf\NineWeeksC.jpg --> 207.46.195.37 /WASHHRS/webroot/BunnyImages/_vti_cnf NineWeeksC.jpg
2003.11.17 11:20 B C:\HRS\New Site\BunnyImages\_vti_cnf\NineWeeksD.jpg --> 207.46.195.37 /WASHHRS/webroot/BunnyImages/_vti_cnf NineWeeksD.jpg
2003.11.17 11:20 B C:\HRS\New Site\BunnyImages\_vti_cnf\Orange.JPG --> 207.46.195.37 /WASHHRS/webroot/BunnyImages/_vti_cnf Orange.JPG
2003.11.17 11:20 B C:\HRS\New Site\BunnyImages\_vti_cnf\p081201.jpg --> 207.46.195.37 /WASHHRS/webroot/BunnyImages/_vti_cnf p081201.jpg
2003.11.17 11:20 B C:\HRS\New Site\BunnyImages\_vti_cnf\p090103.jpg --> 207.46.195.37 /WASHHRS/webroot/BunnyImages/_vti_cnf p090103.jpg
2003.11.17 11:20 B C:\HRS\New Site\BunnyImages\_vti_cnf\p090104.jpg --> 207.46.195.37 /WASHHRS/webroot/BunnyImages/_vti_cnf p090104.jpg
2003.11.17 11:20 B C:\HRS\New Site\BunnyImages\_vti_cnf\p090105.jpg --> 207.46.195.37 /WASHHRS/webroot/BunnyImages/_vti_cnf p090105.jpg
2003.11.17 11:20 B C:\HRS\New Site\BunnyImages\_vti_cnf\p090106.jpg --> 207.46.195.37 /WASHHRS/webroot/BunnyImages/_vti_cnf p090106.jpg
2003.11.17 11:20 B C:\HRS\New Site\BunnyImages\_vti_cnf\p090107.jpg --> 207.46.195.37 /WASHHRS/webroot/BunnyImages/_vti_cnf p090107.jpg
2003.11.17 11:20 B C:\HRS\New Site\BunnyImages\_vti_cnf\p090108.jpg --> 207.46.195.37 /WASHHRS/webroot/BunnyImages/_vti_cnf p090108.jpg
2003.11.17 11:20 B C:\HRS\New Site\BunnyImages\_vti_cnf\p090109.jpg --> 207.46.195.37 /WASHHRS/webroot/BunnyImages/_vti_cnf p090109.jpg
2003.11.17 11:20 B C:\HRS\New Site\BunnyImages\_vti_cnf\p1011b01.jpg --> 207.46.195.37 /WASHHRS/webroot/BunnyImages/_vti_cnf p1011b01.jpg
2003.11.17 11:20 B C:\HRS\New Site\BunnyImages\_vti_cnf\pa050623.jpg --> 207.46.195.37 /WASHHRS/webroot/BunnyImages/_vti_cnf pa050623.jpg
2003.11.17 11:20 B C:\HRS\New Site\BunnyImages\_vti_cnf\phoebe.jpg --> 207.46.195.37 /WASHHRS/webroot/BunnyImages/_vti_cnf phoebe.jpg
2003.11.17 11:20 B C:\HRS\New Site\BunnyImages\_vti_cnf\pookie.jpg --> 207.46.195.37 /WASHHRS/webroot/BunnyImages/_vti_cnf pookie.jpg
2003.11.17 11:20 B C:\HRS\New Site\BunnyImages\_vti_cnf\rat.jpg --> 207.46.195.37 /WASHHRS/webroot/BunnyImages/_vti_cnf rat.jpg
2003.11.17 11:20 B C:\HRS\New Site\BunnyImages\_vti_cnf\rocky.jpg --> 207.46.195.37 /WASHHRS/webroot/BunnyImages/_vti_cnf rocky.jpg
2003.11.17 11:20 B C:\HRS\New Site\BunnyImages\_vti_cnf\sara1.jpg --> 207.46.195.37 /WASHHRS/webroot/BunnyImages/_vti_cnf sara1.jpg
2003.11.17 11:20 B C:\HRS\New Site\BunnyImages\_vti_cnf\sara3.jpg --> 207.46.195.37 /WASHHRS/webroot/BunnyImages/_vti_cnf sara3.jpg
2003.11.17 11:20 B C:\HRS\New Site\BunnyImages\_vti_cnf\shelton.jpg --> 207.46.195.37 /WASHHRS/webroot/BunnyImages/_vti_cnf shelton.jpg
2003.11.17 11:20 B C:\HRS\New Site\BunnyImages\_vti_cnf\SirSilflay.jpg --> 207.46.195.37 /WASHHRS/webroot/BunnyImages/_vti_cnf SirSilflay.jpg
2003.11.17 11:20 B C:\HRS\New Site\BunnyImages\_vti_cnf\snowbunny.JPG --> 207.46.195.37 /WASHHRS/webroot/BunnyImages/_vti_cnf snowbunny.JPG
2003.11.17 11:20 B C:\HRS\New Site\BunnyImages\_vti_cnf\Sunshine.jpg --> 207.46.195.37 /WASHHRS/webroot/BunnyImages/_vti_cnf Sunshine.jpg
2003.11.17 11:20 B C:\HRS\New Site\BunnyImages\_vti_cnf\susie.jpg --> 207.46.195.37 /WASHHRS/webroot/BunnyImages/_vti_cnf susie.jpg
2003.11.17 11:20 B C:\HRS\New Site\BunnyImages\_vti_cnf\tanbaby.jpg --> 207.46.195.37 /WASHHRS/webroot/BunnyImages/_vti_cnf tanbaby.jpg
2003.11.17 11:20 B C:\HRS\New Site\BunnyImages\_vti_cnf\TandyGPig.JPG --> 207.46.195.37 /WASHHRS/webroot/BunnyImages/_vti_cnf TandyGPig.JPG
2003.11.17 11:20 B C:\HRS\New Site\BunnyImages\_vti_cnf\TeresaThomas.JPG --> 207.46.195.37 /WASHHRS/webroot/BunnyImages/_vti_cnf TeresaThomas.JPG
2003.11.17 11:20 B C:\HRS\New Site\BunnyImages\_vti_cnf\tommie.jpg --> 207.46.195.37 /WASHHRS/webroot/BunnyImages/_vti_cnf tommie.jpg
2003.11.17 11:20 B C:\HRS\New Site\BunnyImages\_vti_cnf\toto.jpg --> 207.46.195.37 /WASHHRS/webroot/BunnyImages/_vti_cnf toto.jpg
2003.11.17 11:20 B C:\HRS\New Site\BunnyImages\_vti_cnf\tworats.jpg --> 207.46.195.37 /WASHHRS/webroot/BunnyImages/_vti_cnf tworats.jpg
