2001.03.16 06:57 B C:\InetPub\wwwroot\Temp Wahrs\HRS\_ScriptLibrary\ADOUTILS.ASP <-- Brinkster /blrrfh/webroot/HRS/_ScriptLibrary ADOUTILS.ASP
2001.03.16 06:57 B C:\InetPub\wwwroot\Temp Wahrs\HRS\_ScriptLibrary\BUTTON.ASP <-- Brinkster /blrrfh/webroot/HRS/_ScriptLibrary BUTTON.ASP
2001.03.16 06:57 B C:\InetPub\wwwroot\Temp Wahrs\HRS\_ScriptLibrary\BUTTON.HTM <-- Brinkster /blrrfh/webroot/HRS/_ScriptLibrary BUTTON.HTM
2001.03.16 06:57 B C:\InetPub\wwwroot\Temp Wahrs\HRS\_ScriptLibrary\CHECKBOX.ASP <-- Brinkster /blrrfh/webroot/HRS/_ScriptLibrary CHECKBOX.ASP
2001.03.16 06:57 B C:\InetPub\wwwroot\Temp Wahrs\HRS\_ScriptLibrary\CHECKBOX.HTM <-- Brinkster /blrrfh/webroot/HRS/_ScriptLibrary CHECKBOX.HTM
2001.03.16 06:57 B C:\InetPub\wwwroot\Temp Wahrs\HRS\_ScriptLibrary\DATAGRID.ASP <-- Brinkster /blrrfh/webroot/HRS/_ScriptLibrary DATAGRID.ASP
2001.03.16 06:57 B C:\InetPub\wwwroot\Temp Wahrs\HRS\_ScriptLibrary\DATAGRID.HTM <-- Brinkster /blrrfh/webroot/HRS/_ScriptLibrary DATAGRID.HTM
2001.03.16 06:57 B C:\InetPub\wwwroot\Temp Wahrs\HRS\_ScriptLibrary\EVENTMGR.ASP <-- Brinkster /blrrfh/webroot/HRS/_ScriptLibrary EVENTMGR.ASP
2001.03.16 06:57 B C:\InetPub\wwwroot\Temp Wahrs\HRS\_ScriptLibrary\EVENTMGR.HTM <-- Brinkster /blrrfh/webroot/HRS/_ScriptLibrary EVENTMGR.HTM
2001.03.16 06:57 B C:\InetPub\wwwroot\Temp Wahrs\HRS\_ScriptLibrary\LABEL.ASP <-- Brinkster /blrrfh/webroot/HRS/_ScriptLibrary LABEL.ASP
2001.03.16 06:58 B C:\InetPub\wwwroot\Temp Wahrs\HRS\_ScriptLibrary\LABEL.HTM <-- Brinkster /blrrfh/webroot/HRS/_ScriptLibrary LABEL.HTM
2001.03.16 06:58 B C:\InetPub\wwwroot\Temp Wahrs\HRS\_ScriptLibrary\LISTBOX.ASP <-- Brinkster /blrrfh/webroot/HRS/_ScriptLibrary LISTBOX.ASP
2001.03.16 06:58 B C:\InetPub\wwwroot\Temp Wahrs\HRS\_ScriptLibrary\LISTBOX.HTM <-- Brinkster /blrrfh/webroot/HRS/_ScriptLibrary LISTBOX.HTM
2001.03.16 06:58 B C:\InetPub\wwwroot\Temp Wahrs\HRS\_ScriptLibrary\MISCUTILS.HTM <-- Brinkster /blrrfh/webroot/HRS/_ScriptLibrary MISCUTILS.HTM
2001.03.16 06:58 B C:\InetPub\wwwroot\Temp Wahrs\HRS\_ScriptLibrary\OPTIONGRP.ASP <-- Brinkster /blrrfh/webroot/HRS/_ScriptLibrary OPTIONGRP.ASP
2001.03.16 06:58 B C:\InetPub\wwwroot\Temp Wahrs\HRS\_ScriptLibrary\OPTIONGRP.HTM <-- Brinkster /blrrfh/webroot/HRS/_ScriptLibrary OPTIONGRP.HTM
2001.03.16 06:58 B C:\InetPub\wwwroot\Temp Wahrs\HRS\_ScriptLibrary\PM.ASP <-- Brinkster /blrrfh/webroot/HRS/_ScriptLibrary PM.ASP
2001.03.16 06:58 B C:\InetPub\wwwroot\Temp Wahrs\HRS\_ScriptLibrary\PM.JS <-- Brinkster /blrrfh/webroot/HRS/_ScriptLibrary PM.JS
2001.03.16 06:58 B C:\InetPub\wwwroot\Temp Wahrs\HRS\_ScriptLibrary\RECORDSET.ASP <-- Brinkster /blrrfh/webroot/HRS/_ScriptLibrary RECORDSET.ASP
2001.03.16 06:58 B C:\InetPub\wwwroot\Temp Wahrs\HRS\_ScriptLibrary\RECORDSET.HTM <-- Brinkster /blrrfh/webroot/HRS/_ScriptLibrary RECORDSET.HTM
2001.03.16 06:58 B C:\InetPub\wwwroot\Temp Wahrs\HRS\_ScriptLibrary\RS.ASP <-- Brinkster /blrrfh/webroot/HRS/_ScriptLibrary RS.ASP
2001.03.16 06:58 B C:\InetPub\wwwroot\Temp Wahrs\HRS\_ScriptLibrary\RS.HTM <-- Brinkster /blrrfh/webroot/HRS/_ScriptLibrary RS.HTM
2001.03.16 06:58 B C:\InetPub\wwwroot\Temp Wahrs\HRS\_ScriptLibrary\RSNAVBAR.ASP <-- Brinkster /blrrfh/webroot/HRS/_ScriptLibrary RSNAVBAR.ASP
2001.03.16 06:58 B C:\InetPub\wwwroot\Temp Wahrs\HRS\_ScriptLibrary\RSNAVBAR.HTM <-- Brinkster /blrrfh/webroot/HRS/_ScriptLibrary RSNAVBAR.HTM
2001.03.16 06:58 B C:\InetPub\wwwroot\Temp Wahrs\HRS\_ScriptLibrary\RSPROXY.CLASS <-- Brinkster /blrrfh/webroot/HRS/_ScriptLibrary RSPROXY.CLASS
2001.03.16 06:58 B C:\InetPub\wwwroot\Temp Wahrs\HRS\_ScriptLibrary\RSPROXY.JAVA <-- Brinkster /blrrfh/webroot/HRS/_ScriptLibrary RSPROXY.JAVA
2001.03.16 06:59 B C:\InetPub\wwwroot\Temp Wahrs\HRS\_ScriptLibrary\TEXTBOX.ASP <-- Brinkster /blrrfh/webroot/HRS/_ScriptLibrary TEXTBOX.ASP
2001.03.16 06:59 B C:\InetPub\wwwroot\Temp Wahrs\HRS\_ScriptLibrary\TEXTBOX.HTM <-- Brinkster /blrrfh/webroot/HRS/_ScriptLibrary TEXTBOX.HTM
2001.03.16 06:59 B C:\InetPub\wwwroot\Temp Wahrs\HRS\_ScriptLibrary\VERSION <-- Brinkster /blrrfh/webroot/HRS/_ScriptLibrary VERSION
2001.03.16 10:14 B C:\InetPub\wwwroot\Temp Wahrs\HRS\_ScriptLibrary\ADOUTILS.ASP --> ftp4.brinkster.com /washhrs/webroot/_ScriptLibrary ADOUTILS.ASP
2001.03.16 10:14 B C:\InetPub\wwwroot\Temp Wahrs\HRS\_ScriptLibrary\BUTTON.ASP --> ftp4.brinkster.com /washhrs/webroot/_ScriptLibrary BUTTON.ASP
2001.03.16 10:14 B C:\InetPub\wwwroot\Temp Wahrs\HRS\_ScriptLibrary\BUTTON.HTM --> ftp4.brinkster.com /washhrs/webroot/_ScriptLibrary BUTTON.HTM
2001.03.16 10:14 B C:\InetPub\wwwroot\Temp Wahrs\HRS\_ScriptLibrary\CHECKBOX.ASP --> ftp4.brinkster.com /washhrs/webroot/_ScriptLibrary CHECKBOX.ASP
2001.03.16 10:14 B C:\InetPub\wwwroot\Temp Wahrs\HRS\_ScriptLibrary\CHECKBOX.HTM --> ftp4.brinkster.com /washhrs/webroot/_ScriptLibrary CHECKBOX.HTM
2001.03.16 10:14 B C:\InetPub\wwwroot\Temp Wahrs\HRS\_ScriptLibrary\DATAGRID.ASP --> ftp4.brinkster.com /washhrs/webroot/_ScriptLibrary DATAGRID.ASP
2001.03.16 10:14 B C:\InetPub\wwwroot\Temp Wahrs\HRS\_ScriptLibrary\DATAGRID.HTM --> ftp4.brinkster.com /washhrs/webroot/_ScriptLibrary DATAGRID.HTM
2001.03.16 10:14 B C:\InetPub\wwwroot\Temp Wahrs\HRS\_ScriptLibrary\EVENTMGR.ASP --> ftp4.brinkster.com /washhrs/webroot/_ScriptLibrary EVENTMGR.ASP
2001.03.16 10:14 B C:\InetPub\wwwroot\Temp Wahrs\HRS\_ScriptLibrary\EVENTMGR.HTM --> ftp4.brinkster.com /washhrs/webroot/_ScriptLibrary EVENTMGR.HTM
2001.03.16 10:14 B C:\InetPub\wwwroot\Temp Wahrs\HRS\_ScriptLibrary\LABEL.ASP --> ftp4.brinkster.com /washhrs/webroot/_ScriptLibrary LABEL.ASP
2001.03.16 10:14 B C:\InetPub\wwwroot\Temp Wahrs\HRS\_ScriptLibrary\LABEL.HTM --> ftp4.brinkster.com /washhrs/webroot/_ScriptLibrary LABEL.HTM
2001.03.16 10:14 B C:\InetPub\wwwroot\Temp Wahrs\HRS\_ScriptLibrary\LISTBOX.ASP --> ftp4.brinkster.com /washhrs/webroot/_ScriptLibrary LISTBOX.ASP
2001.03.16 10:14 B C:\InetPub\wwwroot\Temp Wahrs\HRS\_ScriptLibrary\LISTBOX.HTM --> ftp4.brinkster.com /washhrs/webroot/_ScriptLibrary LISTBOX.HTM
2001.03.16 10:14 B C:\InetPub\wwwroot\Temp Wahrs\HRS\_ScriptLibrary\MISCUTILS.HTM --> ftp4.brinkster.com /washhrs/webroot/_ScriptLibrary MISCUTILS.HTM
2001.03.16 10:14 B C:\InetPub\wwwroot\Temp Wahrs\HRS\_ScriptLibrary\OPTIONGRP.ASP --> ftp4.brinkster.com /washhrs/webroot/_ScriptLibrary OPTIONGRP.ASP
2001.03.16 10:15 B C:\InetPub\wwwroot\Temp Wahrs\HRS\_ScriptLibrary\OPTIONGRP.HTM --> ftp4.brinkster.com /washhrs/webroot/_ScriptLibrary OPTIONGRP.HTM
2001.03.16 10:15 B C:\InetPub\wwwroot\Temp Wahrs\HRS\_ScriptLibrary\PM.ASP --> ftp4.brinkster.com /washhrs/webroot/_ScriptLibrary PM.ASP
2001.03.16 10:15 B C:\InetPub\wwwroot\Temp Wahrs\HRS\_ScriptLibrary\PM.JS --> ftp4.brinkster.com /washhrs/webroot/_ScriptLibrary PM.JS
2001.03.16 10:15 B C:\InetPub\wwwroot\Temp Wahrs\HRS\_ScriptLibrary\RECORDSET.ASP --> ftp4.brinkster.com /washhrs/webroot/_ScriptLibrary RECORDSET.ASP
2001.03.16 10:15 B C:\InetPub\wwwroot\Temp Wahrs\HRS\_ScriptLibrary\RECORDSET.HTM --> ftp4.brinkster.com /washhrs/webroot/_ScriptLibrary RECORDSET.HTM
2001.03.16 10:15 B C:\InetPub\wwwroot\Temp Wahrs\HRS\_ScriptLibrary\RS.ASP --> ftp4.brinkster.com /washhrs/webroot/_ScriptLibrary RS.ASP
2001.03.16 10:15 B C:\InetPub\wwwroot\Temp Wahrs\HRS\_ScriptLibrary\RS.HTM --> ftp4.brinkster.com /washhrs/webroot/_ScriptLibrary RS.HTM
2001.03.16 10:15 B C:\InetPub\wwwroot\Temp Wahrs\HRS\_ScriptLibrary\RSNAVBAR.ASP --> ftp4.brinkster.com /washhrs/webroot/_ScriptLibrary RSNAVBAR.ASP
2001.03.16 10:15 B C:\InetPub\wwwroot\Temp Wahrs\HRS\_ScriptLibrary\RSNAVBAR.HTM --> ftp4.brinkster.com /washhrs/webroot/_ScriptLibrary RSNAVBAR.HTM
2001.03.16 10:15 B C:\InetPub\wwwroot\Temp Wahrs\HRS\_ScriptLibrary\RSPROXY.CLASS --> ftp4.brinkster.com /washhrs/webroot/_ScriptLibrary RSPROXY.CLASS
2001.03.16 10:15 B C:\InetPub\wwwroot\Temp Wahrs\HRS\_ScriptLibrary\RSPROXY.JAVA --> ftp4.brinkster.com /washhrs/webroot/_ScriptLibrary RSPROXY.JAVA
2001.03.16 10:15 B C:\InetPub\wwwroot\Temp Wahrs\HRS\_ScriptLibrary\TEXTBOX.ASP --> ftp4.brinkster.com /washhrs/webroot/_ScriptLibrary TEXTBOX.ASP
2001.03.16 10:15 B C:\InetPub\wwwroot\Temp Wahrs\HRS\_ScriptLibrary\TEXTBOX.HTM --> ftp4.brinkster.com /washhrs/webroot/_ScriptLibrary TEXTBOX.HTM
2001.03.16 10:15 B C:\InetPub\wwwroot\Temp Wahrs\HRS\_ScriptLibrary\VERSION --> ftp4.brinkster.com /washhrs/webroot/_ScriptLibrary VERSION
2002.09.26 22:50 B c:\winisp xfer-WASHHRS\webroot\_ScriptLibrary\WS_FTP.LOG <-- Brinkster Washhrs /washhrs/webroot/_ScriptLibrary WS_FTP.LOG
2002.09.29 20:16 B c:\winisp xfer-WASHHRS\webroot\_ScriptLibrary\ADOUTILS.ASP --> ftp.winisp.net /WASHHRS/webroot/_ScriptLibrary ADOUTILS.ASP
2002.09.29 20:16 B c:\winisp xfer-WASHHRS\webroot\_ScriptLibrary\BUTTON.ASP --> ftp.winisp.net /WASHHRS/webroot/_ScriptLibrary BUTTON.ASP
2002.09.29 20:16 B c:\winisp xfer-WASHHRS\webroot\_ScriptLibrary\BUTTON.HTM --> ftp.winisp.net /WASHHRS/webroot/_ScriptLibrary BUTTON.HTM
2002.09.29 20:16 B c:\winisp xfer-WASHHRS\webroot\_ScriptLibrary\CHECKBOX.ASP --> ftp.winisp.net /WASHHRS/webroot/_ScriptLibrary CHECKBOX.ASP
2002.09.29 20:16 B c:\winisp xfer-WASHHRS\webroot\_ScriptLibrary\CHECKBOX.HTM --> ftp.winisp.net /WASHHRS/webroot/_ScriptLibrary CHECKBOX.HTM
2002.09.29 20:16 B c:\winisp xfer-WASHHRS\webroot\_ScriptLibrary\DATAGRID.ASP --> ftp.winisp.net /WASHHRS/webroot/_ScriptLibrary DATAGRID.ASP
2002.09.29 20:16 B c:\winisp xfer-WASHHRS\webroot\_ScriptLibrary\DATAGRID.HTM --> ftp.winisp.net /WASHHRS/webroot/_ScriptLibrary DATAGRID.HTM
2002.09.29 20:16 B c:\winisp xfer-WASHHRS\webroot\_ScriptLibrary\EVENTMGR.ASP --> ftp.winisp.net /WASHHRS/webroot/_ScriptLibrary EVENTMGR.ASP
2002.09.29 20:16 B c:\winisp xfer-WASHHRS\webroot\_ScriptLibrary\EVENTMGR.HTM --> ftp.winisp.net /WASHHRS/webroot/_ScriptLibrary EVENTMGR.HTM
2002.09.29 20:16 B c:\winisp xfer-WASHHRS\webroot\_ScriptLibrary\LABEL.ASP --> ftp.winisp.net /WASHHRS/webroot/_ScriptLibrary LABEL.ASP
2002.09.29 20:16 B c:\winisp xfer-WASHHRS\webroot\_ScriptLibrary\LABEL.HTM --> ftp.winisp.net /WASHHRS/webroot/_ScriptLibrary LABEL.HTM
2002.09.29 20:16 B c:\winisp xfer-WASHHRS\webroot\_ScriptLibrary\LISTBOX.ASP --> ftp.winisp.net /WASHHRS/webroot/_ScriptLibrary LISTBOX.ASP
2002.09.29 20:16 B c:\winisp xfer-WASHHRS\webroot\_ScriptLibrary\LISTBOX.HTM --> ftp.winisp.net /WASHHRS/webroot/_ScriptLibrary LISTBOX.HTM
2002.09.29 20:16 B c:\winisp xfer-WASHHRS\webroot\_ScriptLibrary\MISCUTILS.HTM --> ftp.winisp.net /WASHHRS/webroot/_ScriptLibrary MISCUTILS.HTM
2002.09.29 20:17 B c:\winisp xfer-WASHHRS\webroot\_ScriptLibrary\OPTIONGRP.ASP --> ftp.winisp.net /WASHHRS/webroot/_ScriptLibrary OPTIONGRP.ASP
2002.09.29 20:17 B c:\winisp xfer-WASHHRS\webroot\_ScriptLibrary\OPTIONGRP.HTM --> ftp.winisp.net /WASHHRS/webroot/_ScriptLibrary OPTIONGRP.HTM
2002.09.29 20:17 B c:\winisp xfer-WASHHRS\webroot\_ScriptLibrary\PM.ASP --> ftp.winisp.net /WASHHRS/webroot/_ScriptLibrary PM.ASP
2002.09.29 20:17 B c:\winisp xfer-WASHHRS\webroot\_ScriptLibrary\PM.JS --> ftp.winisp.net /WASHHRS/webroot/_ScriptLibrary PM.JS
2002.09.29 20:17 B c:\winisp xfer-WASHHRS\webroot\_ScriptLibrary\RECORDSET.ASP --> ftp.winisp.net /WASHHRS/webroot/_ScriptLibrary RECORDSET.ASP
2002.09.29 20:17 B c:\winisp xfer-WASHHRS\webroot\_ScriptLibrary\RECORDSET.HTM --> ftp.winisp.net /WASHHRS/webroot/_ScriptLibrary RECORDSET.HTM
2002.09.29 20:17 B c:\winisp xfer-WASHHRS\webroot\_ScriptLibrary\RS.ASP --> ftp.winisp.net /WASHHRS/webroot/_ScriptLibrary RS.ASP
2002.09.29 20:17 B c:\winisp xfer-WASHHRS\webroot\_ScriptLibrary\RS.HTM --> ftp.winisp.net /WASHHRS/webroot/_ScriptLibrary RS.HTM
2002.09.29 20:17 B c:\winisp xfer-WASHHRS\webroot\_ScriptLibrary\RSNAVBAR.ASP --> ftp.winisp.net /WASHHRS/webroot/_ScriptLibrary RSNAVBAR.ASP
2002.09.29 20:17 B c:\winisp xfer-WASHHRS\webroot\_ScriptLibrary\RSNAVBAR.HTM --> ftp.winisp.net /WASHHRS/webroot/_ScriptLibrary RSNAVBAR.HTM
2002.09.29 20:17 B c:\winisp xfer-WASHHRS\webroot\_ScriptLibrary\RSPROXY.CLASS --> ftp.winisp.net /WASHHRS/webroot/_ScriptLibrary RSPROXY.CLASS
2002.09.29 20:17 B c:\winisp xfer-WASHHRS\webroot\_ScriptLibrary\RSPROXY.JAVA --> ftp.winisp.net /WASHHRS/webroot/_ScriptLibrary RSPROXY.JAVA
2002.09.29 20:17 B c:\winisp xfer-WASHHRS\webroot\_ScriptLibrary\TEXTBOX.ASP --> ftp.winisp.net /WASHHRS/webroot/_ScriptLibrary TEXTBOX.ASP
2002.09.29 20:17 B c:\winisp xfer-WASHHRS\webroot\_ScriptLibrary\TEXTBOX.HTM --> ftp.winisp.net /WASHHRS/webroot/_ScriptLibrary TEXTBOX.HTM
2002.09.29 20:17 B c:\winisp xfer-WASHHRS\webroot\_ScriptLibrary\VERSION --> ftp.winisp.net /WASHHRS/webroot/_ScriptLibrary VERSION
