2001.03.16 07:01 B C:\InetPub\wwwroot\Temp Wahrs\HRS\admin\adminAdopt.asp <-- Brinkster /blrrfh/webroot/HRS/admin adminAdopt.asp
2001.03.16 07:01 B C:\InetPub\wwwroot\Temp Wahrs\HRS\admin\adminAdoptFer.asp <-- Brinkster /blrrfh/webroot/HRS/admin adminAdoptFer.asp
2001.03.16 07:01 B C:\InetPub\wwwroot\Temp Wahrs\HRS\admin\adminAdoptRod.asp <-- Brinkster /blrrfh/webroot/HRS/admin adminAdoptRod.asp
2001.03.16 07:01 B C:\InetPub\wwwroot\Temp Wahrs\HRS\admin\AdminFAQ.asp <-- Brinkster /blrrfh/webroot/HRS/admin AdminFAQ.asp
2001.03.16 07:01 B C:\InetPub\wwwroot\Temp Wahrs\HRS\admin\AdminNews.asp <-- Brinkster /blrrfh/webroot/HRS/admin AdminNews.asp
2001.03.16 07:01 B C:\InetPub\wwwroot\Temp Wahrs\HRS\admin\adminSites.asp <-- Brinkster /blrrfh/webroot/HRS/admin adminSites.asp
2001.03.16 07:01 B C:\InetPub\wwwroot\Temp Wahrs\HRS\admin\Adminvets.asp <-- Brinkster /blrrfh/webroot/HRS/admin Adminvets.asp
2001.03.16 07:01 B C:\InetPub\wwwroot\Temp Wahrs\HRS\admin\default.asp <-- Brinkster /blrrfh/webroot/HRS/admin default.asp
2001.03.16 10:18 B C:\InetPub\wwwroot\Temp Wahrs\HRS\admin\adminAdopt.asp --> ftp4.brinkster.com /washhrs/webroot/admin adminAdopt.asp
2001.03.16 10:18 B C:\InetPub\wwwroot\Temp Wahrs\HRS\admin\adminAdoptFer.asp --> ftp4.brinkster.com /washhrs/webroot/admin adminAdoptFer.asp
2001.03.16 10:18 B C:\InetPub\wwwroot\Temp Wahrs\HRS\admin\adminAdoptRod.asp --> ftp4.brinkster.com /washhrs/webroot/admin adminAdoptRod.asp
2001.03.16 10:18 B C:\InetPub\wwwroot\Temp Wahrs\HRS\admin\AdminFAQ.asp --> ftp4.brinkster.com /washhrs/webroot/admin AdminFAQ.asp
2001.03.16 10:18 B C:\InetPub\wwwroot\Temp Wahrs\HRS\admin\AdminNews.asp --> ftp4.brinkster.com /washhrs/webroot/admin AdminNews.asp
2001.03.16 10:18 B C:\InetPub\wwwroot\Temp Wahrs\HRS\admin\adminSites.asp --> ftp4.brinkster.com /washhrs/webroot/admin adminSites.asp
2001.03.16 10:18 B C:\InetPub\wwwroot\Temp Wahrs\HRS\admin\Adminvets.asp --> ftp4.brinkster.com /washhrs/webroot/admin Adminvets.asp
2001.03.16 10:19 B C:\InetPub\wwwroot\Temp Wahrs\HRS\admin\default.asp --> ftp4.brinkster.com /washhrs/webroot/admin default.asp
2002.09.26 22:52 B c:\winisp xfer-WASHHRS\webroot\admin\WS_FTP.LOG <-- Brinkster Washhrs /washhrs/webroot/admin WS_FTP.LOG
2002.09.29 20:18 B c:\winisp xfer-WASHHRS\webroot\admin\adminAdopt.asp --> ftp.winisp.net /WASHHRS/webroot/admin adminAdopt.asp
2002.09.29 20:18 B c:\winisp xfer-WASHHRS\webroot\admin\adminAdoptFer.asp --> ftp.winisp.net /WASHHRS/webroot/admin adminAdoptFer.asp
2002.09.29 20:19 B c:\winisp xfer-WASHHRS\webroot\admin\adminAdoptRod.asp --> ftp.winisp.net /WASHHRS/webroot/admin adminAdoptRod.asp
2002.09.29 20:19 B c:\winisp xfer-WASHHRS\webroot\admin\AdminFAQ.asp --> ftp.winisp.net /WASHHRS/webroot/admin AdminFAQ.asp
2002.09.29 20:19 B c:\winisp xfer-WASHHRS\webroot\admin\AdminNews.asp --> ftp.winisp.net /WASHHRS/webroot/admin AdminNews.asp
2002.09.29 20:19 B c:\winisp xfer-WASHHRS\webroot\admin\adminSites.asp --> ftp.winisp.net /WASHHRS/webroot/admin adminSites.asp
2002.09.29 20:19 B c:\winisp xfer-WASHHRS\webroot\admin\Adminvets.asp --> ftp.winisp.net /WASHHRS/webroot/admin Adminvets.asp
2002.09.29 20:19 B c:\winisp xfer-WASHHRS\webroot\admin\connstr.asp --> ftp.winisp.net /WASHHRS/webroot/admin connstr.asp
2002.09.29 20:19 B c:\winisp xfer-WASHHRS\webroot\admin\default.asp --> ftp.winisp.net /WASHHRS/webroot/admin default.asp
