2001.03.16 09:26 B C:\InetPub\wwwroot\Temp Wahrs\HRS\images\_HRSlogo401.5_1.ps <-- Brinkster /blrrfh/webroot/HRS/images _HRSlogo401.5_1.ps
2001.03.16 09:26 B C:\InetPub\wwwroot\Temp Wahrs\HRS\images\BannerAdd1.gif <-- Brinkster /blrrfh/webroot/HRS/images BannerAdd1.gif
2001.03.16 09:26 B C:\InetPub\wwwroot\Temp Wahrs\HRS\images\bg_pageripgreen.gif <-- Brinkster /blrrfh/webroot/HRS/images bg_pageripgreen.gif
2001.03.16 09:26 B C:\InetPub\wwwroot\Temp Wahrs\HRS\images\bg_RipGreen.gif <-- Brinkster /blrrfh/webroot/HRS/images bg_RipGreen.gif
2001.03.16 09:26 B C:\InetPub\wwwroot\Temp Wahrs\HRS\images\bg_RipGreen.jpg <-- Brinkster /blrrfh/webroot/HRS/images bg_RipGreen.jpg
2001.03.16 09:26 B C:\InetPub\wwwroot\Temp Wahrs\HRS\images\bn_houserabbit.gif <-- Brinkster /blrrfh/webroot/HRS/images bn_houserabbit.gif
2001.03.16 09:26 B C:\InetPub\wwwroot\Temp Wahrs\HRS\images\btn_AboutUs.gif <-- Brinkster /blrrfh/webroot/HRS/images btn_AboutUs.gif
2001.03.16 09:26 B C:\InetPub\wwwroot\Temp Wahrs\HRS\images\btn_Adoptions.gif <-- Brinkster /blrrfh/webroot/HRS/images btn_Adoptions.gif
2001.03.16 09:26 B C:\InetPub\wwwroot\Temp Wahrs\HRS\images\btn_carrot.gif <-- Brinkster /blrrfh/webroot/HRS/images btn_carrot.gif
2001.03.16 09:26 B C:\InetPub\wwwroot\Temp Wahrs\HRS\images\btn_carrot1.gif <-- Brinkster /blrrfh/webroot/HRS/images btn_carrot1.gif
2001.03.16 09:26 B C:\InetPub\wwwroot\Temp Wahrs\HRS\images\btn_FAQ.gif <-- Brinkster /blrrfh/webroot/HRS/images btn_FAQ.gif
2001.03.16 09:26 B C:\InetPub\wwwroot\Temp Wahrs\HRS\images\btn_Home.gif <-- Brinkster /blrrfh/webroot/HRS/images btn_Home.gif
2001.03.16 09:26 B C:\InetPub\wwwroot\Temp Wahrs\HRS\images\btn_HouseBun.gif <-- Brinkster /blrrfh/webroot/HRS/images btn_HouseBun.gif
2001.03.16 09:26 B C:\InetPub\wwwroot\Temp Wahrs\HRS\images\btn_kirkland.gif <-- Brinkster /blrrfh/webroot/HRS/images btn_kirkland.gif
2001.03.16 09:26 B C:\InetPub\wwwroot\Temp Wahrs\HRS\images\btn_Membership.gif <-- Brinkster /blrrfh/webroot/HRS/images btn_Membership.gif
2001.03.16 09:26 B C:\InetPub\wwwroot\Temp Wahrs\HRS\images\btn_News.gif <-- Brinkster /blrrfh/webroot/HRS/images btn_News.gif
2001.03.16 09:26 B C:\InetPub\wwwroot\Temp Wahrs\HRS\images\btn_rabbit.gif <-- Brinkster /blrrfh/webroot/HRS/images btn_rabbit.gif
2001.03.16 09:27 B C:\InetPub\wwwroot\Temp Wahrs\HRS\images\btn_RabbitLinks.gif <-- Brinkster /blrrfh/webroot/HRS/images btn_RabbitLinks.gif
2001.03.16 09:27 B C:\InetPub\wwwroot\Temp Wahrs\HRS\images\btn_RabbitVets.gif <-- Brinkster /blrrfh/webroot/HRS/images btn_RabbitVets.gif
2001.03.16 09:27 B C:\InetPub\wwwroot\Temp Wahrs\HRS\images\btn_Search.gif <-- Brinkster /blrrfh/webroot/HRS/images btn_Search.gif
2001.03.16 09:27 B C:\InetPub\wwwroot\Temp Wahrs\HRS\images\btn_Supplies.gif <-- Brinkster /blrrfh/webroot/HRS/images btn_Supplies.gif
2001.03.16 09:27 B C:\InetPub\wwwroot\Temp Wahrs\HRS\images\BunPicture.jpg <-- Brinkster /blrrfh/webroot/HRS/images BunPicture.jpg
2001.03.16 09:27 B C:\InetPub\wwwroot\Temp Wahrs\HRS\images\cinamon1.jpg <-- Brinkster /blrrfh/webroot/HRS/images cinamon1.jpg
2001.03.16 09:27 B C:\InetPub\wwwroot\Temp Wahrs\HRS\images\coslogo.gif <-- Brinkster /blrrfh/webroot/HRS/images coslogo.gif
2001.03.16 09:27 B C:\InetPub\wwwroot\Temp Wahrs\HRS\images\ffxbun.jpg <-- Brinkster /blrrfh/webroot/HRS/images ffxbun.jpg
2001.03.16 09:27 B C:\InetPub\wwwroot\Temp Wahrs\HRS\images\head-tilt.gif <-- Brinkster /blrrfh/webroot/HRS/images head-tilt.gif
2001.03.16 09:27 B C:\InetPub\wwwroot\Temp Wahrs\HRS\images\HRS_SEX_FEMALE.jpg <-- Brinkster /blrrfh/webroot/HRS/images HRS_SEX_FEMALE.jpg
2001.03.16 09:27 B C:\InetPub\wwwroot\Temp Wahrs\HRS\images\HRS_SEX_Male.jpg <-- Brinkster /blrrfh/webroot/HRS/images HRS_SEX_Male.jpg
2001.03.16 09:27 B C:\InetPub\wwwroot\Temp Wahrs\HRS\images\HRSAdopt.htm <-- Brinkster /blrrfh/webroot/HRS/images HRSAdopt.htm
2001.03.16 09:27 B C:\InetPub\wwwroot\Temp Wahrs\HRS\images\HRSLOGO.gif <-- Brinkster /blrrfh/webroot/HRS/images HRSLOGO.gif
2001.03.16 09:27 B C:\InetPub\wwwroot\Temp Wahrs\HRS\images\ie_animated.gif <-- Brinkster /blrrfh/webroot/HRS/images ie_animated.gif
2001.03.16 09:27 B C:\InetPub\wwwroot\Temp Wahrs\HRS\images\ieget_animated.gif <-- Brinkster /blrrfh/webroot/HRS/images ieget_animated.gif
2001.03.16 09:28 B C:\InetPub\wwwroot\Temp Wahrs\HRS\images\Likrish1.jpg <-- Brinkster /blrrfh/webroot/HRS/images Likrish1.jpg
2001.03.16 09:28 B C:\InetPub\wwwroot\Temp Wahrs\HRS\images\msbo_iis.gif <-- Brinkster /blrrfh/webroot/HRS/images msbo_iis.gif
2001.03.16 09:28 B C:\InetPub\wwwroot\Temp Wahrs\HRS\images\NEwspace.gif <-- Brinkster /blrrfh/webroot/HRS/images NEwspace.gif
2001.03.16 09:28 B C:\InetPub\wwwroot\Temp Wahrs\HRS\images\P102602Exam2.JPG <-- Brinkster /blrrfh/webroot/HRS/images P102602Exam2.JPG
2001.03.16 09:28 B C:\InetPub\wwwroot\Temp Wahrs\HRS\images\P102603n34.JPG <-- Brinkster /blrrfh/webroot/HRS/images P102603n34.JPG
2001.03.16 09:28 B C:\InetPub\wwwroot\Temp Wahrs\HRS\images\P102607.JPG <-- Brinkster /blrrfh/webroot/HRS/images P102607.JPG
2001.03.16 09:28 B C:\InetPub\wwwroot\Temp Wahrs\HRS\images\P102608.JPG <-- Brinkster /blrrfh/webroot/HRS/images P102608.JPG
2001.03.16 09:28 B C:\InetPub\wwwroot\Temp Wahrs\HRS\images\PBBOSM1DF.gif <-- Brinkster /blrrfh/webroot/HRS/images PBBOSM1DF.gif
2001.03.16 09:28 B C:\InetPub\wwwroot\Temp Wahrs\HRS\images\PhotoDraw11.gif <-- Brinkster /blrrfh/webroot/HRS/images PhotoDraw11.gif
2001.03.16 09:28 B C:\InetPub\wwwroot\Temp Wahrs\HRS\images\PhotoDraw12.gif <-- Brinkster /blrrfh/webroot/HRS/images PhotoDraw12.gif
2001.03.16 09:28 B C:\InetPub\wwwroot\Temp Wahrs\HRS\images\PhotoDraw13.gif <-- Brinkster /blrrfh/webroot/HRS/images PhotoDraw13.gif
2001.03.16 09:28 B C:\InetPub\wwwroot\Temp Wahrs\HRS\images\PhotoDraw14.jpg <-- Brinkster /blrrfh/webroot/HRS/images PhotoDraw14.jpg
2001.03.16 09:28 B C:\InetPub\wwwroot\Temp Wahrs\HRS\images\PhotoDraw15.gif <-- Brinkster /blrrfh/webroot/HRS/images PhotoDraw15.gif
2001.03.16 09:29 B C:\InetPub\wwwroot\Temp Wahrs\HRS\images\powerbo.jpg <-- Brinkster /blrrfh/webroot/HRS/images powerbo.jpg
2001.03.16 09:29 B C:\InetPub\wwwroot\Temp Wahrs\HRS\images\powrbybo.gif <-- Brinkster /blrrfh/webroot/HRS/images powrbybo.gif
2001.03.16 09:29 B C:\InetPub\wwwroot\Temp Wahrs\HRS\images\RabbitNews.GIF <-- Brinkster /blrrfh/webroot/HRS/images RabbitNews.GIF
2001.03.16 09:29 B C:\InetPub\wwwroot\Temp Wahrs\HRS\images\rh101sm.jpg <-- Brinkster /blrrfh/webroot/HRS/images rh101sm.jpg
2001.03.16 09:29 B C:\InetPub\wwwroot\Temp Wahrs\HRS\images\RSkull.GIF <-- Brinkster /blrrfh/webroot/HRS/images RSkull.GIF
2001.03.16 09:29 B C:\InetPub\wwwroot\Temp Wahrs\HRS\images\space.gif <-- Brinkster /blrrfh/webroot/HRS/images space.gif
2001.03.16 09:29 B C:\InetPub\wwwroot\Temp Wahrs\HRS\images\space2.gif <-- Brinkster /blrrfh/webroot/HRS/images space2.gif
2001.03.16 09:29 B C:\InetPub\wwwroot\Temp Wahrs\HRS\images\undercon.gif <-- Brinkster /blrrfh/webroot/HRS/images undercon.gif
2001.03.16 09:29 B C:\InetPub\wwwroot\Temp Wahrs\HRS\images\updateRed.jpg <-- Brinkster /blrrfh/webroot/HRS/images updateRed.jpg
2001.03.16 09:29 B C:\InetPub\wwwroot\Temp Wahrs\HRS\images\updateYellow.jpg <-- Brinkster /blrrfh/webroot/HRS/images updateYellow.jpg
2001.03.16 14:20 B C:\InetPub\wwwroot\Temp Wahrs\HRS\images\_HRSlogo401.5_1.ps --> ftp4.brinkster.com /washhrs/webroot/images _HRSlogo401.5_1.ps
2001.03.16 14:20 B C:\InetPub\wwwroot\Temp Wahrs\HRS\images\BannerAdd1.gif --> ftp4.brinkster.com /washhrs/webroot/images BannerAdd1.gif
2001.03.16 14:20 B C:\InetPub\wwwroot\Temp Wahrs\HRS\images\bg_pageripgreen.gif --> ftp4.brinkster.com /washhrs/webroot/images bg_pageripgreen.gif
2001.03.16 14:20 B C:\InetPub\wwwroot\Temp Wahrs\HRS\images\bg_RipGreen.gif --> ftp4.brinkster.com /washhrs/webroot/images bg_RipGreen.gif
2001.03.16 14:20 B C:\InetPub\wwwroot\Temp Wahrs\HRS\images\bg_RipGreen.jpg --> ftp4.brinkster.com /washhrs/webroot/images bg_RipGreen.jpg
2001.03.16 14:20 B C:\InetPub\wwwroot\Temp Wahrs\HRS\images\bn_houserabbit.gif --> ftp4.brinkster.com /washhrs/webroot/images bn_houserabbit.gif
2001.03.16 14:20 B C:\InetPub\wwwroot\Temp Wahrs\HRS\images\btn_AboutUs.gif --> ftp4.brinkster.com /washhrs/webroot/images btn_AboutUs.gif
2001.03.16 14:20 B C:\InetPub\wwwroot\Temp Wahrs\HRS\images\btn_Adoptions.gif --> ftp4.brinkster.com /washhrs/webroot/images btn_Adoptions.gif
2001.03.16 14:20 B C:\InetPub\wwwroot\Temp Wahrs\HRS\images\btn_carrot.gif --> ftp4.brinkster.com /washhrs/webroot/images btn_carrot.gif
2001.03.16 14:21 B C:\InetPub\wwwroot\Temp Wahrs\HRS\images\btn_carrot1.gif --> ftp4.brinkster.com /washhrs/webroot/images btn_carrot1.gif
2001.03.16 14:21 B C:\InetPub\wwwroot\Temp Wahrs\HRS\images\btn_FAQ.gif --> ftp4.brinkster.com /washhrs/webroot/images btn_FAQ.gif
2001.03.16 14:21 B C:\InetPub\wwwroot\Temp Wahrs\HRS\images\btn_Home.gif --> ftp4.brinkster.com /washhrs/webroot/images btn_Home.gif
2001.03.16 14:21 B C:\InetPub\wwwroot\Temp Wahrs\HRS\images\btn_HouseBun.gif --> ftp4.brinkster.com /washhrs/webroot/images btn_HouseBun.gif
2001.03.16 14:21 B C:\InetPub\wwwroot\Temp Wahrs\HRS\images\btn_kirkland.gif --> ftp4.brinkster.com /washhrs/webroot/images btn_kirkland.gif
2001.03.16 14:21 B C:\InetPub\wwwroot\Temp Wahrs\HRS\images\btn_Membership.gif --> ftp4.brinkster.com /washhrs/webroot/images btn_Membership.gif
2001.03.16 14:21 B C:\InetPub\wwwroot\Temp Wahrs\HRS\images\btn_News.gif --> ftp4.brinkster.com /washhrs/webroot/images btn_News.gif
2001.03.16 14:21 B C:\InetPub\wwwroot\Temp Wahrs\HRS\images\btn_rabbit.gif --> ftp4.brinkster.com /washhrs/webroot/images btn_rabbit.gif
2001.03.16 14:21 B C:\InetPub\wwwroot\Temp Wahrs\HRS\images\btn_RabbitLinks.gif --> ftp4.brinkster.com /washhrs/webroot/images btn_RabbitLinks.gif
2001.03.16 14:21 B C:\InetPub\wwwroot\Temp Wahrs\HRS\images\btn_RabbitVets.gif --> ftp4.brinkster.com /washhrs/webroot/images btn_RabbitVets.gif
2001.03.16 14:21 B C:\InetPub\wwwroot\Temp Wahrs\HRS\images\btn_Search.gif --> ftp4.brinkster.com /washhrs/webroot/images btn_Search.gif
2001.03.16 14:21 B C:\InetPub\wwwroot\Temp Wahrs\HRS\images\btn_Supplies.gif --> ftp4.brinkster.com /washhrs/webroot/images btn_Supplies.gif
2001.03.16 14:21 B C:\InetPub\wwwroot\Temp Wahrs\HRS\images\BunPicture.jpg --> ftp4.brinkster.com /washhrs/webroot/images BunPicture.jpg
2001.03.16 14:21 B C:\InetPub\wwwroot\Temp Wahrs\HRS\images\cinamon1.jpg --> ftp4.brinkster.com /washhrs/webroot/images cinamon1.jpg
2001.03.16 14:21 B C:\InetPub\wwwroot\Temp Wahrs\HRS\images\coslogo.gif --> ftp4.brinkster.com /washhrs/webroot/images coslogo.gif
2001.03.16 14:21 B C:\InetPub\wwwroot\Temp Wahrs\HRS\images\ffxbun.jpg --> ftp4.brinkster.com /washhrs/webroot/images ffxbun.jpg
2001.03.16 14:21 B C:\InetPub\wwwroot\Temp Wahrs\HRS\images\head-tilt.gif --> ftp4.brinkster.com /washhrs/webroot/images head-tilt.gif
2001.03.16 14:21 B C:\InetPub\wwwroot\Temp Wahrs\HRS\images\HRS_SEX_FEMALE.jpg --> ftp4.brinkster.com /washhrs/webroot/images HRS_SEX_FEMALE.jpg
2001.03.16 14:22 B C:\InetPub\wwwroot\Temp Wahrs\HRS\images\HRS_SEX_Male.jpg --> ftp4.brinkster.com /washhrs/webroot/images HRS_SEX_Male.jpg
2001.03.16 14:22 B C:\InetPub\wwwroot\Temp Wahrs\HRS\images\HRSAdopt.htm --> ftp4.brinkster.com /washhrs/webroot/images HRSAdopt.htm
2001.03.16 14:22 B C:\InetPub\wwwroot\Temp Wahrs\HRS\images\HRSLOGO.gif --> ftp4.brinkster.com /washhrs/webroot/images HRSLOGO.gif
2001.03.16 14:22 B C:\InetPub\wwwroot\Temp Wahrs\HRS\images\ie_animated.gif --> ftp4.brinkster.com /washhrs/webroot/images ie_animated.gif
2001.03.16 14:22 B C:\InetPub\wwwroot\Temp Wahrs\HRS\images\ieget_animated.gif --> ftp4.brinkster.com /washhrs/webroot/images ieget_animated.gif
2001.03.16 14:22 B C:\InetPub\wwwroot\Temp Wahrs\HRS\images\Likrish1.jpg --> ftp4.brinkster.com /washhrs/webroot/images Likrish1.jpg
2001.03.16 14:22 B C:\InetPub\wwwroot\Temp Wahrs\HRS\images\msbo_iis.gif --> ftp4.brinkster.com /washhrs/webroot/images msbo_iis.gif
2001.03.16 14:22 B C:\InetPub\wwwroot\Temp Wahrs\HRS\images\NEwspace.gif --> ftp4.brinkster.com /washhrs/webroot/images NEwspace.gif
2001.03.16 14:22 B C:\InetPub\wwwroot\Temp Wahrs\HRS\images\P102602Exam2.JPG --> ftp4.brinkster.com /washhrs/webroot/images P102602Exam2.JPG
2001.03.16 14:22 B C:\InetPub\wwwroot\Temp Wahrs\HRS\images\P102603n34.JPG --> ftp4.brinkster.com /washhrs/webroot/images P102603n34.JPG
2001.03.16 14:23 B C:\InetPub\wwwroot\Temp Wahrs\HRS\images\P102607.JPG --> ftp4.brinkster.com /washhrs/webroot/images P102607.JPG
2001.03.16 14:23 B C:\InetPub\wwwroot\Temp Wahrs\HRS\images\P102608.JPG --> ftp4.brinkster.com /washhrs/webroot/images P102608.JPG
2001.03.16 14:23 B C:\InetPub\wwwroot\Temp Wahrs\HRS\images\PBBOSM1DF.gif --> ftp4.brinkster.com /washhrs/webroot/images PBBOSM1DF.gif
2001.03.16 14:23 B C:\InetPub\wwwroot\Temp Wahrs\HRS\images\PhotoDraw11.gif --> ftp4.brinkster.com /washhrs/webroot/images PhotoDraw11.gif
2001.03.16 14:23 B C:\InetPub\wwwroot\Temp Wahrs\HRS\images\PhotoDraw12.gif --> ftp4.brinkster.com /washhrs/webroot/images PhotoDraw12.gif
2001.03.16 14:23 B C:\InetPub\wwwroot\Temp Wahrs\HRS\images\PhotoDraw13.gif --> ftp4.brinkster.com /washhrs/webroot/images PhotoDraw13.gif
2001.03.16 14:23 B C:\InetPub\wwwroot\Temp Wahrs\HRS\images\PhotoDraw14.jpg --> ftp4.brinkster.com /washhrs/webroot/images PhotoDraw14.jpg
2001.03.16 14:23 B C:\InetPub\wwwroot\Temp Wahrs\HRS\images\PhotoDraw15.gif --> ftp4.brinkster.com /washhrs/webroot/images PhotoDraw15.gif
2001.03.16 14:23 B C:\InetPub\wwwroot\Temp Wahrs\HRS\images\powerbo.jpg --> ftp4.brinkster.com /washhrs/webroot/images powerbo.jpg
2001.03.16 14:23 B C:\InetPub\wwwroot\Temp Wahrs\HRS\images\powrbybo.gif --> ftp4.brinkster.com /washhrs/webroot/images powrbybo.gif
2001.03.16 14:23 B C:\InetPub\wwwroot\Temp Wahrs\HRS\images\RabbitNews.GIF --> ftp4.brinkster.com /washhrs/webroot/images RabbitNews.GIF
2001.03.16 14:23 B C:\InetPub\wwwroot\Temp Wahrs\HRS\images\rh101sm.jpg --> ftp4.brinkster.com /washhrs/webroot/images rh101sm.jpg
2001.03.16 14:24 B C:\InetPub\wwwroot\Temp Wahrs\HRS\images\RSkull.GIF --> ftp4.brinkster.com /washhrs/webroot/images RSkull.GIF
2001.03.16 14:24 B C:\InetPub\wwwroot\Temp Wahrs\HRS\images\space.gif --> ftp4.brinkster.com /washhrs/webroot/images space.gif
2001.03.16 14:24 B C:\InetPub\wwwroot\Temp Wahrs\HRS\images\space2.gif --> ftp4.brinkster.com /washhrs/webroot/images space2.gif
2001.03.16 14:24 B C:\InetPub\wwwroot\Temp Wahrs\HRS\images\undercon.gif --> ftp4.brinkster.com /washhrs/webroot/images undercon.gif
2001.03.16 14:24 B C:\InetPub\wwwroot\Temp Wahrs\HRS\images\updateRed.jpg --> ftp4.brinkster.com /washhrs/webroot/images updateRed.jpg
2001.03.16 14:24 B C:\InetPub\wwwroot\Temp Wahrs\HRS\images\updateYellow.jpg --> ftp4.brinkster.com /washhrs/webroot/images updateYellow.jpg
2002.09.29 16:37 B c:\winisp xfer-WASHHRS\webroot\images\WS_FTP.LOG <-- Brinkster Washhrs /washhrs/webroot/images WS_FTP.LOG
2002.09.29 21:30 B c:\winisp xfer-WASHHRS\webroot\images\_HRSlogo401.5_1.ps --> ftp.winisp.net /WASHHRS/webroot/images _HRSlogo401.5_1.ps
2002.09.29 21:30 B c:\winisp xfer-WASHHRS\webroot\images\BannerAdd1.gif --> ftp.winisp.net /WASHHRS/webroot/images BannerAdd1.gif
2002.09.29 21:30 B c:\winisp xfer-WASHHRS\webroot\images\bg_pageripgreen.gif --> ftp.winisp.net /WASHHRS/webroot/images bg_pageripgreen.gif
2002.09.29 21:30 B c:\winisp xfer-WASHHRS\webroot\images\bg_RipGreen.gif --> ftp.winisp.net /WASHHRS/webroot/images bg_RipGreen.gif
2002.09.29 21:30 B c:\winisp xfer-WASHHRS\webroot\images\bg_RipGreen.jpg --> ftp.winisp.net /WASHHRS/webroot/images bg_RipGreen.jpg
2002.09.29 21:30 B c:\winisp xfer-WASHHRS\webroot\images\bn_houserabbit.gif --> ftp.winisp.net /WASHHRS/webroot/images bn_houserabbit.gif
2002.09.29 21:30 B c:\winisp xfer-WASHHRS\webroot\images\btn_AboutUs.gif --> ftp.winisp.net /WASHHRS/webroot/images btn_AboutUs.gif
2002.09.29 21:30 B c:\winisp xfer-WASHHRS\webroot\images\btn_Adoptions.gif --> ftp.winisp.net /WASHHRS/webroot/images btn_Adoptions.gif
2002.09.29 21:30 B c:\winisp xfer-WASHHRS\webroot\images\btn_carrot.gif --> ftp.winisp.net /WASHHRS/webroot/images btn_carrot.gif
2002.09.29 21:30 B c:\winisp xfer-WASHHRS\webroot\images\btn_carrot1.gif --> ftp.winisp.net /WASHHRS/webroot/images btn_carrot1.gif
2002.09.29 21:30 B c:\winisp xfer-WASHHRS\webroot\images\btn_FAQ.gif --> ftp.winisp.net /WASHHRS/webroot/images btn_FAQ.gif
2002.09.29 21:30 B c:\winisp xfer-WASHHRS\webroot\images\btn_Home.gif --> ftp.winisp.net /WASHHRS/webroot/images btn_Home.gif
2002.09.29 21:30 B c:\winisp xfer-WASHHRS\webroot\images\btn_HouseBun.gif --> ftp.winisp.net /WASHHRS/webroot/images btn_HouseBun.gif
2002.09.29 21:30 B c:\winisp xfer-WASHHRS\webroot\images\btn_kirkland.gif --> ftp.winisp.net /WASHHRS/webroot/images btn_kirkland.gif
2002.09.29 21:30 B c:\winisp xfer-WASHHRS\webroot\images\btn_Membership.gif --> ftp.winisp.net /WASHHRS/webroot/images btn_Membership.gif
2002.09.29 21:30 B c:\winisp xfer-WASHHRS\webroot\images\btn_News.gif --> ftp.winisp.net /WASHHRS/webroot/images btn_News.gif
2002.09.29 21:30 B c:\winisp xfer-WASHHRS\webroot\images\btn_rabbit.gif --> ftp.winisp.net /WASHHRS/webroot/images btn_rabbit.gif
2002.09.29 21:30 B c:\winisp xfer-WASHHRS\webroot\images\btn_RabbitLinks.gif --> ftp.winisp.net /WASHHRS/webroot/images btn_RabbitLinks.gif
2002.09.29 21:30 B c:\winisp xfer-WASHHRS\webroot\images\btn_RabbitVets.gif --> ftp.winisp.net /WASHHRS/webroot/images btn_RabbitVets.gif
2002.09.29 21:30 B c:\winisp xfer-WASHHRS\webroot\images\btn_Search.gif --> ftp.winisp.net /WASHHRS/webroot/images btn_Search.gif
2002.09.29 21:30 B c:\winisp xfer-WASHHRS\webroot\images\btn_Supplies.gif --> ftp.winisp.net /WASHHRS/webroot/images btn_Supplies.gif
2002.09.29 21:30 B c:\winisp xfer-WASHHRS\webroot\images\BunPicture.jpg --> ftp.winisp.net /WASHHRS/webroot/images BunPicture.jpg
2002.09.29 21:30 B c:\winisp xfer-WASHHRS\webroot\images\cinamon1.jpg --> ftp.winisp.net /WASHHRS/webroot/images cinamon1.jpg
2002.09.29 21:30 B c:\winisp xfer-WASHHRS\webroot\images\coslogo.gif --> ftp.winisp.net /WASHHRS/webroot/images coslogo.gif
2002.09.29 21:30 B c:\winisp xfer-WASHHRS\webroot\images\ffxbun.jpg --> ftp.winisp.net /WASHHRS/webroot/images ffxbun.jpg
2002.09.29 21:31 B c:\winisp xfer-WASHHRS\webroot\images\head-tilt.gif --> ftp.winisp.net /WASHHRS/webroot/images head-tilt.gif
2002.09.29 21:31 B c:\winisp xfer-WASHHRS\webroot\images\HRS_SEX_FEMALE.jpg --> ftp.winisp.net /WASHHRS/webroot/images HRS_SEX_FEMALE.jpg
2002.09.29 21:31 B c:\winisp xfer-WASHHRS\webroot\images\HRS_SEX_Male.jpg --> ftp.winisp.net /WASHHRS/webroot/images HRS_SEX_Male.jpg
2002.09.29 21:31 B c:\winisp xfer-WASHHRS\webroot\images\HRSAdopt.htm --> ftp.winisp.net /WASHHRS/webroot/images HRSAdopt.htm
2002.09.29 21:31 B c:\winisp xfer-WASHHRS\webroot\images\HRSLOGO.gif --> ftp.winisp.net /WASHHRS/webroot/images HRSLOGO.gif
2002.09.29 21:31 B c:\winisp xfer-WASHHRS\webroot\images\ie_animated.gif --> ftp.winisp.net /WASHHRS/webroot/images ie_animated.gif
2002.09.29 21:31 B c:\winisp xfer-WASHHRS\webroot\images\ieget_animated.gif --> ftp.winisp.net /WASHHRS/webroot/images ieget_animated.gif
2002.09.29 21:31 B c:\winisp xfer-WASHHRS\webroot\images\Likrish1.jpg --> ftp.winisp.net /WASHHRS/webroot/images Likrish1.jpg
2002.09.29 21:31 B c:\winisp xfer-WASHHRS\webroot\images\msbo_iis.gif --> ftp.winisp.net /WASHHRS/webroot/images msbo_iis.gif
2002.09.29 21:31 B c:\winisp xfer-WASHHRS\webroot\images\NEwspace.gif --> ftp.winisp.net /WASHHRS/webroot/images NEwspace.gif
2002.09.29 21:31 B c:\winisp xfer-WASHHRS\webroot\images\P102602Exam2.JPG --> ftp.winisp.net /WASHHRS/webroot/images P102602Exam2.JPG
2002.09.29 21:32 B c:\winisp xfer-WASHHRS\webroot\images\P102603n34.JPG --> ftp.winisp.net /WASHHRS/webroot/images P102603n34.JPG
2002.09.29 21:32 B c:\winisp xfer-WASHHRS\webroot\images\P102607.JPG --> ftp.winisp.net /WASHHRS/webroot/images P102607.JPG
2002.09.29 21:32 B c:\winisp xfer-WASHHRS\webroot\images\P102608.JPG --> ftp.winisp.net /WASHHRS/webroot/images P102608.JPG
2002.09.29 21:32 B c:\winisp xfer-WASHHRS\webroot\images\PBBOSM1DF.gif --> ftp.winisp.net /WASHHRS/webroot/images PBBOSM1DF.gif
2002.09.29 21:32 B c:\winisp xfer-WASHHRS\webroot\images\PhotoDraw11.gif --> ftp.winisp.net /WASHHRS/webroot/images PhotoDraw11.gif
2002.09.29 21:32 B c:\winisp xfer-WASHHRS\webroot\images\PhotoDraw12.gif --> ftp.winisp.net /WASHHRS/webroot/images PhotoDraw12.gif
2002.09.29 21:32 B c:\winisp xfer-WASHHRS\webroot\images\PhotoDraw13.gif --> ftp.winisp.net /WASHHRS/webroot/images PhotoDraw13.gif
2002.09.29 21:32 B c:\winisp xfer-WASHHRS\webroot\images\PhotoDraw14.jpg --> ftp.winisp.net /WASHHRS/webroot/images PhotoDraw14.jpg
2002.09.29 21:32 B c:\winisp xfer-WASHHRS\webroot\images\PhotoDraw15.gif --> ftp.winisp.net /WASHHRS/webroot/images PhotoDraw15.gif
2002.09.29 21:32 B c:\winisp xfer-WASHHRS\webroot\images\Pogo.JPG --> ftp.winisp.net /WASHHRS/webroot/images Pogo.JPG
2002.09.29 21:33 B c:\winisp xfer-WASHHRS\webroot\images\Pogo2.jpg --> ftp.winisp.net /WASHHRS/webroot/images Pogo2.jpg
2002.09.29 21:33 B c:\winisp xfer-WASHHRS\webroot\images\Pogo3.jpg --> ftp.winisp.net /WASHHRS/webroot/images Pogo3.jpg
2002.09.29 21:33 B c:\winisp xfer-WASHHRS\webroot\images\powerbo.jpg --> ftp.winisp.net /WASHHRS/webroot/images powerbo.jpg
2002.09.29 21:33 B c:\winisp xfer-WASHHRS\webroot\images\powrbybo.gif --> ftp.winisp.net /WASHHRS/webroot/images powrbybo.gif
2002.09.29 21:33 B c:\winisp xfer-WASHHRS\webroot\images\RabbitNews.GIF --> ftp.winisp.net /WASHHRS/webroot/images RabbitNews.GIF
2002.09.29 21:33 B c:\winisp xfer-WASHHRS\webroot\images\rh101sm.jpg --> ftp.winisp.net /WASHHRS/webroot/images rh101sm.jpg
2002.09.29 21:33 B c:\winisp xfer-WASHHRS\webroot\images\RSkull.GIF --> ftp.winisp.net /WASHHRS/webroot/images RSkull.GIF
2002.09.29 21:33 B c:\winisp xfer-WASHHRS\webroot\images\space.gif --> ftp.winisp.net /WASHHRS/webroot/images space.gif
2002.09.29 21:33 B c:\winisp xfer-WASHHRS\webroot\images\space2.gif --> ftp.winisp.net /WASHHRS/webroot/images space2.gif
2002.09.29 21:33 B c:\winisp xfer-WASHHRS\webroot\images\undercon.gif --> ftp.winisp.net /WASHHRS/webroot/images undercon.gif
2002.09.29 21:33 B c:\winisp xfer-WASHHRS\webroot\images\updateRed.jpg --> ftp.winisp.net /WASHHRS/webroot/images updateRed.jpg
2002.09.29 21:33 B c:\winisp xfer-WASHHRS\webroot\images\updateYellow.jpg --> ftp.winisp.net /WASHHRS/webroot/images updateYellow.jpg
