2002.09.26 22:52 B c:\winisp xfer-WASHHRS\webroot\Adopted\2B_BlackBrown.JPG <-- Brinkster Washhrs /washhrs/webroot/Adopted 2B_BlackBrown.JPG
2002.09.26 22:52 B c:\winisp xfer-WASHHRS\webroot\Adopted\2bbrown.jpg <-- Brinkster Washhrs /washhrs/webroot/Adopted 2bbrown.jpg
2002.09.26 22:52 B c:\winisp xfer-WASHHRS\webroot\Adopted\2bbrown1.jpg <-- Brinkster Washhrs /washhrs/webroot/Adopted 2bbrown1.jpg
2002.09.26 22:52 B c:\winisp xfer-WASHHRS\webroot\Adopted\2buns.jpg <-- Brinkster Washhrs /washhrs/webroot/Adopted 2buns.jpg
2002.09.26 22:53 B c:\winisp xfer-WASHHRS\webroot\Adopted\armond.jpg <-- Brinkster Washhrs /washhrs/webroot/Adopted armond.jpg
2002.09.26 22:56 B c:\winisp xfer-WASHHRS\webroot\Adopted\armond.jpg <-- Brinkster Washhrs /washhrs/webroot/Adopted armond.jpg
2002.09.26 22:57 B c:\winisp xfer-WASHHRS\webroot\Adopted\armond1.jpg <-- Brinkster Washhrs /washhrs/webroot/Adopted armond1.jpg
2002.09.26 22:57 B c:\winisp xfer-WASHHRS\webroot\Adopted\bella.jpg <-- Brinkster Washhrs /washhrs/webroot/Adopted bella.jpg
2002.09.26 22:58 B c:\winisp xfer-WASHHRS\webroot\Adopted\black1.jpg <-- Brinkster Washhrs /washhrs/webroot/Adopted black1.jpg
2002.09.26 22:58 B c:\winisp xfer-WASHHRS\webroot\Adopted\black2.jpg <-- Brinkster Washhrs /washhrs/webroot/Adopted black2.jpg
2002.09.26 22:58 B c:\winisp xfer-WASHHRS\webroot\Adopted\brown.jpg <-- Brinkster Washhrs /washhrs/webroot/Adopted brown.jpg
2002.09.26 22:59 B c:\winisp xfer-WASHHRS\webroot\Adopted\brown1.jpg <-- Brinkster Washhrs /washhrs/webroot/Adopted brown1.jpg
2002.09.26 22:59 B c:\winisp xfer-WASHHRS\webroot\Adopted\gunea.jpg <-- Brinkster Washhrs /washhrs/webroot/Adopted gunea.jpg
2002.09.26 22:59 B c:\winisp xfer-WASHHRS\webroot\Adopted\gunea1.jpg <-- Brinkster Washhrs /washhrs/webroot/Adopted gunea1.jpg
2002.09.26 23:00 B c:\winisp xfer-WASHHRS\webroot\Adopted\HRSBun001.jpg <-- Brinkster Washhrs /washhrs/webroot/Adopted HRSBun001.jpg
2002.09.26 23:00 B c:\winisp xfer-WASHHRS\webroot\Adopted\HRSBun002.jpg <-- Brinkster Washhrs /washhrs/webroot/Adopted HRSBun002.jpg
2002.09.26 23:00 B c:\winisp xfer-WASHHRS\webroot\Adopted\HRSBun003.jpg <-- Brinkster Washhrs /washhrs/webroot/Adopted HRSBun003.jpg
2002.09.26 23:00 B c:\winisp xfer-WASHHRS\webroot\Adopted\HRSBun004.jpg <-- Brinkster Washhrs /washhrs/webroot/Adopted HRSBun004.jpg
2002.09.26 23:00 B c:\winisp xfer-WASHHRS\webroot\Adopted\HRSBun005.jpg <-- Brinkster Washhrs /washhrs/webroot/Adopted HRSBun005.jpg
2002.09.26 23:00 B c:\winisp xfer-WASHHRS\webroot\Adopted\HRSBun006.jpg <-- Brinkster Washhrs /washhrs/webroot/Adopted HRSBun006.jpg
2002.09.26 23:00 B c:\winisp xfer-WASHHRS\webroot\Adopted\HRSBun007.jpg <-- Brinkster Washhrs /washhrs/webroot/Adopted HRSBun007.jpg
2002.09.26 23:00 B c:\winisp xfer-WASHHRS\webroot\Adopted\HRSBun008.jpg <-- Brinkster Washhrs /washhrs/webroot/Adopted HRSBun008.jpg
2002.09.26 23:00 B c:\winisp xfer-WASHHRS\webroot\Adopted\HRSBun009.jpg <-- Brinkster Washhrs /washhrs/webroot/Adopted HRSBun009.jpg
2002.09.26 23:01 B c:\winisp xfer-WASHHRS\webroot\Adopted\HRSBun010.jpg <-- Brinkster Washhrs /washhrs/webroot/Adopted HRSBun010.jpg
2002.09.26 23:01 B c:\winisp xfer-WASHHRS\webroot\Adopted\Lightning.jpg <-- Brinkster Washhrs /washhrs/webroot/Adopted Lightning.jpg
2002.09.26 23:02 B c:\winisp xfer-WASHHRS\webroot\Adopted\rat.jpg <-- Brinkster Washhrs /washhrs/webroot/Adopted rat.jpg
2002.09.26 23:02 B c:\winisp xfer-WASHHRS\webroot\Adopted\sara1.jpg <-- Brinkster Washhrs /washhrs/webroot/Adopted sara1.jpg
2002.09.26 23:03 B c:\winisp xfer-WASHHRS\webroot\Adopted\sara3.jpg <-- Brinkster Washhrs /washhrs/webroot/Adopted sara3.jpg
2002.09.29 20:19 B c:\winisp xfer-WASHHRS\webroot\Adopted\2B_BlackBrown.JPG --> ftp.winisp.net /WASHHRS/webroot/Adopted 2B_BlackBrown.JPG
2002.09.29 20:19 B c:\winisp xfer-WASHHRS\webroot\Adopted\2bbrown.jpg --> ftp.winisp.net /WASHHRS/webroot/Adopted 2bbrown.jpg
2002.09.29 20:19 B c:\winisp xfer-WASHHRS\webroot\Adopted\2bbrown1.jpg --> ftp.winisp.net /WASHHRS/webroot/Adopted 2bbrown1.jpg
2002.09.29 20:19 B c:\winisp xfer-WASHHRS\webroot\Adopted\2buns.jpg --> ftp.winisp.net /WASHHRS/webroot/Adopted 2buns.jpg
2002.09.29 20:20 B c:\winisp xfer-WASHHRS\webroot\Adopted\armond.jpg --> ftp.winisp.net /WASHHRS/webroot/Adopted armond.jpg
2002.09.29 20:20 B c:\winisp xfer-WASHHRS\webroot\Adopted\armond1.jpg --> ftp.winisp.net /WASHHRS/webroot/Adopted armond1.jpg
2002.09.29 20:20 B c:\winisp xfer-WASHHRS\webroot\Adopted\bella.jpg --> ftp.winisp.net /WASHHRS/webroot/Adopted bella.jpg
2002.09.29 20:21 B c:\winisp xfer-WASHHRS\webroot\Adopted\black1.jpg --> ftp.winisp.net /WASHHRS/webroot/Adopted black1.jpg
2002.09.29 20:21 B c:\winisp xfer-WASHHRS\webroot\Adopted\black2.jpg --> ftp.winisp.net /WASHHRS/webroot/Adopted black2.jpg
2002.09.29 20:21 B c:\winisp xfer-WASHHRS\webroot\Adopted\brown.jpg --> ftp.winisp.net /WASHHRS/webroot/Adopted brown.jpg
2002.09.29 20:21 B c:\winisp xfer-WASHHRS\webroot\Adopted\brown1.jpg --> ftp.winisp.net /WASHHRS/webroot/Adopted brown1.jpg
2002.09.29 20:22 B c:\winisp xfer-WASHHRS\webroot\Adopted\gunea.jpg --> ftp.winisp.net /WASHHRS/webroot/Adopted gunea.jpg
2002.09.29 20:22 B c:\winisp xfer-WASHHRS\webroot\Adopted\gunea1.jpg --> ftp.winisp.net /WASHHRS/webroot/Adopted gunea1.jpg
2002.09.29 20:22 B c:\winisp xfer-WASHHRS\webroot\Adopted\HRSBun001.jpg --> ftp.winisp.net /WASHHRS/webroot/Adopted HRSBun001.jpg
2002.09.29 20:22 B c:\winisp xfer-WASHHRS\webroot\Adopted\HRSBun002.jpg --> ftp.winisp.net /WASHHRS/webroot/Adopted HRSBun002.jpg
2002.09.29 20:22 B c:\winisp xfer-WASHHRS\webroot\Adopted\HRSBun003.jpg --> ftp.winisp.net /WASHHRS/webroot/Adopted HRSBun003.jpg
2002.09.29 20:22 B c:\winisp xfer-WASHHRS\webroot\Adopted\HRSBun004.jpg --> ftp.winisp.net /WASHHRS/webroot/Adopted HRSBun004.jpg
2002.09.29 20:22 B c:\winisp xfer-WASHHRS\webroot\Adopted\HRSBun005.jpg --> ftp.winisp.net /WASHHRS/webroot/Adopted HRSBun005.jpg
2002.09.29 20:22 B c:\winisp xfer-WASHHRS\webroot\Adopted\HRSBun006.jpg --> ftp.winisp.net /WASHHRS/webroot/Adopted HRSBun006.jpg
2002.09.29 20:23 B c:\winisp xfer-WASHHRS\webroot\Adopted\HRSBun007.jpg --> ftp.winisp.net /WASHHRS/webroot/Adopted HRSBun007.jpg
2002.09.29 20:23 B c:\winisp xfer-WASHHRS\webroot\Adopted\HRSBun008.jpg --> ftp.winisp.net /WASHHRS/webroot/Adopted HRSBun008.jpg
2002.09.29 20:23 B c:\winisp xfer-WASHHRS\webroot\Adopted\HRSBun009.jpg --> ftp.winisp.net /WASHHRS/webroot/Adopted HRSBun009.jpg
2002.09.29 20:23 B c:\winisp xfer-WASHHRS\webroot\Adopted\HRSBun010.jpg --> ftp.winisp.net /WASHHRS/webroot/Adopted HRSBun010.jpg
2002.09.29 20:23 B c:\winisp xfer-WASHHRS\webroot\Adopted\Lightning.jpg --> ftp.winisp.net /WASHHRS/webroot/Adopted Lightning.jpg
2002.09.29 20:23 B c:\winisp xfer-WASHHRS\webroot\Adopted\rat.jpg --> ftp.winisp.net /WASHHRS/webroot/Adopted rat.jpg
2002.09.29 20:24 B c:\winisp xfer-WASHHRS\webroot\Adopted\sara1.jpg --> ftp.winisp.net /WASHHRS/webroot/Adopted sara1.jpg
2002.09.29 20:24 B c:\winisp xfer-WASHHRS\webroot\Adopted\sara3.jpg --> ftp.winisp.net /WASHHRS/webroot/Adopted sara3.jpg
